ARM GAS  /var/folders/t2/7bcnkrz10_lcdd2nm4q03l7w0000gn/T//ccHbmgty.s 			page 1


   1              		.cpu cortex-m7
   2              		.arch armv7e-m
   3              		.fpu softvfp
   4              		.eabi_attribute 20, 1
   5              		.eabi_attribute 21, 1
   6              		.eabi_attribute 23, 3
   7              		.eabi_attribute 24, 1
   8              		.eabi_attribute 25, 1
   9              		.eabi_attribute 26, 1
  10              		.eabi_attribute 30, 2
  11              		.eabi_attribute 34, 1
  12              		.eabi_attribute 18, 4
  13              		.file	"hal.c"
  14              		.file 1 "./ChibiOS/os/hal/include/hal_st.h"
  15              		.file 2 "./board/board.h"
  16              		.file 3 "./ChibiOS/os/hal/include/hal_serial_usb.h"
  17              		.file 4 "./ChibiOS/os/hal/include/hal_usb.h"
  18              		.file 5 "./ChibiOS/os/hal/include/hal_uart.h"
  19              		.file 6 "./ChibiOS/os/hal/include/hal_pwm.h"
  20              		.file 7 "./ChibiOS/os/hal/ports/STM32/LLD/GPIOv2/hal_pal_lld.h"
  21              		.file 8 "./ChibiOS/os/hal/ports/STM32/STM32H7xx/hal_lld.h"
  22              		.file 9 "./ChibiOS/os/hal/src/hal.c"
  23              		.file 10 "./ChibiOS/os/hal/osal/rt-nil/osal.h"
  24              		.section	.gnu.debuglto_.debug_info,"e",%progbits
  25              	.Ldebug_info0:
  26              		.hidden	hal.c.e1d0bee0
  27              		.weak	hal.c.e1d0bee0
  28              	hal.c.e1d0bee0:
  29 0000 C4000000 		.4byte	0xc4
  30 0004 0500     		.2byte	0x5
  31 0006 01       		.byte	0x1
  32 0007 04       		.byte	0x4
  33 0008 00000000 		.4byte	.Ldebug_abbrev0
  34 000c 04       		.uleb128 0x4
  35 000d 82000000 		.4byte	.LASF20
  36 0011 1D       		.byte	0x1d
  37 0012 36000000 		.4byte	.LASF21
  38 0016 CF010000 		.4byte	.LASF22
  39 001a 00000000 		.4byte	.Ldebug_line0
  40 001e 05       		.uleb128 0x5
  41 001f 04       		.byte	0x4
  42 0020 05       		.byte	0x5
  43 0021 696E7400 		.ascii	"int\000"
  44 0025 01       		.uleb128 0x1
  45 0026 04       		.byte	0x4
  46 0027 07       		.byte	0x7
  47 0028 29000000 		.4byte	.LASF0
  48 002c 01       		.uleb128 0x1
  49 002d 08       		.byte	0x8
  50 002e 05       		.byte	0x5
  51 002f 00000000 		.4byte	.LASF1
  52 0033 01       		.uleb128 0x1
  53 0034 08       		.byte	0x8
  54 0035 04       		.byte	0x4
  55 0036 A4010000 		.4byte	.LASF2
  56 003a 01       		.uleb128 0x1
  57 003b 01       		.byte	0x1
ARM GAS  /var/folders/t2/7bcnkrz10_lcdd2nm4q03l7w0000gn/T//ccHbmgty.s 			page 2


  58 003c 06       		.byte	0x6
  59 003d 8F010000 		.4byte	.LASF3
  60 0041 01       		.uleb128 0x1
  61 0042 01       		.byte	0x1
  62 0043 08       		.byte	0x8
  63 0044 3D010000 		.4byte	.LASF4
  64 0048 01       		.uleb128 0x1
  65 0049 02       		.byte	0x2
  66 004a 05       		.byte	0x5
  67 004b 5F010000 		.4byte	.LASF5
  68 004f 01       		.uleb128 0x1
  69 0050 02       		.byte	0x2
  70 0051 07       		.byte	0x7
  71 0052 0E000000 		.4byte	.LASF6
  72 0056 01       		.uleb128 0x1
  73 0057 04       		.byte	0x4
  74 0058 05       		.byte	0x5
  75 0059 6F010000 		.4byte	.LASF7
  76 005d 01       		.uleb128 0x1
  77 005e 04       		.byte	0x4
  78 005f 07       		.byte	0x7
  79 0060 51000000 		.4byte	.LASF8
  80 0064 01       		.uleb128 0x1
  81 0065 08       		.byte	0x8
  82 0066 07       		.byte	0x7
  83 0067 6B000000 		.4byte	.LASF9
  84 006b 01       		.uleb128 0x1
  85 006c 01       		.byte	0x1
  86 006d 08       		.byte	0x8
  87 006e 4B010000 		.4byte	.LASF10
  88 0072 01       		.uleb128 0x1
  89 0073 01       		.byte	0x1
  90 0074 02       		.byte	0x2
  91 0075 69010000 		.4byte	.LASF11
  92 0079 03       		.uleb128 0x3
  93 007a 50010000 		.4byte	.LASF12
  94 007e 01       		.byte	0x1
  95 007f 46       		.byte	0x46
  96 0080 02       		.uleb128 0x2
  97 0081 85010000 		.4byte	.LASF13
  98 0085 02       		.byte	0x2
  99 0086 6006     		.2byte	0x660
 100 0088 03       		.uleb128 0x3
 101 0089 B0010000 		.4byte	.LASF14
 102 008d 03       		.byte	0x3
 103 008e B0       		.byte	0xb0
 104 008f 02       		.uleb128 0x2
 105 0090 21000000 		.4byte	.LASF15
 106 0094 04       		.byte	0x4
 107 0095 5D02     		.2byte	0x25d
 108 0097 02       		.uleb128 0x2
 109 0098 C6010000 		.4byte	.LASF16
 110 009c 05       		.byte	0x5
 111 009d 8901     		.2byte	0x189
 112 009f 02       		.uleb128 0x2
 113 00a0 57010000 		.4byte	.LASF17
 114 00a4 06       		.byte	0x6
ARM GAS  /var/folders/t2/7bcnkrz10_lcdd2nm4q03l7w0000gn/T//ccHbmgty.s 			page 3


 115 00a5 1F01     		.2byte	0x11f
 116 00a7 02       		.uleb128 0x2
 117 00a8 B8010000 		.4byte	.LASF18
 118 00ac 07       		.byte	0x7
 119 00ad F201     		.2byte	0x1f2
 120 00af 03       		.uleb128 0x3
 121 00b0 78010000 		.4byte	.LASF19
 122 00b4 08       		.byte	0x8
 123 00b5 B0       		.byte	0xb0
 124 00b6 06       		.uleb128 0x6
 125 00b7 63000000 		.4byte	.LASF23
 126 00bb 09       		.byte	0x9
 127 00bc 38       		.byte	0x38
 128 00bd 06       		.byte	0x6
 129 00be 07       		.uleb128 0x7
 130 00bf 9B010000 		.4byte	.LASF24
 131 00c3 0A       		.byte	0xa
 132 00c4 1302     		.2byte	0x213
 133 00c6 14       		.byte	0x14
 134 00c7 00       		.byte	0
 135              		.section	.gnu.debuglto_.debug_abbrev,"e",%progbits
 136              	.Ldebug_abbrev0:
 137 0000 01       		.uleb128 0x1
 138 0001 24       		.uleb128 0x24
 139 0002 00       		.byte	0
 140 0003 0B       		.uleb128 0xb
 141 0004 0B       		.uleb128 0xb
 142 0005 3E       		.uleb128 0x3e
 143 0006 0B       		.uleb128 0xb
 144 0007 03       		.uleb128 0x3
 145 0008 0E       		.uleb128 0xe
 146 0009 00       		.byte	0
 147 000a 00       		.byte	0
 148 000b 02       		.uleb128 0x2
 149 000c 2E       		.uleb128 0x2e
 150 000d 00       		.byte	0
 151 000e 3F       		.uleb128 0x3f
 152 000f 19       		.uleb128 0x19
 153 0010 03       		.uleb128 0x3
 154 0011 0E       		.uleb128 0xe
 155 0012 3A       		.uleb128 0x3a
 156 0013 0B       		.uleb128 0xb
 157 0014 3B       		.uleb128 0x3b
 158 0015 05       		.uleb128 0x5
 159 0016 39       		.uleb128 0x39
 160 0017 21       		.uleb128 0x21
 161 0018 08       		.sleb128 8
 162 0019 27       		.uleb128 0x27
 163 001a 19       		.uleb128 0x19
 164 001b 3C       		.uleb128 0x3c
 165 001c 19       		.uleb128 0x19
 166 001d 00       		.byte	0
 167 001e 00       		.byte	0
 168 001f 03       		.uleb128 0x3
 169 0020 2E       		.uleb128 0x2e
 170 0021 00       		.byte	0
 171 0022 3F       		.uleb128 0x3f
ARM GAS  /var/folders/t2/7bcnkrz10_lcdd2nm4q03l7w0000gn/T//ccHbmgty.s 			page 4


 172 0023 19       		.uleb128 0x19
 173 0024 03       		.uleb128 0x3
 174 0025 0E       		.uleb128 0xe
 175 0026 3A       		.uleb128 0x3a
 176 0027 0B       		.uleb128 0xb
 177 0028 3B       		.uleb128 0x3b
 178 0029 0B       		.uleb128 0xb
 179 002a 39       		.uleb128 0x39
 180 002b 21       		.uleb128 0x21
 181 002c 08       		.sleb128 8
 182 002d 27       		.uleb128 0x27
 183 002e 19       		.uleb128 0x19
 184 002f 3C       		.uleb128 0x3c
 185 0030 19       		.uleb128 0x19
 186 0031 00       		.byte	0
 187 0032 00       		.byte	0
 188 0033 04       		.uleb128 0x4
 189 0034 11       		.uleb128 0x11
 190 0035 01       		.byte	0x1
 191 0036 25       		.uleb128 0x25
 192 0037 0E       		.uleb128 0xe
 193 0038 13       		.uleb128 0x13
 194 0039 0B       		.uleb128 0xb
 195 003a 03       		.uleb128 0x3
 196 003b 0E       		.uleb128 0xe
 197 003c 1B       		.uleb128 0x1b
 198 003d 0E       		.uleb128 0xe
 199 003e 10       		.uleb128 0x10
 200 003f 17       		.uleb128 0x17
 201 0040 00       		.byte	0
 202 0041 00       		.byte	0
 203 0042 05       		.uleb128 0x5
 204 0043 24       		.uleb128 0x24
 205 0044 00       		.byte	0
 206 0045 0B       		.uleb128 0xb
 207 0046 0B       		.uleb128 0xb
 208 0047 3E       		.uleb128 0x3e
 209 0048 0B       		.uleb128 0xb
 210 0049 03       		.uleb128 0x3
 211 004a 08       		.uleb128 0x8
 212 004b 00       		.byte	0
 213 004c 00       		.byte	0
 214 004d 06       		.uleb128 0x6
 215 004e 2E       		.uleb128 0x2e
 216 004f 00       		.byte	0
 217 0050 3F       		.uleb128 0x3f
 218 0051 19       		.uleb128 0x19
 219 0052 03       		.uleb128 0x3
 220 0053 0E       		.uleb128 0xe
 221 0054 3A       		.uleb128 0x3a
 222 0055 0B       		.uleb128 0xb
 223 0056 3B       		.uleb128 0x3b
 224 0057 0B       		.uleb128 0xb
 225 0058 39       		.uleb128 0x39
 226 0059 0B       		.uleb128 0xb
 227 005a 27       		.uleb128 0x27
 228 005b 19       		.uleb128 0x19
ARM GAS  /var/folders/t2/7bcnkrz10_lcdd2nm4q03l7w0000gn/T//ccHbmgty.s 			page 5


 229 005c 00       		.byte	0
 230 005d 00       		.byte	0
 231 005e 07       		.uleb128 0x7
 232 005f 2E       		.uleb128 0x2e
 233 0060 00       		.byte	0
 234 0061 03       		.uleb128 0x3
 235 0062 0E       		.uleb128 0xe
 236 0063 3A       		.uleb128 0x3a
 237 0064 0B       		.uleb128 0xb
 238 0065 3B       		.uleb128 0x3b
 239 0066 05       		.uleb128 0x5
 240 0067 39       		.uleb128 0x39
 241 0068 0B       		.uleb128 0xb
 242 0069 27       		.uleb128 0x27
 243 006a 19       		.uleb128 0x19
 244 006b 00       		.byte	0
 245 006c 00       		.byte	0
 246 006d 00       		.byte	0
 247              		.section	.gnu.debuglto_.debug_line,"e",%progbits
 248              	.Ldebug_line0:
 249 0000 77000000 		.4byte	.LELT0-.LSLT0
 250              	.LSLT0:
 251 0004 0500     		.2byte	0x5
 252 0006 04       		.byte	0x4
 253 0007 00       		.byte	0
 254 0008 6F000000 		.4byte	.LELTP0-.LASLTP0
 255              	.LASLTP0:
 256 000c 01       		.byte	0x1
 257 000d 01       		.byte	0x1
 258 000e 01       		.byte	0x1
 259 000f F6       		.byte	0xf6
 260 0010 F2       		.byte	0xf2
 261 0011 0D       		.byte	0xd
 262 0012 00       		.byte	0
 263 0013 01       		.byte	0x1
 264 0014 01       		.byte	0x1
 265 0015 01       		.byte	0x1
 266 0016 01       		.byte	0x1
 267 0017 00       		.byte	0
 268 0018 00       		.byte	0
 269 0019 00       		.byte	0
 270 001a 01       		.byte	0x1
 271 001b 00       		.byte	0
 272 001c 00       		.byte	0
 273 001d 01       		.byte	0x1
 274 001e 01       		.byte	0x1
 275 001f 01       		.uleb128 0x1
 276 0020 1F       		.uleb128 0x1f
 277 0021 07       		.uleb128 0x7
 278 0022 76000000 		.4byte	.LASF25
 279 0026 27010000 		.4byte	.LASF26
 280 002a 52000000 		.4byte	.LASF27
 281 002e DE000000 		.4byte	.LASF28
 282 0032 0A000000 		.4byte	.LASF29
 283 0036 04010000 		.4byte	.LASF30
 284 003a 9D000000 		.4byte	.LASF31
 285 003e 02       		.byte	0x2
ARM GAS  /var/folders/t2/7bcnkrz10_lcdd2nm4q03l7w0000gn/T//ccHbmgty.s 			page 6


 286 003f 01       		.uleb128 0x1
 287 0040 1F       		.uleb128 0x1f
 288 0041 02       		.uleb128 0x2
 289 0042 0B       		.uleb128 0xb
 290 0043 0B       		.uleb128 0xb
 291 0044 B5000000 		.4byte	.LASF32
 292 0048 00       		.byte	0
 293 0049 6D000000 		.4byte	.LASF33
 294 004d 01       		.byte	0x1
 295 004e AD000000 		.4byte	.LASF34
 296 0052 06       		.byte	0x6
 297 0053 2F000000 		.4byte	.LASF35
 298 0057 01       		.byte	0x1
 299 0058 A3000000 		.4byte	.LASF36
 300 005c 01       		.byte	0x1
 301 005d 47000000 		.4byte	.LASF37
 302 0061 01       		.byte	0x1
 303 0062 00000000 		.4byte	.LASF38
 304 0066 01       		.byte	0x1
 305 0067 D0000000 		.4byte	.LASF39
 306 006b 03       		.byte	0x3
 307 006c 17010000 		.4byte	.LASF40
 308 0070 04       		.byte	0x4
 309 0071 21010000 		.4byte	.LASF41
 310 0075 05       		.byte	0x5
 311 0076 40000000 		.4byte	.LASF42
 312 007a 02       		.byte	0x2
 313              	.LELTP0:
 314              	.LELT0:
 315              		.section	.gnu.debuglto_.debug_str,"eMS",%progbits,1
 316              	.LASF1:
 317 0000 6C6F6E67 		.ascii	"long long int\000"
 317      206C6F6E 
 317      6720696E 
 317      7400
 318              	.LASF6:
 319 000e 73686F72 		.ascii	"short unsigned int\000"
 319      7420756E 
 319      7369676E 
 319      65642069 
 319      6E7400
 320              	.LASF15:
 321 0021 75736249 		.ascii	"usbInit\000"
 321      6E697400 
 322              	.LASF0:
 323 0029 756E7369 		.ascii	"unsigned int\000"
 323      676E6564 
 323      20696E74 
 323      00
 324              	.LASF21:
 325 0036 2E2F4368 		.ascii	"./ChibiOS/os/hal/src/hal.c\000"
 325      6962694F 
 325      532F6F73 
 325      2F68616C 
 325      2F737263 
 326              	.LASF8:
 327 0051 6C6F6E67 		.ascii	"long unsigned int\000"
ARM GAS  /var/folders/t2/7bcnkrz10_lcdd2nm4q03l7w0000gn/T//ccHbmgty.s 			page 7


 327      20756E73 
 327      69676E65 
 327      6420696E 
 327      7400
 328              	.LASF23:
 329 0063 68616C49 		.ascii	"halInit\000"
 329      6E697400 
 330              	.LASF9:
 331 006b 6C6F6E67 		.ascii	"long long unsigned int\000"
 331      206C6F6E 
 331      6720756E 
 331      7369676E 
 331      65642069 
 332              	.LASF20:
 333 0082 474E5520 		.ascii	"GNU C17 13.3.1 20240614 -mcpu=cortex-m7 -mthumb -mf"
 333      43313720 
 333      31332E33 
 333      2E312032 
 333      30323430 
 334 00b5 6C6F6174 		.ascii	"loat-abi=soft -march=armv7e-m -ggdb -O2 -fomit-fram"
 334      2D616269 
 334      3D736F66 
 334      74202D6D 
 334      61726368 
 335 00e8 652D706F 		.ascii	"e-pointer -falign-functions=16 -ffunction-sections "
 335      696E7465 
 335      72202D66 
 335      616C6967 
 335      6E2D6675 
 336 011b 2D666461 		.ascii	"-fdata-sections -fno-common -flto\000"
 336      74612D73 
 336      65637469 
 336      6F6E7320 
 336      2D666E6F 
 337              	.LASF4:
 338 013d 756E7369 		.ascii	"unsigned char\000"
 338      676E6564 
 338      20636861 
 338      7200
 339              	.LASF10:
 340 014b 63686172 		.ascii	"char\000"
 340      00
 341              	.LASF12:
 342 0150 7374496E 		.ascii	"stInit\000"
 342      697400
 343              	.LASF17:
 344 0157 70776D49 		.ascii	"pwmInit\000"
 344      6E697400 
 345              	.LASF5:
 346 015f 73686F72 		.ascii	"short int\000"
 346      7420696E 
 346      7400
 347              	.LASF11:
 348 0169 5F426F6F 		.ascii	"_Bool\000"
 348      6C00
 349              	.LASF7:
 350 016f 6C6F6E67 		.ascii	"long int\000"
ARM GAS  /var/folders/t2/7bcnkrz10_lcdd2nm4q03l7w0000gn/T//ccHbmgty.s 			page 8


 350      20696E74 
 350      00
 351              	.LASF19:
 352 0178 68616C5F 		.ascii	"hal_lld_init\000"
 352      6C6C645F 
 352      696E6974 
 352      00
 353              	.LASF13:
 354 0185 626F6172 		.ascii	"boardInit\000"
 354      64496E69 
 354      7400
 355              	.LASF3:
 356 018f 7369676E 		.ascii	"signed char\000"
 356      65642063 
 356      68617200 
 357              	.LASF24:
 358 019b 6F73616C 		.ascii	"osalInit\000"
 358      496E6974 
 358      00
 359              	.LASF2:
 360 01a4 6C6F6E67 		.ascii	"long double\000"
 360      20646F75 
 360      626C6500 
 361              	.LASF14:
 362 01b0 73647549 		.ascii	"sduInit\000"
 362      6E697400 
 363              	.LASF18:
 364 01b8 5F70616C 		.ascii	"_pal_lld_init\000"
 364      5F6C6C64 
 364      5F696E69 
 364      7400
 365              	.LASF16:
 366 01c6 75617274 		.ascii	"uartInit\000"
 366      496E6974 
 366      00
 367              	.LASF22:
 368 01cf 2F557365 		.ascii	"/Users/jeffreyyao/Desktop/FK723M1-ZGT6\000"
 368      72732F6A 
 368      65666672 
 368      65797961 
 368      6F2F4465 
 369              		.section	.gnu.debuglto_.debug_line_str,"eMS",%progbits,1
 370              	.LASF38:
 371 0000 68616C5F 		.ascii	"hal_pwm.h\000"
 371      70776D2E 
 371      6800
 372              	.LASF29:
 373 000a 43686962 		.ascii	"ChibiOS/os/hal/ports/STM32/STM32H7xx\000"
 373      694F532F 
 373      6F732F68 
 373      616C2F70 
 373      6F727473 
 374              	.LASF35:
 375 002f 68616C5F 		.ascii	"hal_serial_usb.h\000"
 375      73657269 
 375      616C5F75 
 375      73622E68 
ARM GAS  /var/folders/t2/7bcnkrz10_lcdd2nm4q03l7w0000gn/T//ccHbmgty.s 			page 9


 375      00
 376              	.LASF42:
 377 0040 6F73616C 		.ascii	"osal.h\000"
 377      2E6800
 378              	.LASF37:
 379 0047 68616C5F 		.ascii	"hal_uart.h\000"
 379      75617274 
 379      2E6800
 380              	.LASF27:
 381 0052 43686962 		.ascii	"ChibiOS/os/hal/osal/rt-nil\000"
 381      694F532F 
 381      6F732F68 
 381      616C2F6F 
 381      73616C2F 
 382              	.LASF33:
 383 006d 68616C5F 		.ascii	"hal_st.h\000"
 383      73742E68 
 383      00
 384              	.LASF25:
 385 0076 2F557365 		.ascii	"/Users/jeffreyyao/Desktop/FK723M1-ZGT6\000"
 385      72732F6A 
 385      65666672 
 385      65797961 
 385      6F2F4465 
 386              	.LASF31:
 387 009d 626F6172 		.ascii	"board\000"
 387      6400
 388              	.LASF36:
 389 00a3 68616C5F 		.ascii	"hal_usb.h\000"
 389      7573622E 
 389      6800
 390              	.LASF34:
 391 00ad 626F6172 		.ascii	"board.h\000"
 391      642E6800 
 392              	.LASF32:
 393 00b5 2E2F4368 		.ascii	"./ChibiOS/os/hal/src/hal.c\000"
 393      6962694F 
 393      532F6F73 
 393      2F68616C 
 393      2F737263 
 394              	.LASF39:
 395 00d0 68616C5F 		.ascii	"hal_pal_lld.h\000"
 395      70616C5F 
 395      6C6C642E 
 395      6800
 396              	.LASF28:
 397 00de 43686962 		.ascii	"ChibiOS/os/hal/ports/STM32/LLD/GPIOv2\000"
 397      694F532F 
 397      6F732F68 
 397      616C2F70 
 397      6F727473 
 398              	.LASF30:
 399 0104 43686962 		.ascii	"ChibiOS/os/hal/src\000"
 399      694F532F 
 399      6F732F68 
 399      616C2F73 
 399      726300
ARM GAS  /var/folders/t2/7bcnkrz10_lcdd2nm4q03l7w0000gn/T//ccHbmgty.s 			page 10


 400              	.LASF40:
 401 0117 68616C5F 		.ascii	"hal_lld.h\000"
 401      6C6C642E 
 401      6800
 402              	.LASF41:
 403 0121 68616C2E 		.ascii	"hal.c\000"
 403      6300
 404              	.LASF26:
 405 0127 43686962 		.ascii	"ChibiOS/os/hal/include\000"
 405      694F532F 
 405      6F732F68 
 405      616C2F69 
 405      6E636C75 
 406              		.text
 407              		.section	.gnu.lto_.profile.b73e0602b2769ce,"e",%progbits
 408 0000 789C6362 		.ascii	"x\234cb\000\001\000\000\022\000\003"
 408      00010000 
 408      120003
 409              		.text
 410              		.section	.gnu.lto_.icf.b73e0602b2769ce,"e",%progbits
 411 0000 789CE364 		.ascii	"x\234\343d@\000F\206\235K\257\036\346g`\000\000\021"
 411      40004686 
 411      9D4BAF1E 
 411      E6676000 
 411      0011
 412 0012 2A0310   		.ascii	"*\003\020"
 413              		.text
 414              		.section	.gnu.lto_.ipa_sra.b73e0602b2769ce,"e",%progbits
 415 0000 789C1365 		.ascii	"x\234\023e@\000F\020B\207\000\003E\000 "
 415      40004610 
 415      42870003 
 415      450020
 416              		.text
 417              		.section	.gnu.lto_.inline.b73e0602b2769ce,"e",%progbits
 418 0000 789C0B63 		.ascii	"x\234\013c@\000F\006\006\356\206\206\206\023L\231@\026"
 418      40004606 
 418      06EE8686 
 418      86134C99 
 418      4016
 419 0012 13034323 		.ascii	"\023\003C#\220S\307\300\300\006\244\032\230R\230@B@"
 419      9053C7C0 
 419      C006A41A 
 419      98529840 
 419      4240
 420 0024 455CA491 		.ascii	"E\\\244\221\014\000B\272\010`"
 420      0C0042BA 
 420      0860
 421              		.text
 422              		.section	.gnu.lto_.jmpfuncs.b73e0602b2769ce,"e",%progbits
 423 0000 789CE365 		.ascii	"x\234\343e@\000F$6\003\000\001k\000\017"
 423      40004624 
 423      36030001 
 423      6B000F
 424              		.text
 425              		.section	.gnu.lto_.pureconst.b73e0602b2769ce,"e",%progbits
 426 0000 789C6361 		.ascii	"x\234ca```d\230\301\002\000\001`\000\242"
 426      60606064 
ARM GAS  /var/folders/t2/7bcnkrz10_lcdd2nm4q03l7w0000gn/T//ccHbmgty.s 			page 11


 426      98C10200 
 426      016000A2 
 427              		.text
 428              		.section	.gnu.lto_.ipa_modref.b73e0602b2769ce,"e",%progbits
 429 0000 789CE361 		.ascii	"x\234\343a@\000F$6\000\001D\000\016"
 429      40004624 
 429      36000144 
 429      000E
 430              		.text
 431              		.section	.gnu.lto_.lto.b73e0602b2769ce,"e",%progbits
 432 0000 0D000100 		.ascii	"\015\000\001\000\001\000\000\000"
 432      01000000 
 433              		.text
 434              		.section	.gnu.lto_halInit.431.b73e0602b2769ce,"e",%progbits
 435 0000 789C9367 		.ascii	"x\234\223gd`pe``P\006bFf\006\306I\023\273\230\030\032"
 435      64607065 
 435      60605006 
 435      62466606 
 435      C64913BB 
 436 0017 1A1A1CD8 		.ascii	"\032\032\034\330\231\030\033'v\0112\356d\004\363\030"
 436      99181B27 
 436      760932EE 
 436      6404F318 
 437 0027 19EA9918 		.ascii	"\031\352\231\030\353\031\3270\353\003\271?\272\327~"
 437      EB19D730 
 437      EB03B93F 
 437      BAD77E
 438 0036 606D5871 		.ascii	"`mXq\200\361\015\003C=\003\024pC\330@\363\030\326_b"
 438      80F10D03 
 438      433D0314 
 438      7043D840 
 438      F318D65F 
 439 004b 7DD0F0E3 		.ascii	"}\320\360\343\377\374\206\206\256n\306\317\253\231\270"
 439      FFFC8686 
 439      AE6EC6CF 
 439      AB99B8
 440 005a 18185632 		.ascii	"\030\030V2\203Lm`adX\305\314\004a5\037`\370\317\324"
 440      834C6D60 
 440      616458C5 
 440      CC046135 
 440      1F60F8CF 
 441 006f F0E8AD34 		.ascii	"\360\350\2554\230\372\301\314\320\312\334\254\300\320"
 441      98FAC1CC 
 441      D0CADCAC 
 441      C0D0
 442 007d C5C8545B 		.ascii	"\305\310T[\315\300\300\304\014\026]\301\203\020-\207"
 442      CDC0C0C4 
 442      0C165DC1 
 442      83102D87 
 443 008d 8BEEE043 		.ascii	"\213\356\340C\210\226\302E\037\360#D\213\341\242o\220"
 443      8896C245 
 443      1FF02344 
 443      8BE1A26F 
 443      90
 444 009e 440BE1A2 		.ascii	"D\013\341\242KD\020\242\371p\321-\242\010\321\\\270"
 444      4B4410A2 
 444      F970D12D 
ARM GAS  /var/folders/t2/7bcnkrz10_lcdd2nm4q03l7w0000gn/T//ccHbmgty.s 			page 12


 444      A208D15C 
 444      B8
 445 00af E80724D1 		.ascii	"\350\007$\321l\260h;s\323\203\237S\031\301\336^\311"
 445      6CB0683B 
 445      73D3839F 
 445      5319C1DE 
 445      5EC9
 446 00c1 CC08F14E 		.ascii	"\314\010\361N\323\001 O]?\2648\265\250X?+5-\255(\265"
 446      D301204F 
 446      5D3FB438 
 446      B5A8583F 
 446      2B352DAD 
 447 00d7 B232315F 		.ascii	"\26221_\337%\2658\273$\277@\337\315\333\334\310\330"
 447      DF25B538 
 447      BB24BF40 
 447      DFCDDBDC 
 447      C8D8
 448 00e9 D75037CA 		.ascii	"\327P7\312=\304\214AZO\3379#3)\323?X?\277X?#1G\277\270"
 448      3DC48C41 
 448      5A4FDF39 
 448      233329D3 
 448      3F583FBF 
 449 0104 281944EB 		.ascii	"(\031D\353%3\000\000\237|r\230"
 449      25330000 
 449      9F7C7298 
 450              		.text
 451              		.section	.gnu.lto_.symbol_nodes.b73e0602b2769ce,"e",%progbits
 452 0000 789C75CF 		.ascii	"x\234u\317\313\015\0021\014\204\341q&\233\254h\202\236"
 452      CB0D0231 
 452      0C84E171 
 452      269BAC68 
 452      829E
 453 0012 A8813E1C 		.ascii	"\250\201>\034QA\212\340\316.O\211\"\250\202>\300\332"
 453      51418AE0 
 453      CE2E4F89 
 453      22A8823E 
 453      C0DA
 454 0024 F86A9F7E 		.ascii	"\370j\237~\315w\362A\000\244\013\025\315.K\377\000\012"
 454      CD77F241 
 454      00A40B15 
 454      CD2E4BFF 
 454      000A
 455 0036 BCFB2919 		.ascii	"\274\373)\031\310\213*?\277\375\206@\353m\263'5E\366"
 455      C88B2A3F 
 455      BFFD8640 
 455      EB6DB327 
 455      3545F6
 456 0049 A032B23B 		.ascii	"\2402\262;5Gv\243N\221]\251%\262\225Z#[\250s`\304<\336"
 456      354776A3 
 456      4E915DA9 
 456      25B2955A 
 456      235BA873 
 457 0061 3E1275D4 		.ascii	">\022u\324Y\2102\362k9\371Z\210\354\253%}\255D\362\325"
 457      598832F2 
 457      6B39F95A 
 457      88ECAB25 
 457      7DAD44F2 
ARM GAS  /var/folders/t2/7bcnkrz10_lcdd2nm4q03l7w0000gn/T//ccHbmgty.s 			page 13


 458 0076 527CDDE1 		.ascii	"R|\335\341\017\022Z\177y"
 458      0F125A7F 
 458      79
 459              		.text
 460              		.section	.gnu.lto_.refs.b73e0602b2769ce,"e",%progbits
 461 0000 789C6364 		.ascii	"x\234cd\000\002\000\000\012\000\002"
 461      00020000 
 461      0A0002
 462              		.text
 463              		.section	.gnu.lto_.decls.b73e0602b2769ce,"e",%progbits
 464 0000 789C8591 		.ascii	"x\234\205\221\177h[U\024\307\357IB\373\272\265[\212"
 464      7F685B55 
 464      14C7EF49 
 464      42FBBAB5 
 464      5B8A
 465 0012 0E8A1B18 		.ascii	"\016\212\033\030\234`\021\232\267t\330\374\343\037\342"
 465      9C60119A 
 465      B774D8FC 
 465      E31FE2
 466 0021 8A71B8B9 		.ascii	"\212q\270\271\301\266\177\374\247K\233W\222\331.!Ig"
 466      C1B67FFC 
 466      A74B9B57 
 466      92D92E21 
 466      4967
 467 0033 FBDF7949 		.ascii	"\373\337yI\214\3175e\211\316-\306\272e\251?\006\016"
 467      8CCF3565 
 467      89CE2DC6 
 467      BA65A93F 
 467      060E
 468 0045 37B48CEA 		.ascii	"7\264\214\352\332\346->c\210\265\004;\334P\234e\302"
 468      DAE62D3E 
 468      6388B504 
 468      3BDC509C 
 468      65C2
 469 0057 9C38A1B0 		.ascii	"\2348\241\260\375QE6\317\275\357!\302\260^\370\336{"
 469      FD514536 
 469      CFBDEF21 
 469      C2B05EF8 
 469      DE7B
 470 0069 DE3D9FF3 		.ascii	"\336=\237\363\275\367\276\363\254\235\261-6\306\002"
 470      BDF7BEF3 
 470      AC9DB12D 
 470      36C602
 471 0078 8CB1FB34 		.ascii	"\214\261\3734(dWI-$\235T!\031\244*\251F\252\223\026"
 471      28645749 
 471      2D249D54 
 471      2119A42A 
 471      A946AA93 
 472 008d 488BA406 		.ascii	"H\213\244\006I\005\306\326[\354\222\265W\266\362\013"
 472      4905C6D6 
 472      5BEC92B5 
 472      57B6F20B 
 473 009d 165FB3EA 		.ascii	"\026_\263\352\015\313\317a{\353\3307s\033\356\000\""
 473      0DCBCF61 
 473      7BEBD837 
 473      731BEE00 
 473      22
ARM GAS  /var/folders/t2/7bcnkrz10_lcdd2nm4q03l7w0000gn/T//ccHbmgty.s 			page 14


 474 00ae 6AA8AB86 		.ascii	"j\250\253\206\204\245\324\004\246\321P!\2173X\234\316"
 474      84A5D404 
 474      A6D15021 
 474      8F33589C 
 474      CE
 475 00bf 4CD80B25 		.ascii	"L\330\013%CS\011\350(%g\260p\341`\241\200\231\312\031"
 475      435309E8 
 475      282567B0 
 475      70E160A1 
 475      8099CA19 
 476 00d3 0D8B0009 		.ascii	"\015\213\000\011\332\326\325\246\002-Dd:p\222\"Lg\212"
 476      DAD6D5A6 
 476      022D4464 
 476      3A709222 
 476      4C678A
 477 00e6 C00BF868 		.ascii	"\300\013\370h\303i\304$\311UH]\320ULa\003\212Si\312"
 477      C369C424 
 477      C955485D 
 477      D0554C61 
 477      038A5369 
 478 00fb 1C2465D5 		.ascii	"\034$e\325\233\352km+\352-<\231\270\225u%\221\037\224"
 478      9BEA6B6D 
 478      2BEA2D3C 
 478      99B89575 
 478      25911F94 
 479 010f 46C81789 		.ascii	"F\310\027\211\320\323\330\221Oij&a`\2440\251ig\022)"
 479      D0D3D891 
 479      4F696A26 
 479      6160A430 
 479      A9696712 
 480 0124 CD894503 		.ascii	"\315\211E\003s%]\203l\302\030\317%z\263\357\351\230"
 480      73255D83 
 480      6CC218CF 
 480      257AB3EF 
 480      E998
 481 0136 451D9DB9 		.ascii	"E\035\235\271\204\241q\265g\351\276\271\"\276\016\271"
 481      84A171B5 
 481      67E9BEB9 
 481      22BE0EB9 
 482 0146 84C6EF27 		.ascii	"\204\306\357'\3450\245\322\006\266\257\360\373\226t"
 482      E530A5D2 
 482      06B6AFF0 
 482      FB9674
 483 0155 49E54409 		.ascii	"I\345D\011\021\262%\261A\256\011\035sX\323 W\241\200"
 483      11B225B1 
 483      41AE091D 
 483      7358D320 
 483      57A180
 484 0168 D2ED7406 		.ascii	"\322\355t\006\331\247x@\260\013\321@\365(\242\223\361"
 484      D9A77840 
 484      B00BD140 
 484      F528A293 
 484      F1
 485 0179 61BE4DB2 		.ascii	"a\276M\262V\227\303\366\305\374\257\227mw\371o\314\353"
 485      5697C3F6 
 485      C5FCAF97 
 485      6D77F96F 
ARM GAS  /var/folders/t2/7bcnkrz10_lcdd2nm4q03l7w0000gn/T//ccHbmgty.s 			page 15


 485      CCEB
 486 018b BC710CD8 		.ascii	"\274q\014\330\246\3543\014\360a\247\264\231I[\331S&"
 486      A6EC330C 
 486      F061A7B4 
 486      99495BD9 
 486      5326
 487 019d 5A7994CD 		.ascii	"Zy\224\315\202\260\360\2656=\004\266\246M\340t\330\256"
 487      82B0F0B5 
 487      363D04B6 
 487      A64DE074 
 487      D8AE
 488 01af 9DF8EE53 		.ascii	"\235\370\356S\330B\351\273\210\235\267Y\031\346\211"
 488      D842E9BB 
 488      889DB759 
 488      19E689
 489 01be D181DD11 		.ascii	"\321\201\335\021-\372\255\374\375\327\366\316|\036W"
 489      2DFAADFC 
 489      FDD7F6CE 
 489      7C1E57
 490 01cd CB13F793 		.ascii	"\313\023\367\223O\247g\021_E~\023\035.\301\234p\273"
 490      4FA76711 
 490      5F457E13 
 490      1D2EC19C 
 490      70BB
 491 01df 04EC73F8 		.ascii	"\004\354s\370\014|\027Az\007\250d\245z\374Fsg\036q\365"
 491      0C7C1741 
 491      7A07A864 
 491      A57AFC46 
 491      73671E71 
 492 01f4 EC89C974 		.ascii	"\354\211\311t\353)\254\330t\250Xp\205\317\2761\351K"
 492      EB29ACD8 
 492      74A85870 
 492      85CFBE31 
 492      E94B
 493 0206 4EFEF0F3 		.ascii	"N\376\360\363\370\037\35399\363\327d\366\0270I\303\""
 493      F81FEB39 
 493      39F3D764 
 493      F6173049 
 493      C322
 494 0218 0D412248 		.ascii	"\015A\"H\313\034\375q|\356\343u\002]>\325\030\337\250"
 494      CB1CFD71 
 494      7CEEE375 
 494      025D3ED5 
 494      18DFA8
 495 022b EFD5A16A 		.ascii	"\357\325\241j\201U\001j \275i#p\352\335{?\331\005x\373"
 495      8155016A 
 495      20BD6923 
 495      70EADD7B 
 495      3FD90578 
 496 0240 FD3F074D 		.ascii	"\375?\007M\313\232E\326\004y\014\2442'\257\335\274\372"
 496      CB9A45D6 
 496      04790CA4 
 496      3227AFDD 
 496      BCFA
 497 0252 81492E9F 		.ascii	"\201I.\237\373\244 ,\353\026X\027\340I\220~\347\340"
 497      FBA4202C 
 497      EB165817 
ARM GAS  /var/folders/t2/7bcnkrz10_lcdd2nm4q03l7w0000gn/T//ccHbmgty.s 			page 16


 497      E049907E 
 497      E7E0
 498 0264 F1EAD929 		.ascii	"\361\352\331)\020\340\364\371{o\010p\301\002\027\004"
 498      10E0F4F9 
 498      7B6F0870 
 498      C1021704 
 499 0274 781AA4B7 		.ascii	"x\032\244\267\355\004~t\364\372\252\371\236\331\213"
 499      ED047E74 
 499      F4FAAAF9 
 499      9ED98B
 500 0283 574E0B70 		.ascii	"WN\013p\321\002\027\005\370!H\3279h$\353\365\015\346"
 500      D1021705 
 500      F82148D7 
 500      396824EB 
 500      F50DE6
 501 0296 25E7ADD7 		.ascii	"%\347\255\3274,\260!\300\363@\015rP\203\250\2757\226"
 501      342CB021 
 501      C0F3400D 
 501      725083A8 
 501      BD3796
 502 02a9 BE2A38DA 		.ascii	"\276*8\332u\372\237\250\247ZtX\202o\211\271\3029\273"
 502      75FA9FA8 
 502      A75A7458 
 502      826F89B9 
 502      C239BB
 503 02bc A787B5F8 		.ascii	"\247\207\265\370\243\303G\274J\3270[7\020\216\306\225"
 503      A3C347BC 
 503      4AD7305B 
 503      37108EC6 
 503      95
 504 02cd D1AE612F 		.ascii	"\321\256a/k\016\372\207v\036\016\305\037q\313;\202\241"
 504      6B0EFA87 
 504      761E0EC5 
 504      1F71CB3B 
 504      82A1
 505 02df FED09E7D 		.ascii	"\376\320\236}r8&\323\246\034\213\016\360\325= \371^"
 505      723826D3 
 505      A61C8B0E 
 505      F0D53D20 
 505      F95E
 506 02f1 3CE0DAE1 		.ascii	"<\340\332\341\361\262\215\342\323\255x\002\333\372\025"
 506      F1B28DE2 
 506      D3AD7802 
 506      DBFA15
 507 0300 651B7B42 		.ascii	"e\033{B>\020S\2421\371\22028\030U\306\306\374a\271W"
 507      3E1053A2 
 507      31F99032 
 507      381855C6 
 507      C6FC61B9 
 508 0315 89BD1C0F 		.ascii	"\211\275\034\017G\344\347^\360vo\337\355\351z\311\267"
 508      47E4E75E 
 508      F0766FDF 
 508      EDE97AC9 
 508      B7
 509 0326 BF876DFE 		.ascii	"\277\207m\376oo\326\024\213\363\343\037{\000\011\035"
 509      6F6FD614 
 509      8BF3E31F 
ARM GAS  /var/folders/t2/7bcnkrz10_lcdd2nm4q03l7w0000gn/T//ccHbmgty.s 			page 17


 509      7B00091D 
 510 0336 1E181A09 		.ascii	"\036\030\032\011(<\356\213\305\335A\326\322\037\366"
 510      283CEE8B 
 510      C5DD41D6 
 510      D21FF6
 511 0345 47031C76 		.ascii	"G\003\034v\272e\021\2333\245\232c\201\021\236xrm\027"
 511      BA65119B 
 511      33A59A63 
 511      81119E78 
 511      726D17
 512 0358 251AA265 		.ascii	"%\032\242e$\326\317Kh\341%[\327,1Yi\304\037\025\267"
 512      24D6CF4B 
 512      68E1255B 
 512      D72C3159 
 512      69C41F15 
 513 036d 7C7C6D98 		.ascii	"||m\230(\356\034ye\370\377\235\011\"\266\255/B\361\320"
 513      28EE1C79 
 513      65F8FF9D 
 513      0922B6AD 
 513      2F42F1D0 
 514 0381 50A02F44 		.ascii	"P\240/D\025=\017TD\250O1y\337\376\335\333\273\345]\273"
 514      153D0F54 
 514      44A84F31 
 514      79DFFEDD 
 514      DBBBE55D 
 515 0396 7A65DFDE 		.ascii	"ze\337\336\235{\216t\233\006f!\231\264\006\377\345\341"
 515      9D7B8E74 
 515      9B066621 
 515      99B406FF 
 515      E5E1
 516 03a8 59D343CC 		.ascii	"Y\323C\314\317{GG\345\340?\345\177\003l\177\026\373"
 516      CF7B4747 
 516      E5E03FE5 
 516      7F036C7F 
 516      16FB
 517              		.text
 518              		.section	.gnu.lto_.symtab.b73e0602b2769ce,"e",%progbits
 519 0000 68616C49 		.ascii	"halInit\000"
 519      6E697400 
 520 0008 00       		.ascii	"\000"
 521 0009 00       		.ascii	"\000"
 522 000a 00       		.ascii	"\000"
 523 000b 00000000 		.ascii	"\000\000\000\000\000\000\000\000"
 523      00000000 
 524 0013 C0000000 		.ascii	"\300\000\000\000"
 525 0017 7374496E 		.ascii	"stInit\000"
 525      697400
 526 001e 00       		.ascii	"\000"
 527 001f 02       		.ascii	"\002"
 528 0020 00       		.ascii	"\000"
 529 0021 00000000 		.ascii	"\000\000\000\000\000\000\000\000"
 529      00000000 
 530 0029 C2000000 		.ascii	"\302\000\000\000"
 531 002d 626F6172 		.ascii	"boardInit\000"
 531      64496E69 
 531      7400
 532 0037 00       		.ascii	"\000"
ARM GAS  /var/folders/t2/7bcnkrz10_lcdd2nm4q03l7w0000gn/T//ccHbmgty.s 			page 18


 533 0038 02       		.ascii	"\002"
 534 0039 00       		.ascii	"\000"
 535 003a 00000000 		.ascii	"\000\000\000\000\000\000\000\000"
 535      00000000 
 536 0042 C4000000 		.ascii	"\304\000\000\000"
 537 0046 73647549 		.ascii	"sduInit\000"
 537      6E697400 
 538 004e 00       		.ascii	"\000"
 539 004f 02       		.ascii	"\002"
 540 0050 00       		.ascii	"\000"
 541 0051 00000000 		.ascii	"\000\000\000\000\000\000\000\000"
 541      00000000 
 542 0059 C6000000 		.ascii	"\306\000\000\000"
 543 005d 75736249 		.ascii	"usbInit\000"
 543      6E697400 
 544 0065 00       		.ascii	"\000"
 545 0066 02       		.ascii	"\002"
 546 0067 00       		.ascii	"\000"
 547 0068 00000000 		.ascii	"\000\000\000\000\000\000\000\000"
 547      00000000 
 548 0070 C8000000 		.ascii	"\310\000\000\000"
 549 0074 75617274 		.ascii	"uartInit\000"
 549      496E6974 
 549      00
 550 007d 00       		.ascii	"\000"
 551 007e 02       		.ascii	"\002"
 552 007f 00       		.ascii	"\000"
 553 0080 00000000 		.ascii	"\000\000\000\000\000\000\000\000"
 553      00000000 
 554 0088 CA000000 		.ascii	"\312\000\000\000"
 555 008c 70776D49 		.ascii	"pwmInit\000"
 555      6E697400 
 556 0094 00       		.ascii	"\000"
 557 0095 02       		.ascii	"\002"
 558 0096 00       		.ascii	"\000"
 559 0097 00000000 		.ascii	"\000\000\000\000\000\000\000\000"
 559      00000000 
 560 009f CC000000 		.ascii	"\314\000\000\000"
 561 00a3 5F70616C 		.ascii	"_pal_lld_init\000"
 561      5F6C6C64 
 561      5F696E69 
 561      7400
 562 00b1 00       		.ascii	"\000"
 563 00b2 02       		.ascii	"\002"
 564 00b3 00       		.ascii	"\000"
 565 00b4 00000000 		.ascii	"\000\000\000\000\000\000\000\000"
 565      00000000 
 566 00bc CE000000 		.ascii	"\316\000\000\000"
 567 00c0 68616C5F 		.ascii	"hal_lld_init\000"
 567      6C6C645F 
 567      696E6974 
 567      00
 568 00cd 00       		.ascii	"\000"
 569 00ce 02       		.ascii	"\002"
 570 00cf 00       		.ascii	"\000"
 571 00d0 00000000 		.ascii	"\000\000\000\000\000\000\000\000"
 571      00000000 
ARM GAS  /var/folders/t2/7bcnkrz10_lcdd2nm4q03l7w0000gn/T//ccHbmgty.s 			page 19


 572 00d8 D0000000 		.ascii	"\320\000\000\000"
 573              		.text
 574              		.section	.gnu.lto_.ext_symtab.b73e0602b2769ce,"e",%progbits
 575 0000 01       		.ascii	"\001"
 576 0001 01       		.ascii	"\001"
 577 0002 00       		.ascii	"\000"
 578 0003 01       		.ascii	"\001"
 579 0004 00       		.ascii	"\000"
 580 0005 01       		.ascii	"\001"
 581 0006 00       		.ascii	"\000"
 582 0007 01       		.ascii	"\001"
 583 0008 00       		.ascii	"\000"
 584 0009 01       		.ascii	"\001"
 585 000a 00       		.ascii	"\000"
 586 000b 01       		.ascii	"\001"
 587 000c 00       		.ascii	"\000"
 588 000d 01       		.ascii	"\001"
 589 000e 00       		.ascii	"\000"
 590 000f 01       		.ascii	"\001"
 591 0010 00       		.ascii	"\000"
 592 0011 01       		.ascii	"\001"
 593 0012 00       		.ascii	"\000"
 594              		.text
 595              		.section	.gnu.lto_.opts,"e",%progbits
 596 0000 272D666E 		.ascii	"'-fno-openmp' '-fno-openacc' '-fno-pie' '-fcf-prote"
 596      6F2D6F70 
 596      656E6D70 
 596      2720272D 
 596      666E6F2D 
 597 0033 6374696F 		.ascii	"ction=none' '-g' '-mcpu=cortex-m7' '-mthumb' '-mflo"
 597      6E3D6E6F 
 597      6E652720 
 597      272D6727 
 597      20272D6D 
 598 0066 61742D61 		.ascii	"at-abi=soft' '-mlibarch=armv7e-m' '-march=armv7e-m'"
 598      62693D73 
 598      6F667427 
 598      20272D6D 
 598      6C696261 
 599 0099 20272D4F 		.ascii	" '-O2' '-fomit-frame-pointer' '-falign-functions=16"
 599      32272027 
 599      2D666F6D 
 599      69742D66 
 599      72616D65 
 600 00cc 2720272D 		.ascii	"' '-ffunction-sections' '-fdata-sections' '-fno-com"
 600      6666756E 
 600      6374696F 
 600      6E2D7365 
 600      6374696F 
 601 00ff 6D6F6E27 		.ascii	"mon' '-flto' '-Xassembler' '-alms=./build/lst/hal.l"
 601      20272D66 
 601      6C746F27 
 601      20272D58 
 601      61737365 
 602 0132 73742700 		.ascii	"st'\000"
 603              		.text
 604              		.comm	__gnu_lto_slim,1,1
ARM GAS  /var/folders/t2/7bcnkrz10_lcdd2nm4q03l7w0000gn/T//ccHbmgty.s 			page 20


 605              		.ident	"GCC: (Arm GNU Toolchain 13.3.Rel1 (Build arm-13.24)) 13.3.1 20240614"
ARM GAS  /var/folders/t2/7bcnkrz10_lcdd2nm4q03l7w0000gn/T//ccHbmgty.s 			page 21


DEFINED SYMBOLS
                            *ABS*:00000000 hal.c
/var/folders/t2/7bcnkrz10_lcdd2nm4q03l7w0000gn/T//ccHbmgty.s:28     .gnu.debuglto_.debug_info:00000000 hal.c.e1d0bee0
                            *COM*:00000001 __gnu_lto_slim

NO UNDEFINED SYMBOLS
