ARM GAS  /var/folders/t2/7bcnkrz10_lcdd2nm4q03l7w0000gn/T//ccNttN17.s 			page 1


   1              		.cpu cortex-m7
   2              		.arch armv7e-m
   3              		.fpu softvfp
   4              		.eabi_attribute 20, 1
   5              		.eabi_attribute 21, 1
   6              		.eabi_attribute 23, 3
   7              		.eabi_attribute 24, 1
   8              		.eabi_attribute 25, 1
   9              		.eabi_attribute 26, 1
  10              		.eabi_attribute 30, 2
  11              		.eabi_attribute 34, 1
  12              		.eabi_attribute 18, 4
  13              		.file	"memstreams.c"
  14              		.file 1 "/Applications/ArmGNUToolchain/13.3.rel1/arm-none-eabi/lib/gcc/arm-none-eabi/13.3.1/includ
  15              		.file 2 "/Applications/ArmGNUToolchain/13.3.rel1/arm-none-eabi/arm-none-eabi/include/machine/_defa
  16              		.file 3 "/Applications/ArmGNUToolchain/13.3.rel1/arm-none-eabi/arm-none-eabi/include/sys/_stdint.h
  17              		.file 4 "./ChibiOS/os/rt/include/chearly.h"
  18              		.file 5 "./ChibiOS/os/hal/lib/streams/memstreams.h"
  19              		.file 6 "./ChibiOS/os/hal/lib/streams/memstreams.c"
  20              		.file 7 "/Applications/ArmGNUToolchain/13.3.rel1/arm-none-eabi/arm-none-eabi/include/string.h"
  21              		.section	.gnu.debuglto_.debug_info,"e",%progbits
  22              	.Ldebug_info0:
  23              		.hidden	memstreams.c.086ba52d
  24              		.weak	memstreams.c.086ba52d
  25              	memstreams.c.086ba52d:
  26 0000 49030000 		.4byte	0x349
  27 0004 0500     		.2byte	0x5
  28 0006 01       		.byte	0x1
  29 0007 04       		.byte	0x4
  30 0008 00000000 		.4byte	.Ldebug_abbrev0
  31 000c 0D       		.uleb128 0xd
  32 000d 54000000 		.4byte	.LASF30
  33 0011 1D       		.byte	0x1d
  34 0012 5B010000 		.4byte	.LASF31
  35 0016 20000000 		.4byte	.LASF32
  36 001a 00000000 		.4byte	.Ldebug_line0
  37 001e 0E       		.uleb128 0xe
  38 001f 04       		.byte	0x4
  39 0020 05       		.byte	0x5
  40 0021 696E7400 		.ascii	"int\000"
  41 0025 05       		.uleb128 0x5
  42 0026 0A000000 		.4byte	.LASF4
  43 002a 01       		.byte	0x1
  44 002b D6       		.byte	0xd6
  45 002c 17       		.byte	0x17
  46 002d 31000000 		.4byte	0x31
  47 0031 02       		.uleb128 0x2
  48 0032 04       		.byte	0x4
  49 0033 07       		.byte	0x7
  50 0034 47000000 		.4byte	.LASF0
  51 0038 02       		.uleb128 0x2
  52 0039 08       		.byte	0x8
  53 003a 05       		.byte	0x5
  54 003b EE010000 		.4byte	.LASF1
  55 003f 02       		.uleb128 0x2
  56 0040 08       		.byte	0x8
  57 0041 04       		.byte	0x4
ARM GAS  /var/folders/t2/7bcnkrz10_lcdd2nm4q03l7w0000gn/T//ccNttN17.s 			page 2


  58 0042 1C010000 		.4byte	.LASF2
  59 0046 02       		.uleb128 0x2
  60 0047 01       		.byte	0x1
  61 0048 06       		.byte	0x6
  62 0049 28010000 		.4byte	.LASF3
  63 004d 05       		.uleb128 0x5
  64 004e 00000000 		.4byte	.LASF5
  65 0052 02       		.byte	0x2
  66 0053 2B       		.byte	0x2b
  67 0054 18       		.byte	0x18
  68 0055 59000000 		.4byte	0x59
  69 0059 02       		.uleb128 0x2
  70 005a 01       		.byte	0x1
  71 005b 08       		.byte	0x8
  72 005c 34010000 		.4byte	.LASF6
  73 0060 02       		.uleb128 0x2
  74 0061 02       		.byte	0x2
  75 0062 05       		.byte	0x5
  76 0063 11020000 		.4byte	.LASF7
  77 0067 02       		.uleb128 0x2
  78 0068 02       		.byte	0x2
  79 0069 07       		.byte	0x7
  80 006a 42010000 		.4byte	.LASF8
  81 006e 05       		.uleb128 0x5
  82 006f 16000000 		.4byte	.LASF9
  83 0073 02       		.byte	0x2
  84 0074 4D       		.byte	0x4d
  85 0075 18       		.byte	0x18
  86 0076 7A000000 		.4byte	0x7a
  87 007a 02       		.uleb128 0x2
  88 007b 04       		.byte	0x4
  89 007c 05       		.byte	0x5
  90 007d 22020000 		.4byte	.LASF10
  91 0081 02       		.uleb128 0x2
  92 0082 04       		.byte	0x4
  93 0083 07       		.byte	0x7
  94 0084 AC010000 		.4byte	.LASF11
  95 0088 02       		.uleb128 0x2
  96 0089 08       		.byte	0x8
  97 008a 07       		.byte	0x7
  98 008b 43020000 		.4byte	.LASF12
  99 008f 0F       		.uleb128 0xf
 100 0090 04       		.byte	0x4
 101 0091 02       		.uleb128 0x2
 102 0092 01       		.byte	0x1
 103 0093 08       		.byte	0x8
 104 0094 C4010000 		.4byte	.LASF13
 105 0098 05       		.uleb128 0x5
 106 0099 C9010000 		.4byte	.LASF14
 107 009d 03       		.byte	0x3
 108 009e 18       		.byte	0x18
 109 009f 13       		.byte	0x13
 110 00a0 4D000000 		.4byte	0x4d
 111 00a4 0B       		.uleb128 0xb
 112 00a5 98000000 		.4byte	0x98
 113 00a9 05       		.uleb128 0x5
 114 00aa DE010000 		.4byte	.LASF15
ARM GAS  /var/folders/t2/7bcnkrz10_lcdd2nm4q03l7w0000gn/T//ccNttN17.s 			page 3


 115 00ae 03       		.byte	0x3
 116 00af 2C       		.byte	0x2c
 117 00b0 13       		.byte	0x13
 118 00b1 6E000000 		.4byte	0x6e
 119 00b5 05       		.uleb128 0x5
 120 00b6 D1010000 		.4byte	.LASF16
 121 00ba 04       		.byte	0x4
 122 00bb 58       		.byte	0x58
 123 00bc 19       		.byte	0x19
 124 00bd A9000000 		.4byte	0xa9
 125 00c1 02       		.uleb128 0x2
 126 00c2 01       		.byte	0x1
 127 00c3 02       		.byte	0x2
 128 00c4 3D020000 		.4byte	.LASF17
 129 00c8 04       		.uleb128 0x4
 130 00c9 98000000 		.4byte	0x98
 131 00cd 08       		.uleb128 0x8
 132 00ce 25000000 		.4byte	0x25
 133 00d2 E6000000 		.4byte	0xe6
 134 00d6 03       		.uleb128 0x3
 135 00d7 8F000000 		.4byte	0x8f
 136 00db 03       		.uleb128 0x3
 137 00dc E6000000 		.4byte	0xe6
 138 00e0 03       		.uleb128 0x3
 139 00e1 25000000 		.4byte	0x25
 140 00e5 00       		.byte	0
 141 00e6 04       		.uleb128 0x4
 142 00e7 A4000000 		.4byte	0xa4
 143 00eb 04       		.uleb128 0x4
 144 00ec CD000000 		.4byte	0xcd
 145 00f0 08       		.uleb128 0x8
 146 00f1 25000000 		.4byte	0x25
 147 00f5 09010000 		.4byte	0x109
 148 00f9 03       		.uleb128 0x3
 149 00fa 8F000000 		.4byte	0x8f
 150 00fe 03       		.uleb128 0x3
 151 00ff C8000000 		.4byte	0xc8
 152 0103 03       		.uleb128 0x3
 153 0104 25000000 		.4byte	0x25
 154 0108 00       		.byte	0
 155 0109 04       		.uleb128 0x4
 156 010a F0000000 		.4byte	0xf0
 157 010e 08       		.uleb128 0x8
 158 010f B5000000 		.4byte	0xb5
 159 0113 22010000 		.4byte	0x122
 160 0117 03       		.uleb128 0x3
 161 0118 8F000000 		.4byte	0x8f
 162 011c 03       		.uleb128 0x3
 163 011d 98000000 		.4byte	0x98
 164 0121 00       		.byte	0
 165 0122 04       		.uleb128 0x4
 166 0123 0E010000 		.4byte	0x10e
 167 0127 08       		.uleb128 0x8
 168 0128 B5000000 		.4byte	0xb5
 169 012c 36010000 		.4byte	0x136
 170 0130 03       		.uleb128 0x3
 171 0131 8F000000 		.4byte	0x8f
ARM GAS  /var/folders/t2/7bcnkrz10_lcdd2nm4q03l7w0000gn/T//ccNttN17.s 			page 4


 172 0135 00       		.byte	0
 173 0136 04       		.uleb128 0x4
 174 0137 27010000 		.4byte	0x127
 175 013b 10       		.uleb128 0x10
 176 013c 0F010000 		.4byte	.LASF33
 177 0140 18       		.byte	0x18
 178 0141 05       		.byte	0x5
 179 0142 3D       		.byte	0x3d
 180 0143 08       		.byte	0x8
 181 0144 8D010000 		.4byte	0x18d
 182 0148 06       		.uleb128 0x6
 183 0149 92010000 		.4byte	.LASF18
 184 014d 3E       		.byte	0x3e
 185 014e 25000000 		.4byte	0x25
 186 0152 00       		.byte	0
 187 0153 06       		.uleb128 0x6
 188 0154 55010000 		.4byte	.LASF19
 189 0158 3E       		.byte	0x3e
 190 0159 EB000000 		.4byte	0xeb
 191 015d 04       		.byte	0x4
 192 015e 06       		.uleb128 0x6
 193 015f A7010000 		.4byte	.LASF20
 194 0163 3E       		.byte	0x3e
 195 0164 09010000 		.4byte	0x109
 196 0168 08       		.byte	0x8
 197 0169 09       		.uleb128 0x9
 198 016a 70757400 		.ascii	"put\000"
 199 016e 3E       		.byte	0x3e
 200 016f 03       		.byte	0x3
 201 0170 22010000 		.4byte	0x122
 202 0174 0C       		.byte	0xc
 203 0175 09       		.uleb128 0x9
 204 0176 67657400 		.ascii	"get\000"
 205 017a 3E       		.byte	0x3e
 206 017b 03       		.byte	0x3
 207 017c 36010000 		.4byte	0x136
 208 0180 10       		.byte	0x10
 209 0181 06       		.uleb128 0x6
 210 0182 BE010000 		.4byte	.LASF21
 211 0186 3E       		.byte	0x3e
 212 0187 22010000 		.4byte	0x122
 213 018b 14       		.byte	0x14
 214 018c 00       		.byte	0
 215 018d 0B       		.uleb128 0xb
 216 018e 3B010000 		.4byte	0x13b
 217 0192 11       		.uleb128 0x11
 218 0193 14       		.byte	0x14
 219 0194 05       		.byte	0x5
 220 0195 46       		.byte	0x46
 221 0196 09       		.byte	0x9
 222 0197 D5010000 		.4byte	0x1d5
 223 019b 09       		.uleb128 0x9
 224 019c 766D7400 		.ascii	"vmt\000"
 225 01a0 48       		.byte	0x48
 226 01a1 1E       		.byte	0x1e
 227 01a2 D5010000 		.4byte	0x1d5
 228 01a6 00       		.byte	0
ARM GAS  /var/folders/t2/7bcnkrz10_lcdd2nm4q03l7w0000gn/T//ccNttN17.s 			page 5


 229 01a7 06       		.uleb128 0x6
 230 01a8 1B020000 		.4byte	.LASF22
 231 01ac 49       		.byte	0x49
 232 01ad C8000000 		.4byte	0xc8
 233 01b1 04       		.byte	0x4
 234 01b2 06       		.uleb128 0x6
 235 01b3 38020000 		.4byte	.LASF23
 236 01b7 49       		.byte	0x49
 237 01b8 25000000 		.4byte	0x25
 238 01bc 08       		.byte	0x8
 239 01bd 09       		.uleb128 0x9
 240 01be 656F7300 		.ascii	"eos\000"
 241 01c2 49       		.byte	0x49
 242 01c3 03       		.byte	0x3
 243 01c4 25000000 		.4byte	0x25
 244 01c8 0C       		.byte	0xc
 245 01c9 06       		.uleb128 0x6
 246 01ca 0A020000 		.4byte	.LASF24
 247 01ce 49       		.byte	0x49
 248 01cf 25000000 		.4byte	0x25
 249 01d3 10       		.byte	0x10
 250 01d4 00       		.byte	0
 251 01d5 04       		.uleb128 0x4
 252 01d6 8D010000 		.4byte	0x18d
 253 01da 05       		.uleb128 0x5
 254 01db 2B020000 		.4byte	.LASF25
 255 01df 05       		.byte	0x5
 256 01e0 4A       		.byte	0x4a
 257 01e1 03       		.byte	0x3
 258 01e2 92010000 		.4byte	0x192
 259 01e6 07       		.uleb128 0x7
 260 01e7 766D7400 		.ascii	"vmt\000"
 261 01eb 64       		.byte	0x64
 262 01ec 22       		.byte	0x22
 263 01ed 8D010000 		.4byte	0x18d
 264 01f1 12       		.uleb128 0x12
 265 01f2 FC010000 		.4byte	.LASF34
 266 01f6 07       		.byte	0x7
 267 01f7 1F       		.byte	0x1f
 268 01f8 09       		.byte	0x9
 269 01f9 8F000000 		.4byte	0x8f
 270 01fd 11020000 		.4byte	0x211
 271 0201 03       		.uleb128 0x3
 272 0202 8F000000 		.4byte	0x8f
 273 0206 03       		.uleb128 0x3
 274 0207 11020000 		.4byte	0x211
 275 020b 03       		.uleb128 0x3
 276 020c 25000000 		.4byte	0x25
 277 0210 00       		.byte	0
 278 0211 04       		.uleb128 0x4
 279 0212 16020000 		.4byte	0x216
 280 0216 13       		.uleb128 0x13
 281 0217 14       		.uleb128 0x14
 282 0218 85010000 		.4byte	.LASF35
 283 021c 06       		.byte	0x6
 284 021d 74       		.byte	0x74
 285 021e 06       		.byte	0x6
ARM GAS  /var/folders/t2/7bcnkrz10_lcdd2nm4q03l7w0000gn/T//ccNttN17.s 			page 6


 286 021f 50020000 		.4byte	0x250
 287 0223 01       		.uleb128 0x1
 288 0224 6D737000 		.ascii	"msp\000"
 289 0228 74       		.byte	0x74
 290 0229 21       		.byte	0x21
 291 022a 50020000 		.4byte	0x250
 292 022e 0C       		.uleb128 0xc
 293 022f 1B020000 		.4byte	.LASF22
 294 0233 74       		.byte	0x74
 295 0234 2F       		.byte	0x2f
 296 0235 C8000000 		.4byte	0xc8
 297 0239 0C       		.uleb128 0xc
 298 023a 38020000 		.4byte	.LASF23
 299 023e 75       		.byte	0x75
 300 023f 1A       		.byte	0x1a
 301 0240 25000000 		.4byte	0x25
 302 0244 01       		.uleb128 0x1
 303 0245 656F7300 		.ascii	"eos\000"
 304 0249 75       		.byte	0x75
 305 024a 27       		.byte	0x27
 306 024b 25000000 		.4byte	0x25
 307 024f 00       		.byte	0
 308 0250 04       		.uleb128 0x4
 309 0251 DA010000 		.4byte	0x1da
 310 0255 0A       		.uleb128 0xa
 311 0256 03020000 		.4byte	.LASF26
 312 025a 58       		.byte	0x58
 313 025b 0E       		.byte	0xe
 314 025c B5000000 		.4byte	0xb5
 315 0260 83020000 		.4byte	0x283
 316 0264 01       		.uleb128 0x1
 317 0265 697000   		.ascii	"ip\000"
 318 0268 58       		.byte	0x58
 319 0269 1B       		.byte	0x1b
 320 026a 8F000000 		.4byte	0x8f
 321 026e 01       		.uleb128 0x1
 322 026f 6200     		.ascii	"b\000"
 323 0271 58       		.byte	0x58
 324 0272 27       		.byte	0x27
 325 0273 98000000 		.4byte	0x98
 326 0277 07       		.uleb128 0x7
 327 0278 6D737000 		.ascii	"msp\000"
 328 027c 5A       		.byte	0x5a
 329 027d 11       		.byte	0x11
 330 027e 50020000 		.4byte	0x250
 331 0282 00       		.byte	0
 332 0283 0A       		.uleb128 0xa
 333 0284 A2010000 		.4byte	.LASF27
 334 0288 4D       		.byte	0x4d
 335 0289 0E       		.byte	0xe
 336 028a B5000000 		.4byte	0xb5
 337 028e B1020000 		.4byte	0x2b1
 338 0292 01       		.uleb128 0x1
 339 0293 697000   		.ascii	"ip\000"
 340 0296 4D       		.byte	0x4d
 341 0297 19       		.byte	0x19
 342 0298 8F000000 		.4byte	0x8f
ARM GAS  /var/folders/t2/7bcnkrz10_lcdd2nm4q03l7w0000gn/T//ccNttN17.s 			page 7


 343 029c 07       		.uleb128 0x7
 344 029d 6200     		.ascii	"b\000"
 345 029f 4E       		.byte	0x4e
 346 02a0 0B       		.byte	0xb
 347 02a1 98000000 		.4byte	0x98
 348 02a5 07       		.uleb128 0x7
 349 02a6 6D737000 		.ascii	"msp\000"
 350 02aa 4F       		.byte	0x4f
 351 02ab 11       		.byte	0x11
 352 02ac 50020000 		.4byte	0x250
 353 02b0 00       		.byte	0
 354 02b1 0A       		.uleb128 0xa
 355 02b2 11000000 		.4byte	.LASF28
 356 02b6 43       		.byte	0x43
 357 02b7 0E       		.byte	0xe
 358 02b8 B5000000 		.4byte	0xb5
 359 02bc DF020000 		.4byte	0x2df
 360 02c0 01       		.uleb128 0x1
 361 02c1 697000   		.ascii	"ip\000"
 362 02c4 43       		.byte	0x43
 363 02c5 19       		.byte	0x19
 364 02c6 8F000000 		.4byte	0x8f
 365 02ca 01       		.uleb128 0x1
 366 02cb 6200     		.ascii	"b\000"
 367 02cd 43       		.byte	0x43
 368 02ce 25       		.byte	0x25
 369 02cf 98000000 		.4byte	0x98
 370 02d3 07       		.uleb128 0x7
 371 02d4 6D737000 		.ascii	"msp\000"
 372 02d8 44       		.byte	0x44
 373 02d9 11       		.byte	0x11
 374 02da 50020000 		.4byte	0x250
 375 02de 00       		.byte	0
 376 02df 0A       		.uleb128 0xa
 377 02e0 D7010000 		.4byte	.LASF29
 378 02e4 39       		.byte	0x39
 379 02e5 0F       		.byte	0xf
 380 02e6 25000000 		.4byte	0x25
 381 02ea 17030000 		.4byte	0x317
 382 02ee 01       		.uleb128 0x1
 383 02ef 697000   		.ascii	"ip\000"
 384 02f2 39       		.byte	0x39
 385 02f3 1C       		.byte	0x1c
 386 02f4 8F000000 		.4byte	0x8f
 387 02f8 01       		.uleb128 0x1
 388 02f9 627000   		.ascii	"bp\000"
 389 02fc 39       		.byte	0x39
 390 02fd 29       		.byte	0x29
 391 02fe C8000000 		.4byte	0xc8
 392 0302 01       		.uleb128 0x1
 393 0303 6E00     		.ascii	"n\000"
 394 0305 39       		.byte	0x39
 395 0306 34       		.byte	0x34
 396 0307 25000000 		.4byte	0x25
 397 030b 07       		.uleb128 0x7
 398 030c 6D737000 		.ascii	"msp\000"
 399 0310 3A       		.byte	0x3a
ARM GAS  /var/folders/t2/7bcnkrz10_lcdd2nm4q03l7w0000gn/T//ccNttN17.s 			page 8


 400 0311 11       		.byte	0x11
 401 0312 50020000 		.4byte	0x250
 402 0316 00       		.byte	0
 403 0317 15       		.uleb128 0x15
 404 0318 E6010000 		.4byte	.LASF36
 405 031c 06       		.byte	0x6
 406 031d 2F       		.byte	0x2f
 407 031e 0F       		.byte	0xf
 408 031f 25000000 		.4byte	0x25
 409 0323 01       		.uleb128 0x1
 410 0324 697000   		.ascii	"ip\000"
 411 0327 2F       		.byte	0x2f
 412 0328 1D       		.byte	0x1d
 413 0329 8F000000 		.4byte	0x8f
 414 032d 01       		.uleb128 0x1
 415 032e 627000   		.ascii	"bp\000"
 416 0331 2F       		.byte	0x2f
 417 0332 30       		.byte	0x30
 418 0333 E6000000 		.4byte	0xe6
 419 0337 01       		.uleb128 0x1
 420 0338 6E00     		.ascii	"n\000"
 421 033a 2F       		.byte	0x2f
 422 033b 3B       		.byte	0x3b
 423 033c 25000000 		.4byte	0x25
 424 0340 07       		.uleb128 0x7
 425 0341 6D737000 		.ascii	"msp\000"
 426 0345 30       		.byte	0x30
 427 0346 11       		.byte	0x11
 428 0347 50020000 		.4byte	0x250
 429 034b 00       		.byte	0
 430 034c 00       		.byte	0
 431              		.section	.gnu.debuglto_.debug_abbrev,"e",%progbits
 432              	.Ldebug_abbrev0:
 433 0000 01       		.uleb128 0x1
 434 0001 05       		.uleb128 0x5
 435 0002 00       		.byte	0
 436 0003 03       		.uleb128 0x3
 437 0004 08       		.uleb128 0x8
 438 0005 3A       		.uleb128 0x3a
 439 0006 21       		.uleb128 0x21
 440 0007 06       		.sleb128 6
 441 0008 3B       		.uleb128 0x3b
 442 0009 0B       		.uleb128 0xb
 443 000a 39       		.uleb128 0x39
 444 000b 0B       		.uleb128 0xb
 445 000c 49       		.uleb128 0x49
 446 000d 13       		.uleb128 0x13
 447 000e 00       		.byte	0
 448 000f 00       		.byte	0
 449 0010 02       		.uleb128 0x2
 450 0011 24       		.uleb128 0x24
 451 0012 00       		.byte	0
 452 0013 0B       		.uleb128 0xb
 453 0014 0B       		.uleb128 0xb
 454 0015 3E       		.uleb128 0x3e
 455 0016 0B       		.uleb128 0xb
 456 0017 03       		.uleb128 0x3
ARM GAS  /var/folders/t2/7bcnkrz10_lcdd2nm4q03l7w0000gn/T//ccNttN17.s 			page 9


 457 0018 0E       		.uleb128 0xe
 458 0019 00       		.byte	0
 459 001a 00       		.byte	0
 460 001b 03       		.uleb128 0x3
 461 001c 05       		.uleb128 0x5
 462 001d 00       		.byte	0
 463 001e 49       		.uleb128 0x49
 464 001f 13       		.uleb128 0x13
 465 0020 00       		.byte	0
 466 0021 00       		.byte	0
 467 0022 04       		.uleb128 0x4
 468 0023 0F       		.uleb128 0xf
 469 0024 00       		.byte	0
 470 0025 0B       		.uleb128 0xb
 471 0026 21       		.uleb128 0x21
 472 0027 04       		.sleb128 4
 473 0028 49       		.uleb128 0x49
 474 0029 13       		.uleb128 0x13
 475 002a 00       		.byte	0
 476 002b 00       		.byte	0
 477 002c 05       		.uleb128 0x5
 478 002d 16       		.uleb128 0x16
 479 002e 00       		.byte	0
 480 002f 03       		.uleb128 0x3
 481 0030 0E       		.uleb128 0xe
 482 0031 3A       		.uleb128 0x3a
 483 0032 0B       		.uleb128 0xb
 484 0033 3B       		.uleb128 0x3b
 485 0034 0B       		.uleb128 0xb
 486 0035 39       		.uleb128 0x39
 487 0036 0B       		.uleb128 0xb
 488 0037 49       		.uleb128 0x49
 489 0038 13       		.uleb128 0x13
 490 0039 00       		.byte	0
 491 003a 00       		.byte	0
 492 003b 06       		.uleb128 0x6
 493 003c 0D       		.uleb128 0xd
 494 003d 00       		.byte	0
 495 003e 03       		.uleb128 0x3
 496 003f 0E       		.uleb128 0xe
 497 0040 3A       		.uleb128 0x3a
 498 0041 21       		.uleb128 0x21
 499 0042 05       		.sleb128 5
 500 0043 3B       		.uleb128 0x3b
 501 0044 0B       		.uleb128 0xb
 502 0045 39       		.uleb128 0x39
 503 0046 21       		.uleb128 0x21
 504 0047 03       		.sleb128 3
 505 0048 49       		.uleb128 0x49
 506 0049 13       		.uleb128 0x13
 507 004a 38       		.uleb128 0x38
 508 004b 0B       		.uleb128 0xb
 509 004c 00       		.byte	0
 510 004d 00       		.byte	0
 511 004e 07       		.uleb128 0x7
 512 004f 34       		.uleb128 0x34
 513 0050 00       		.byte	0
ARM GAS  /var/folders/t2/7bcnkrz10_lcdd2nm4q03l7w0000gn/T//ccNttN17.s 			page 10


 514 0051 03       		.uleb128 0x3
 515 0052 08       		.uleb128 0x8
 516 0053 3A       		.uleb128 0x3a
 517 0054 21       		.uleb128 0x21
 518 0055 06       		.sleb128 6
 519 0056 3B       		.uleb128 0x3b
 520 0057 0B       		.uleb128 0xb
 521 0058 39       		.uleb128 0x39
 522 0059 0B       		.uleb128 0xb
 523 005a 49       		.uleb128 0x49
 524 005b 13       		.uleb128 0x13
 525 005c 00       		.byte	0
 526 005d 00       		.byte	0
 527 005e 08       		.uleb128 0x8
 528 005f 15       		.uleb128 0x15
 529 0060 01       		.byte	0x1
 530 0061 27       		.uleb128 0x27
 531 0062 19       		.uleb128 0x19
 532 0063 49       		.uleb128 0x49
 533 0064 13       		.uleb128 0x13
 534 0065 01       		.uleb128 0x1
 535 0066 13       		.uleb128 0x13
 536 0067 00       		.byte	0
 537 0068 00       		.byte	0
 538 0069 09       		.uleb128 0x9
 539 006a 0D       		.uleb128 0xd
 540 006b 00       		.byte	0
 541 006c 03       		.uleb128 0x3
 542 006d 08       		.uleb128 0x8
 543 006e 3A       		.uleb128 0x3a
 544 006f 21       		.uleb128 0x21
 545 0070 05       		.sleb128 5
 546 0071 3B       		.uleb128 0x3b
 547 0072 0B       		.uleb128 0xb
 548 0073 39       		.uleb128 0x39
 549 0074 0B       		.uleb128 0xb
 550 0075 49       		.uleb128 0x49
 551 0076 13       		.uleb128 0x13
 552 0077 38       		.uleb128 0x38
 553 0078 0B       		.uleb128 0xb
 554 0079 00       		.byte	0
 555 007a 00       		.byte	0
 556 007b 0A       		.uleb128 0xa
 557 007c 2E       		.uleb128 0x2e
 558 007d 01       		.byte	0x1
 559 007e 03       		.uleb128 0x3
 560 007f 0E       		.uleb128 0xe
 561 0080 3A       		.uleb128 0x3a
 562 0081 21       		.uleb128 0x21
 563 0082 06       		.sleb128 6
 564 0083 3B       		.uleb128 0x3b
 565 0084 0B       		.uleb128 0xb
 566 0085 39       		.uleb128 0x39
 567 0086 0B       		.uleb128 0xb
 568 0087 27       		.uleb128 0x27
 569 0088 19       		.uleb128 0x19
 570 0089 49       		.uleb128 0x49
ARM GAS  /var/folders/t2/7bcnkrz10_lcdd2nm4q03l7w0000gn/T//ccNttN17.s 			page 11


 571 008a 13       		.uleb128 0x13
 572 008b 01       		.uleb128 0x1
 573 008c 13       		.uleb128 0x13
 574 008d 00       		.byte	0
 575 008e 00       		.byte	0
 576 008f 0B       		.uleb128 0xb
 577 0090 26       		.uleb128 0x26
 578 0091 00       		.byte	0
 579 0092 49       		.uleb128 0x49
 580 0093 13       		.uleb128 0x13
 581 0094 00       		.byte	0
 582 0095 00       		.byte	0
 583 0096 0C       		.uleb128 0xc
 584 0097 05       		.uleb128 0x5
 585 0098 00       		.byte	0
 586 0099 03       		.uleb128 0x3
 587 009a 0E       		.uleb128 0xe
 588 009b 3A       		.uleb128 0x3a
 589 009c 21       		.uleb128 0x21
 590 009d 06       		.sleb128 6
 591 009e 3B       		.uleb128 0x3b
 592 009f 0B       		.uleb128 0xb
 593 00a0 39       		.uleb128 0x39
 594 00a1 0B       		.uleb128 0xb
 595 00a2 49       		.uleb128 0x49
 596 00a3 13       		.uleb128 0x13
 597 00a4 00       		.byte	0
 598 00a5 00       		.byte	0
 599 00a6 0D       		.uleb128 0xd
 600 00a7 11       		.uleb128 0x11
 601 00a8 01       		.byte	0x1
 602 00a9 25       		.uleb128 0x25
 603 00aa 0E       		.uleb128 0xe
 604 00ab 13       		.uleb128 0x13
 605 00ac 0B       		.uleb128 0xb
 606 00ad 03       		.uleb128 0x3
 607 00ae 0E       		.uleb128 0xe
 608 00af 1B       		.uleb128 0x1b
 609 00b0 0E       		.uleb128 0xe
 610 00b1 10       		.uleb128 0x10
 611 00b2 17       		.uleb128 0x17
 612 00b3 00       		.byte	0
 613 00b4 00       		.byte	0
 614 00b5 0E       		.uleb128 0xe
 615 00b6 24       		.uleb128 0x24
 616 00b7 00       		.byte	0
 617 00b8 0B       		.uleb128 0xb
 618 00b9 0B       		.uleb128 0xb
 619 00ba 3E       		.uleb128 0x3e
 620 00bb 0B       		.uleb128 0xb
 621 00bc 03       		.uleb128 0x3
 622 00bd 08       		.uleb128 0x8
 623 00be 00       		.byte	0
 624 00bf 00       		.byte	0
 625 00c0 0F       		.uleb128 0xf
 626 00c1 0F       		.uleb128 0xf
 627 00c2 00       		.byte	0
ARM GAS  /var/folders/t2/7bcnkrz10_lcdd2nm4q03l7w0000gn/T//ccNttN17.s 			page 12


 628 00c3 0B       		.uleb128 0xb
 629 00c4 0B       		.uleb128 0xb
 630 00c5 00       		.byte	0
 631 00c6 00       		.byte	0
 632 00c7 10       		.uleb128 0x10
 633 00c8 13       		.uleb128 0x13
 634 00c9 01       		.byte	0x1
 635 00ca 03       		.uleb128 0x3
 636 00cb 0E       		.uleb128 0xe
 637 00cc 0B       		.uleb128 0xb
 638 00cd 0B       		.uleb128 0xb
 639 00ce 3A       		.uleb128 0x3a
 640 00cf 0B       		.uleb128 0xb
 641 00d0 3B       		.uleb128 0x3b
 642 00d1 0B       		.uleb128 0xb
 643 00d2 39       		.uleb128 0x39
 644 00d3 0B       		.uleb128 0xb
 645 00d4 01       		.uleb128 0x1
 646 00d5 13       		.uleb128 0x13
 647 00d6 00       		.byte	0
 648 00d7 00       		.byte	0
 649 00d8 11       		.uleb128 0x11
 650 00d9 13       		.uleb128 0x13
 651 00da 01       		.byte	0x1
 652 00db 0B       		.uleb128 0xb
 653 00dc 0B       		.uleb128 0xb
 654 00dd 3A       		.uleb128 0x3a
 655 00de 0B       		.uleb128 0xb
 656 00df 3B       		.uleb128 0x3b
 657 00e0 0B       		.uleb128 0xb
 658 00e1 39       		.uleb128 0x39
 659 00e2 0B       		.uleb128 0xb
 660 00e3 01       		.uleb128 0x1
 661 00e4 13       		.uleb128 0x13
 662 00e5 00       		.byte	0
 663 00e6 00       		.byte	0
 664 00e7 12       		.uleb128 0x12
 665 00e8 2E       		.uleb128 0x2e
 666 00e9 01       		.byte	0x1
 667 00ea 3F       		.uleb128 0x3f
 668 00eb 19       		.uleb128 0x19
 669 00ec 03       		.uleb128 0x3
 670 00ed 0E       		.uleb128 0xe
 671 00ee 3A       		.uleb128 0x3a
 672 00ef 0B       		.uleb128 0xb
 673 00f0 3B       		.uleb128 0x3b
 674 00f1 0B       		.uleb128 0xb
 675 00f2 39       		.uleb128 0x39
 676 00f3 0B       		.uleb128 0xb
 677 00f4 27       		.uleb128 0x27
 678 00f5 19       		.uleb128 0x19
 679 00f6 49       		.uleb128 0x49
 680 00f7 13       		.uleb128 0x13
 681 00f8 3C       		.uleb128 0x3c
 682 00f9 19       		.uleb128 0x19
 683 00fa 01       		.uleb128 0x1
 684 00fb 13       		.uleb128 0x13
ARM GAS  /var/folders/t2/7bcnkrz10_lcdd2nm4q03l7w0000gn/T//ccNttN17.s 			page 13


 685 00fc 00       		.byte	0
 686 00fd 00       		.byte	0
 687 00fe 13       		.uleb128 0x13
 688 00ff 26       		.uleb128 0x26
 689 0100 00       		.byte	0
 690 0101 00       		.byte	0
 691 0102 00       		.byte	0
 692 0103 14       		.uleb128 0x14
 693 0104 2E       		.uleb128 0x2e
 694 0105 01       		.byte	0x1
 695 0106 3F       		.uleb128 0x3f
 696 0107 19       		.uleb128 0x19
 697 0108 03       		.uleb128 0x3
 698 0109 0E       		.uleb128 0xe
 699 010a 3A       		.uleb128 0x3a
 700 010b 0B       		.uleb128 0xb
 701 010c 3B       		.uleb128 0x3b
 702 010d 0B       		.uleb128 0xb
 703 010e 39       		.uleb128 0x39
 704 010f 0B       		.uleb128 0xb
 705 0110 27       		.uleb128 0x27
 706 0111 19       		.uleb128 0x19
 707 0112 01       		.uleb128 0x1
 708 0113 13       		.uleb128 0x13
 709 0114 00       		.byte	0
 710 0115 00       		.byte	0
 711 0116 15       		.uleb128 0x15
 712 0117 2E       		.uleb128 0x2e
 713 0118 01       		.byte	0x1
 714 0119 03       		.uleb128 0x3
 715 011a 0E       		.uleb128 0xe
 716 011b 3A       		.uleb128 0x3a
 717 011c 0B       		.uleb128 0xb
 718 011d 3B       		.uleb128 0x3b
 719 011e 0B       		.uleb128 0xb
 720 011f 39       		.uleb128 0x39
 721 0120 0B       		.uleb128 0xb
 722 0121 27       		.uleb128 0x27
 723 0122 19       		.uleb128 0x19
 724 0123 49       		.uleb128 0x49
 725 0124 13       		.uleb128 0x13
 726 0125 00       		.byte	0
 727 0126 00       		.byte	0
 728 0127 00       		.byte	0
 729              		.section	.gnu.debuglto_.debug_line,"e",%progbits
 730              	.Ldebug_line0:
 731 0000 68000000 		.4byte	.LELT0-.LSLT0
 732              	.LSLT0:
 733 0004 0500     		.2byte	0x5
 734 0006 04       		.byte	0x4
 735 0007 00       		.byte	0
 736 0008 60000000 		.4byte	.LELTP0-.LASLTP0
 737              	.LASLTP0:
 738 000c 01       		.byte	0x1
 739 000d 01       		.byte	0x1
 740 000e 01       		.byte	0x1
 741 000f F6       		.byte	0xf6
ARM GAS  /var/folders/t2/7bcnkrz10_lcdd2nm4q03l7w0000gn/T//ccNttN17.s 			page 14


 742 0010 F2       		.byte	0xf2
 743 0011 0D       		.byte	0xd
 744 0012 00       		.byte	0
 745 0013 01       		.byte	0x1
 746 0014 01       		.byte	0x1
 747 0015 01       		.byte	0x1
 748 0016 01       		.byte	0x1
 749 0017 00       		.byte	0
 750 0018 00       		.byte	0
 751 0019 00       		.byte	0
 752 001a 01       		.byte	0x1
 753 001b 00       		.byte	0
 754 001c 00       		.byte	0
 755 001d 01       		.byte	0x1
 756 001e 01       		.byte	0x1
 757 001f 01       		.uleb128 0x1
 758 0020 1F       		.uleb128 0x1f
 759 0021 07       		.uleb128 0x7
 760 0022 26010000 		.4byte	.LASF37
 761 0026 2A000000 		.4byte	.LASF38
 762 002a 4D010000 		.4byte	.LASF39
 763 002e 9D010000 		.4byte	.LASF40
 764 0032 A8000000 		.4byte	.LASF41
 765 0036 03020000 		.4byte	.LASF42
 766 003a 03010000 		.4byte	.LASF43
 767 003e 02       		.byte	0x2
 768 003f 01       		.uleb128 0x1
 769 0040 1F       		.uleb128 0x1f
 770 0041 02       		.uleb128 0x2
 771 0042 0B       		.uleb128 0xb
 772 0043 08       		.uleb128 0x8
 773 0044 7E000000 		.4byte	.LASF44
 774 0048 00       		.byte	0
 775 0049 E9010000 		.4byte	.LASF45
 776 004d 04       		.byte	0x4
 777 004e F2010000 		.4byte	.LASF46
 778 0052 01       		.byte	0x1
 779 0053 00000000 		.4byte	.LASF47
 780 0057 02       		.byte	0x2
 781 0058 13000000 		.4byte	.LASF48
 782 005c 06       		.byte	0x6
 783 005d 19010000 		.4byte	.LASF49
 784 0061 05       		.byte	0x5
 785 0062 1D000000 		.4byte	.LASF50
 786 0066 05       		.byte	0x5
 787 0067 0A000000 		.4byte	.LASF51
 788 006b 03       		.byte	0x3
 789              	.LELTP0:
 790              	.LELT0:
 791              		.section	.gnu.debuglto_.debug_str,"eMS",%progbits,1
 792              	.LASF5:
 793 0000 5F5F7569 		.ascii	"__uint8_t\000"
 793      6E74385F 
 793      7400
 794              	.LASF4:
 795 000a 73697A65 		.ascii	"size_t\000"
 795      5F7400
ARM GAS  /var/folders/t2/7bcnkrz10_lcdd2nm4q03l7w0000gn/T//ccNttN17.s 			page 15


 796              	.LASF28:
 797 0011 5F707574 		.ascii	"_put\000"
 797      00
 798              	.LASF9:
 799 0016 5F5F696E 		.ascii	"__int32_t\000"
 799      7433325F 
 799      7400
 800              	.LASF32:
 801 0020 2F557365 		.ascii	"/Users/jeffreyyao/Desktop/FK723M1-ZGT6\000"
 801      72732F6A 
 801      65666672 
 801      65797961 
 801      6F2F4465 
 802              	.LASF0:
 803 0047 756E7369 		.ascii	"unsigned int\000"
 803      676E6564 
 803      20696E74 
 803      00
 804              	.LASF30:
 805 0054 474E5520 		.ascii	"GNU C17 13.3.1 20240614 -mcpu=cortex-m7 -mthumb -mf"
 805      43313720 
 805      31332E33 
 805      2E312032 
 805      30323430 
 806 0087 6C6F6174 		.ascii	"loat-abi=soft -march=armv7e-m -ggdb -O2 -fomit-fram"
 806      2D616269 
 806      3D736F66 
 806      74202D6D 
 806      61726368 
 807 00ba 652D706F 		.ascii	"e-pointer -falign-functions=16 -ffunction-sections "
 807      696E7465 
 807      72202D66 
 807      616C6967 
 807      6E2D6675 
 808 00ed 2D666461 		.ascii	"-fdata-sections -fno-common -flto\000"
 808      74612D73 
 808      65637469 
 808      6F6E7320 
 808      2D666E6F 
 809              	.LASF33:
 810 010f 4D656D53 		.ascii	"MemStreamVMT\000"
 810      74726561 
 810      6D564D54 
 810      00
 811              	.LASF2:
 812 011c 6C6F6E67 		.ascii	"long double\000"
 812      20646F75 
 812      626C6500 
 813              	.LASF3:
 814 0128 7369676E 		.ascii	"signed char\000"
 814      65642063 
 814      68617200 
 815              	.LASF6:
 816 0134 756E7369 		.ascii	"unsigned char\000"
 816      676E6564 
 816      20636861 
 816      7200
ARM GAS  /var/folders/t2/7bcnkrz10_lcdd2nm4q03l7w0000gn/T//ccNttN17.s 			page 16


 817              	.LASF8:
 818 0142 73686F72 		.ascii	"short unsigned int\000"
 818      7420756E 
 818      7369676E 
 818      65642069 
 818      6E7400
 819              	.LASF19:
 820 0155 77726974 		.ascii	"write\000"
 820      6500
 821              	.LASF31:
 822 015b 2E2F4368 		.ascii	"./ChibiOS/os/hal/lib/streams/memstreams.c\000"
 822      6962694F 
 822      532F6F73 
 822      2F68616C 
 822      2F6C6962 
 823              	.LASF35:
 824 0185 6D734F62 		.ascii	"msObjectInit\000"
 824      6A656374 
 824      496E6974 
 824      00
 825              	.LASF18:
 826 0192 696E7374 		.ascii	"instance_offset\000"
 826      616E6365 
 826      5F6F6666 
 826      73657400 
 827              	.LASF27:
 828 01a2 5F676574 		.ascii	"_get\000"
 828      00
 829              	.LASF20:
 830 01a7 72656164 		.ascii	"read\000"
 830      00
 831              	.LASF11:
 832 01ac 6C6F6E67 		.ascii	"long unsigned int\000"
 832      20756E73 
 832      69676E65 
 832      6420696E 
 832      7400
 833              	.LASF21:
 834 01be 756E6765 		.ascii	"unget\000"
 834      7400
 835              	.LASF13:
 836 01c4 63686172 		.ascii	"char\000"
 836      00
 837              	.LASF14:
 838 01c9 75696E74 		.ascii	"uint8_t\000"
 838      385F7400 
 839              	.LASF16:
 840 01d1 6D73675F 		.ascii	"msg_t\000"
 840      7400
 841              	.LASF29:
 842 01d7 5F726561 		.ascii	"_reads\000"
 842      647300
 843              	.LASF15:
 844 01de 696E7433 		.ascii	"int32_t\000"
 844      325F7400 
 845              	.LASF36:
 846 01e6 5F777269 		.ascii	"_writes\000"
ARM GAS  /var/folders/t2/7bcnkrz10_lcdd2nm4q03l7w0000gn/T//ccNttN17.s 			page 17


 846      74657300 
 847              	.LASF1:
 848 01ee 6C6F6E67 		.ascii	"long long int\000"
 848      206C6F6E 
 848      6720696E 
 848      7400
 849              	.LASF34:
 850 01fc 6D656D63 		.ascii	"memcpy\000"
 850      707900
 851              	.LASF26:
 852 0203 5F756E67 		.ascii	"_unget\000"
 852      657400
 853              	.LASF24:
 854 020a 6F666673 		.ascii	"offset\000"
 854      657400
 855              	.LASF7:
 856 0211 73686F72 		.ascii	"short int\000"
 856      7420696E 
 856      7400
 857              	.LASF22:
 858 021b 62756666 		.ascii	"buffer\000"
 858      657200
 859              	.LASF10:
 860 0222 6C6F6E67 		.ascii	"long int\000"
 860      20696E74 
 860      00
 861              	.LASF25:
 862 022b 4D656D6F 		.ascii	"MemoryStream\000"
 862      72795374 
 862      7265616D 
 862      00
 863              	.LASF23:
 864 0238 73697A65 		.ascii	"size\000"
 864      00
 865              	.LASF17:
 866 023d 5F426F6F 		.ascii	"_Bool\000"
 866      6C00
 867              	.LASF12:
 868 0243 6C6F6E67 		.ascii	"long long unsigned int\000"
 868      206C6F6E 
 868      6720756E 
 868      7369676E 
 868      65642069 
 869              		.section	.gnu.debuglto_.debug_line_str,"eMS",%progbits,1
 870              	.LASF47:
 871 0000 5F737464 		.ascii	"_stdint.h\000"
 871      696E742E 
 871      6800
 872              	.LASF51:
 873 000a 73747269 		.ascii	"string.h\000"
 873      6E672E68 
 873      00
 874              	.LASF48:
 875 0013 63686561 		.ascii	"chearly.h\000"
 875      726C792E 
 875      6800
 876              	.LASF50:
ARM GAS  /var/folders/t2/7bcnkrz10_lcdd2nm4q03l7w0000gn/T//ccNttN17.s 			page 18


 877 001d 6D656D73 		.ascii	"memstreams.c\000"
 877      74726561 
 877      6D732E63 
 877      00
 878              	.LASF38:
 879 002a 2F417070 		.ascii	"/Applications/ArmGNUToolchain/13.3.rel1/arm-none-ea"
 879      6C696361 
 879      74696F6E 
 879      732F4172 
 879      6D474E55 
 880 005d 62692F61 		.ascii	"bi/arm-none-eabi/include/machine\000"
 880      726D2D6E 
 880      6F6E652D 
 880      65616269 
 880      2F696E63 
 881              	.LASF44:
 882 007e 2E2F4368 		.ascii	"./ChibiOS/os/hal/lib/streams/memstreams.c\000"
 882      6962694F 
 882      532F6F73 
 882      2F68616C 
 882      2F6C6962 
 883              	.LASF41:
 884 00a8 2F417070 		.ascii	"/Applications/ArmGNUToolchain/13.3.rel1/arm-none-ea"
 884      6C696361 
 884      74696F6E 
 884      732F4172 
 884      6D474E55 
 885 00db 62692F6C 		.ascii	"bi/lib/gcc/arm-none-eabi/13.3.1/include\000"
 885      69622F67 
 885      63632F61 
 885      726D2D6E 
 885      6F6E652D 
 886              	.LASF43:
 887 0103 43686962 		.ascii	"ChibiOS/os/rt/include\000"
 887      694F532F 
 887      6F732F72 
 887      742F696E 
 887      636C7564 
 888              	.LASF49:
 889 0119 6D656D73 		.ascii	"memstreams.h\000"
 889      74726561 
 889      6D732E68 
 889      00
 890              	.LASF37:
 891 0126 2F557365 		.ascii	"/Users/jeffreyyao/Desktop/FK723M1-ZGT6\000"
 891      72732F6A 
 891      65666672 
 891      65797961 
 891      6F2F4465 
 892              	.LASF39:
 893 014d 2F417070 		.ascii	"/Applications/ArmGNUToolchain/13.3.rel1/arm-none-ea"
 893      6C696361 
 893      74696F6E 
 893      732F4172 
 893      6D474E55 
 894 0180 62692F61 		.ascii	"bi/arm-none-eabi/include/sys\000"
 894      726D2D6E 
ARM GAS  /var/folders/t2/7bcnkrz10_lcdd2nm4q03l7w0000gn/T//ccNttN17.s 			page 19


 894      6F6E652D 
 894      65616269 
 894      2F696E63 
 895              	.LASF40:
 896 019d 2F417070 		.ascii	"/Applications/ArmGNUToolchain/13.3.rel1/arm-none-ea"
 896      6C696361 
 896      74696F6E 
 896      732F4172 
 896      6D474E55 
 897 01d0 62692F61 		.ascii	"bi/arm-none-eabi/include\000"
 897      726D2D6E 
 897      6F6E652D 
 897      65616269 
 897      2F696E63 
 898              	.LASF45:
 899 01e9 73746464 		.ascii	"stddef.h\000"
 899      65662E68 
 899      00
 900              	.LASF46:
 901 01f2 5F646566 		.ascii	"_default_types.h\000"
 901      61756C74 
 901      5F747970 
 901      65732E68 
 901      00
 902              	.LASF42:
 903 0203 43686962 		.ascii	"ChibiOS/os/hal/lib/streams\000"
 903      694F532F 
 903      6F732F68 
 903      616C2F6C 
 903      69622F73 
 904              		.text
 905              		.section	.gnu.lto_.profile.beafa6fe21dd05e9,"e",%progbits
 906 0000 789C6362 		.ascii	"x\234cb\000\001\000\000\022\000\003"
 906      00010000 
 906      120003
 907              		.text
 908              		.section	.gnu.lto_.icf.beafa6fe21dd05e9,"e",%progbits
 909 0000 789C5BC5 		.ascii	"x\234[\305\200\000\354\014{\232\277N`\341ab`b\004c&"
 909      8000EC0C 
 909      7B9ABF4E 
 909      60E16162 
 909      60620463 
 910 0015 20660642 		.ascii	" f\006B(\237q\337\325\177\327\231\271\260J\037}\361"
 910      289F71DF 
 910      D57FD799 
 910      B9B04A1F 
 910      7DF1
 911 0027 E1223B07 		.ascii	"\341\";\007\272\024\363\372\233\253Op\241\352\200\262"
 911      BA14F3FA 
 911      9BAB4F70 
 911      A1EA80B2 
 912 0037 59DAAF9D 		.ascii	"Y\332\257\235}\301\204U\212u\342\343U\357\370\270\230"
 912      7DC18455 
 912      8A75E2E3 
 912      55EFF8B8 
 912      98
 913 0048 58508541 		.ascii	"XP\205A\230mK\353\223&F\006\000\016V\0273"
ARM GAS  /var/folders/t2/7bcnkrz10_lcdd2nm4q03l7w0000gn/T//ccNttN17.s 			page 20


 913      986D4BEB 
 913      93264606 
 913      000E5617 
 913      33
 914              		.text
 915              		.section	.gnu.lto_.ipa_sra.beafa6fe21dd05e9,"e",%progbits
 916 0000 789CCB63 		.ascii	"x\234\313c@\0006\006& \311\002b232\202\230\314L\010"
 916      40003606 
 916      2620C902 
 916      62323332 
 916      8298CC4C 
 917 0015 11666630 		.ascii	"\021ff0\223\203\201\035\302eld\201hc\004\252\341dA\223"
 917      9383811D 
 917      C2656C64 
 917      81686304 
 917      AAE16441 
 918 002a 054B8054 		.ascii	"\005K\200T\200eYY\240\306\260\300\354bd\000\000\204"
 918      80655959 
 918      A0C6B0C0 
 918      EC626400 
 918      0084
 919 003c F10207   		.ascii	"\361\002\007"
 920              		.text
 921              		.section	.gnu.lto_.inline.beafa6fe21dd05e9,"e",%progbits
 922 0000 789CCD92 		.ascii	"x\234\315\222\261N\3030\020\206\177\3379\301\"\255\224"
 922      B14EC330 
 922      10867FDF 
 922      39C122AD 
 922      94
 923 0011 B1034346 		.ascii	"\261\003CF\036\203'@\342\015\332$\205\035\211\025\245"
 923      1E832740 
 923      E20DDA24 
 923      851D8915 
 923      A5
 924 0022 12426240 		.ascii	"\022Bb@\242\017\000bA\014,\014\210\021\212\330X\030"
 924      A20F0062 
 924      410C2C0C 
 924      88118AD8 
 924      5818
 925 0034 90101BEA 		.ascii	"\220\020\033\352\306\312\302\000\264pv\232\270\224\205"
 925      C6CAC200 
 925      B470769A 
 925      B89485
 926 0043 6E9C2CF9 		.ascii	"n\234,\371\367\331\347\373|\3475Fm!\320\334;\371\030"
 926      F7D9E7FB 
 926      7CE73546 
 926      6D21D0DC 
 926      3BF918
 927 0056 D3BA0243 		.ascii	"\323\272\002CQ\000^A9\267\355\314\340\004\213a\377\356"
 927      51005E41 
 927      39B7EDCC 
 927      E0048B61 
 927      FFEE
 928 0068 6D443960 		.ascii	"mD9`\316oO\277('\020T!F)A\327\032\332{\215\367\032h"
 928      CE6F4FBF 
 928      28271054 
 928      21462941 
ARM GAS  /var/folders/t2/7bcnkrz10_lcdd2nm4q03l7w0000gn/T//ccNttN17.s 			page 21


 928      D71ADA7B 
 929 0080 A77234A0 		.ascii	"\247r4\240n\366\217F\334!\304Ti\304 \247R\264,\222B"
 929      6EF68F46 
 929      DC21C454 
 929      69C420A7 
 929      52B42C92 
 930 0095 E3F0A2FF 		.ascii	"\343\360\242\377<E\324\236\020\025\312#\261C\312\200"
 930      3C45D49E 
 930      1015CA23 
 930      B143CA80 
 931 00a5 85A7E1C3 		.ascii	"\205\247\341\303\365_\221x\270{?\226\2509\221\010\321"
 931      F55F9178 
 931      B87B3F96 
 931      A8399108 
 931      D1
 932 00b6 4EEFECAA 		.ascii	"N\357\354\252D\332\2440\334R\025\315\014\026\320\223"
 932      44DAA430 
 932      DC5215CD 
 932      0C16D093 
 933 00c6 7BB7A5B0 		.ascii	"{\267\245\260\345\375?\260\004 \0209\220\264F\022\\"
 933      E5FD3FB0 
 933      04201039 
 933      90B44612 
 933      5C
 934 00d7 3EBE73AA 		.ascii	">\276s\252a\004\321\351\216v\344\374\372R|R\2461\355"
 934      6104D1E9 
 934      8E76E4FC 
 934      FA527C52 
 934      A631ED
 935 00ea 8FED9326 		.ascii	"\217\355\223&+Y\370\350\226\266\200\214\330&\341\015"
 935      2B59F8E8 
 935      96B6808C 
 935      D826E10D 
 936 00fa 65A3666A 		.ascii	"e\243fjFV\240f\214\252\247\303\270\230\271\273INeR\272"
 936      4656A066 
 936      8CAAA7C3 
 936      B898B9BB 
 936      494E6552 
 937 010f 4A2DF993 		.ascii	"J-\371\223\211?\231\324\373\3136\275nZ\320\203U\224"
 937      893F99D4 
 937      FBCB36BD 
 937      6E5AD083 
 937      5594
 938 0121 43FF42F6 		.ascii	"C\377B\366\037\357\177\022\007.\375\200\273\322o\252"
 938      1FEF7F12 
 938      072EFD80 
 938      BBD26FAA 
 939 0131 1A8948C4 		.ascii	"\032\211H\3041u-\222\265o\300\021\266m"
 939      31752D92 
 939      B56FC011 
 939      B66D
 940              		.text
 941              		.section	.gnu.lto_.jmpfuncs.beafa6fe21dd05e9,"e",%progbits
 942 0000 789C858E 		.ascii	"x\234\205\216\301\015\2000\014\003c'-\360\352@\014\227"
 942      C10D8030 
 942      0C036327 
 942      2DF0EA40 
ARM GAS  /var/folders/t2/7bcnkrz10_lcdd2nm4q03l7w0000gn/T//ccNttN17.s 			page 22


 942      0C97
 943 0012 B9F8B159 		.ascii	"\271\370\261Yq_y A\344H\216-\235rYM7\002#\271%w\000"
 943      715F7920 
 943      41E4488E 
 943      2D9D7259 
 943      4D370223 
 944 002a 2EC74ADC 		.ascii	".\307J\334\225\235\362\240\232\326#\001\303\0350\355"
 944      959DF2A0 
 944      9AD62301 
 944      C31D30ED 
 945 003a D40C21BE 		.ascii	"\324\014!\276\357(\304\261\020\257\376\037\331B\010"
 945      EF28C4B1 
 945      10AFFE1F 
 945      D94208
 946 0049 4C24A5F5 		.ascii	"L$\245\365\207d\017N\251,\010"
 946      87640F4E 
 946      A92C08
 947              		.text
 948              		.section	.gnu.lto_.pureconst.beafa6fe21dd05e9,"e",%progbits
 949 0000 789C1366 		.ascii	"x\234\023f```c\230\305\3028\213\205i\026\013\363,\026"
 949      60606063 
 949      98C5C238 
 949      8B856916 
 949      0BF32C16 
 950 0014 96592CAC 		.ascii	"\226Y,\254\263X\000%\275\003\335"
 950      B3580025 
 950      BD03DD
 951              		.text
 952              		.section	.gnu.lto_.ipa_modref.beafa6fe21dd05e9,"e",%progbits
 953 0000 789C5362 		.ascii	"x\234Sbd`\340`\200\0006\006\246\000\020\315\310\304"
 953      6460E060 
 953      80003606 
 953      A60010CD 
 953      C8C4
 954 0012 C5C0C4C4 		.ascii	"\305\300\304\304\312\300\010\204\007\030\024\016001"
 954      CAC00884 
 954      0718140E 
 954      303031
 955 0021 83D90A0A 		.ascii	"\203\331\012\012\012\214 iF\240*F\2102F\250\262\006"
 955      0A8C2069 
 955      46A02A46 
 955      883246A8 
 955      B206
 956 0033 46050506 		.ascii	"F\005\005\006\240&\014\375 \011T\355\314\314\001\177"
 956      A0260CFD 
 956      200954ED 
 956      CCCC017F 
 957 0043 D8D1953D 		.ascii	"\330\321\225=@\265\006\303l\030\275\341H\303\217\355"
 957      40B506C3 
 957      6C18BDE1 
 957      48C38FED 
 958 0053 2C2CCC60 		.ascii	",,\314`{\3609\024\305\004\240\351\0120\332\200\225e"
 958      7BF03914 
 958      C504A0E9 
 958      0A30DA80 
 958      9565
 959 0065 071BD4C3 		.ascii	"\007\033\324\303`E\314L\334`E\014\310\016E\030\372\000"
ARM GAS  /var/folders/t2/7bcnkrz10_lcdd2nm4q03l7w0000gn/T//ccNttN17.s 			page 23


 959      6045CC4C 
 959      DC60450C 
 959      C80E4518 
 959      FA00
 960 0077 22B98071 		.ascii	"\"\271\200q\001\220d7L\366764f\000\000\004\\\031X"
 960      01906437 
 960      4CF63736 
 960      34660000 
 960      045C1958 
 961              		.text
 962              		.section	.gnu.lto_.lto.beafa6fe21dd05e9,"e",%progbits
 963 0000 0D000100 		.ascii	"\015\000\001\000\001\000\000\000"
 963      01000000 
 964              		.text
 965              		.section	.gnu.lto__writes.431.beafa6fe21dd05e9,"e",%progbits
 966 0000 789C6D51 		.ascii	"x\234mQAh\023Q\020\235\371\263\273II\213`Q\301 x\021"
 966      41681351 
 966      109DF9B3 
 966      BB49498B 
 966      6051C120 
 967 0016 4169BE56 		.ascii	"Ai\276V\214\036\013J=\210x\320B\020<$\272\265\261\211"
 967      8C1E0B4A 
 967      3D8878D0 
 967      42103C24 
 967      BAB5B189 
 968 002a 89D940C8 		.ascii	"\211\331@\310!\3447\305\010\361T\301\223P#Rh\244E\205"
 968      21E437C5 
 968      08F154C1 
 968      93502352 
 968      68A44585 
 969 003e 42A994B0 		.ascii	"B\251\224\260\264T\212P\014\236=\210 \036\012\242\""
 969      B4548A50 
 969      0C9E3D88 
 969      201E0AA2 
 969      22
 970 004f 123DB4CE 		.ascii	"\022=\264\316\337\215\241`\017\357\357\314\274\367\337"
 970      DF8DA160 
 970      0FEFEFCC 
 970      BCF7DF
 971 005e CCCEBF2E 		.ascii	"\314\316\277.\000\012\000p\204\201\004\370p\252&@)5"
 971      000A0070 
 971      848104F8 
 971      70AA2640 
 971      2935
 972 0070 14103831 		.ascii	"\024\02081U\373\2621\214\253\350\345\010e\201e\234#"
 972      55FBB231 
 972      8CABE8E5 
 972      08658165 
 972      9C23
 973 0082 13AD7E34 		.ascii	"\023\255~4\370\334\207\207\245\253T\373\301|\2634=\353"
 973      F8DC8787 
 973      A5AB54FB 
 973      C17CB334 
 973      3DEB
 974 0094 1A6528BD 		.ascii	"\032e(\275\306%d'018\002\003L\266\376\264\225\332\013"
 974      C6256427 
 974      30313802 
ARM GAS  /var/folders/t2/7bcnkrz10_lcdd2nm4q03l7w0000gn/T//ccNttN17.s 			page 24


 974      034CB6FE 
 974      B495DA0B 
 975 00a8 9BB08C1D 		.ascii	"\233\260\214\035R\210\3303\213\371\214\317\267~k\276"
 975      5288D833 
 975      8BF98CCF 
 975      B77E6BBE 
 976 00b8 D8ECD214 		.ascii	"\330\354\322\024\233\327t\316\247\177yt\331\355\322"
 976      9BD774CE 
 976      A77F7974 
 976      D9EDD2
 977 00c7 105BB43C 		.ascii	"\020[\264<\377<\037\307Y\362\2555\363\035\327\225QX"
 977      FF3C1FC7 
 977      59F2AD35 
 977      F31DD795 
 977      5158
 978 00d9 C16EFB98 		.ascii	"\301n\373\230k\205`\025\241\244\377\212\361\342\275"
 978      6B856015 
 978      A1A4FF8A 
 978      F1E2BD
 979 00e8 F951B5B7 		.ascii	"\371Q\265\267\237(\365\365\300\326\207E\334\203 L\301"
 979      9F28F5F5 
 979      C0D68745 
 979      DC83204C 
 979      C1
 980 00f9 2086C130 		.ascii	" \206\3010AX\026#\300q\220\321\203\270\214!D\027{\021"
 980      41581623 
 980      C07190D1 
 980      83B88C21 
 980      44177B11 
 981 010d 9B6CD120 		.ascii	"\233l\321 \275\025e <'\341G\023.l\013\365\351i\230?"
 981      BD156520 
 981      3C27E147 
 981      132E6C0B 
 981      F5E96998 
 982 0122 95FA0CE2 		.ascii	"\225\372\014\342\012R\217Wj\204a\222*\315\306AB^S\001"
 982      0A528F57 
 982      6A846192 
 982      2ACDC641 
 982      425E5301 
 983 0136 79D239BD 		.ascii	"y\3229\275\304\340\335\324\032BTG\3457\230\341\301<"
 983      C4E0DDD4 
 983      1A425447 
 983      E53798E1 
 983      C13C
 984 0148 5984C42E 		.ascii	"Y\204\304.\202uL{\202\311\227\325G&\021!\011\235\375"
 984      82754C7B 
 984      82C997D5 
 984      47261121 
 984      099DFD
 985 015b ACDA6470 		.ascii	"\254\332dp\032\322]\207\200'$\303k\372\3521\362S\371"
 985      1AD25D87 
 985      802724C3 
 985      6BFAEA31 
 985      F253F9
 986 016e 8E87C8FC 		.ascii	"\216\207\310\374\337\321y\213\343\276\343B\365\263I"
 986      DFD1798B 
 986      E3BEE342 
ARM GAS  /var/folders/t2/7bcnkrz10_lcdd2nm4q03l7w0000gn/T//ccNttN17.s 			page 25


 986      F5B349
 987 017d 1699EC78 		.ascii	"\026\231\354x\217\252\365>\250\241H\336\002\340Z/\031"
 987      8FAAF53E 
 987      A8A148DE 
 987      02E05A2F 
 987      19
 988 018e A2CFF35B 		.ascii	"\242\317\363[ \337\313\242\300.\323m\374\233n\272\272"
 988      20DFCBA2 
 988      C02ED36D 
 988      FC9B6EBA 
 988      BA
 989 019f 4614E491 		.ascii	"F\024\344\221\002Z\376\243\206\035\361\254\265C\375"
 989      025AFEA3 
 989      861DF1AC 
 989      B543FD
 990 01ae 4EAB29E8 		.ascii	"N\253)\350\371.\205\341>U\352\233|G?U\203\320_\247r"
 990      F92E85E1 
 990      3E55EA9B 
 990      7C473F55 
 990      83D05FA7 
 991 01c3 393B2A47 		.ascii	"9;*G\034;\347\310\333\366\350h\316.\026\343\031y\336"
 991      1C3BE7C8 
 991      DBF6E868 
 991      CE2E16E3 
 991      1979DE
 992 01d6 76C6F399 		.ascii	"v\306\363\231\254\034\276xf\360\324\245\223\003\327"
 992      AC1CBE78 
 992      66F0D4A5 
 992      9303D7
 993 01e5 2E5C8DC2 		.ascii	".\\\215\302\261\210<7\226L$/_\221\031G\216\305S2\225"
 993      B1883C37 
 993      964C242F 
 993      5F911947 
 993      8EC55332 
 994 01fa 4C48279F 		.ascii	"LH'\237\263\343iG\246\355t'\214\334\000\221\314\356"
 994      B3E36947 
 994      A6ED7427 
 994      8CDC0091 
 994      CCEE
 995 020c DF59889C 		.ascii	"\337Y\210\2348\033M\304O\017\336\004\221\310\342\035"
 995      381B4DC4 
 995      4F0FDE04 
 995      91C8E21D 
 996 021c 4A3BD9BF 		.ascii	"J;\331\277\375O\334\374"
 996      FD4FDCFC 
 997              		.text
 998              		.section	.gnu.lto__reads.432.beafa6fe21dd05e9,"e",%progbits
 999 0000 789C6D51 		.ascii	"x\234mQMh\023Q\020\236y\263\273\331\222\210\250\350"
 999      4D681351 
 999      109E79B3 
 999      BBD99288 
 999      A8E8
 1000 0012 C1827852 		.ascii	"\301\202xRT\222\325\212\321cA\321\203\210\007-\004\017"
 1000      5492D58A 
 1000      D16341D1 
 1000      8388072D 
 1000      040F
ARM GAS  /var/folders/t2/7bcnkrz10_lcdd2nm4q03l7w0000gn/T//ccNttN17.s 			page 26


 1001 0024 42A25B1A 		.ascii	"B\242[\032\233\230\230\015\204\034B^S\272\205\324K\275"
 1001      9B98980D 
 1001      841C425E 
 1001      53BA85D4 
 1001      4BBD
 1002 0036 0A351E02 		.ascii	"\0125\036\002\215\324_\274(%,\255J\021D\361\344\301"
 1002      8DD45FBC 
 1002      28252CAD 
 1002      4A1144F1 
 1002      E4C1
 1003 0048 8378520A 		.ascii	"\203xR\012jK\205\024\204:o7\206\202=|og\346\373\336"
 1003      6A4B8514 
 1003      843A6F37 
 1003      86823D7C 
 1003      6F67E6FB 
 1004 005d 37B3F3AE 		.ascii	"7\263\363\256\012\200\022\000\034` \001\336\231\256"
 1004      0A801200 
 1004      1C602001 
 1004      DE99AE
 1005 006c 0B90520E 		.ascii	"\013\220R\016\206\004\216M\327'\237~3q\021\375\002B"
 1005      86048E4D 
 1005      D7279F7E 
 1005      337111FD 
 1005      0242
 1006 007e 556015E7 		.ascii	"U`\025\347HGc\027j|\356\306\375\226'eg\352\341jef\326"
 1006      48476317 
 1006      6A7CEEC6 
 1006      FD962765 
 1006      67EAE16A 
 1007 0095 D3AA5079 		.ascii	"\323\252Py\211/\220\255@Gs\010\242L~\350t\244\334\011"
 1007      892F90AD 
 1007      40477308 
 1007      A24C7EE8 
 1007      74A4DC09 
 1008 00a9 CB308F5D 		.ascii	"\3130\217]R\210\304\017\235\371\\\300?[W|\271\335\243"
 1008      5288C40F 
 1008      9DF95CC0 
 1008      3F5B577C 
 1008      B9DDA3
 1009 00bc 29D15174 		.ascii	")\321Qt!\240?\371t\325\353\321\220\250\031\276\177\221"
 1009      21A03FF9 
 1009      74D5EBD1 
 1009      90A819BE 
 1009      7F91
 1010 00ce 8F232CF9 		.ascii	"\217#,\371\265\326\\\301%\251\225\026\260\327>1e\204"
 1010      B5D65CC1 
 1010      25A99516 
 1010      B0D73E31 
 1010      6584
 1011 00e0 6111A1A2 		.ascii	"a\021\241\242~\213\361\370\243\376Ev6\356I\371h\337"
 1011      7E8BF1F8 
 1011      A3FE4576 
 1011      36EE49F9 
 1011      68DF
 1012 00f2 CFCFAF76 		.ascii	"\317\317\257vlG\020\272`\020Cc\350\334\327`\20486\031"
 1012      6C4710BA 
 1012      60104363 
ARM GAS  /var/folders/t2/7bcnkrz10_lcdd2nm4q03l7w0000gn/T//ccNttN17.s 			page 27


 1012      E8DCD760 
 1012      84383619 
 1013 0106 7D88F318 		.ascii	"}\210\363\030F\3640\202\330f\213\026\251\265H\015\341"
 1013      46F43082 
 1013      D8668B16 
 1013      A9B5480D 
 1013      E1
 1014 0117 0189201A 		.ascii	"\001\211 \032\363`C\310\257\337\373\371Sk4\021\027\220"
 1014      F36043C8 
 1014      AFDFFBF9 
 1014      536B3411 
 1014      1790
 1015 0129 FAFCD24A 		.ascii	"\372\374\322J?\214S\255\335\332K\310k*!O:\247\226h:"
 1015      3F8C53AD 
 1015      DDDA4BC8 
 1015      6B2A214F 
 1015      3AA79668 
 1016 013e 99D70871 		.ascii	"\231\327\010q\025U\337\340-\036\314\227EIl!X\302\234"
 1016      1555DFE0 
 1016      2D1ECC97 
 1016      45496C21 
 1016      58C29C
 1017 0151 2F187FE2 		.ascii	"/\030\177\342N\350D\204$T\266\346\332\244q\032V]\007"
 1017      4EE84484 
 1017      2454B6E6 
 1017      DAA4711A 
 1017      565D07
 1018 0164 812724CD 		.ascii	"\201'$\315o\272~\027\371\251\002\307C\244\377\357X~"
 1018      6FBA7E17 
 1018      F9A902C7 
 1018      43A4FFEF 
 1018      587E
 1019 0176 8BD9C0F1 		.ascii	"\213\331\300\361\271\333\014\221A:;N\220\333\330\006"
 1019      B9DB0C91 
 1019      413A3B4E 
 1019      90DBD806 
 1020 0186 7514A369 		.ascii	"u\024\243i\000\212pU\023\021\337\357\017\005^\006\205"
 1020      008A7055 
 1020      1311DFEF 
 1020      0F055E06 
 1020      85
 1021 0197 B698EEDD 		.ascii	"\266\230\356\335\277\351f\334\337D&\217\024R\362\325"
 1021      BFE966DC 
 1021      DF44268F 
 1021      1452F2D5 
 1022 01a7 3A76C5B3 		.ascii	":v\305\263\306&\365{\245&\323\367\275\177\233`\222j"
 1022      C626F57B 
 1022      A526D3F7 
 1022      BD7F9B60 
 1022      926A
 1023 01b9 8D65BEA4 		.ascii	"\215e\276\244\336\252E\030\354Sz\234\035\264\206\034"
 1023      DEAA4518 
 1023      EC537A9C 
 1023      1DB4861C 
 1024 01c9 BBE05837 		.ascii	"\273\340X7\354\341\341\202].'s\326\031\333\031-\346"
 1024      ECE1E182 
 1024      5D2E2773 
ARM GAS  /var/folders/t2/7bcnkrz10_lcdd2nm4q03l7w0000gn/T//ccNttN17.s 			page 28


 1024      D619DB19 
 1024      2DE6
 1025 01db F2D6D9F3 		.ascii	"\362\326\331\363'\007\216_8\026\275r\356r\034\016\307"
 1025      27078E5F 
 1025      3816BD72 
 1025      EE721C0E 
 1025      C7
 1026 01ec ACD323E9 		.ascii	"\254\323#\351T\372\342%+\347X#\311\214\225I\247,\247"
 1026      54FAE225 
 1026      2BE75823 
 1026      C98C9549 
 1026      A72CA7
 1027 01ff 58B09359 		.ascii	"X\260\223Y\307\312\332\331n\030\273\006\"\235\337\263"
 1027      C7CADAD9 
 1027      6E18BB06 
 1027      229DDFB3 
 1028 020f B9103B7A 		.ascii	"\271\020;z*\236J\236\030\270\016\"\225\307\233\224u"
 1028      2A9E4A9E 
 1028      18B80E22 
 1028      95C79B94 
 1028      75
 1029 0220 F27F0167 		.ascii	"\362\177\001g\312\336\305"
 1029      CADEC5
 1030              		.text
 1031              		.section	.gnu.lto__put.433.beafa6fe21dd05e9,"e",%progbits
 1032 0000 789C6D90 		.ascii	"x\234m\220Mh\023Q\020\307g\336\354nZ\"\365\243(\342"
 1032      4D681351 
 1032      10C767DE 
 1032      EC6E5A22 
 1032      F5A328E2 
 1033 0014 41C48BA0 		.ascii	"A\304\213\2406\253\221F/b\301O\020\361\240\205\350-"
 1033      36AB9146 
 1033      2F62C14F 
 1033      10F1A085 
 1033      E82D
 1034 0026 D194C426 		.ascii	"\321\224\304&$\315\006K\0161/I\215\220V$REEb/b\"\025"
 1034      24CD064B 
 1034      0E312F49 
 1034      8D905624 
 1034      52454562 
 1035 003e 11BD544A 		.ascii	"\021\275TJH\251\226RE\213\275\010^R\025\241\010E{\312"
 1035      48A99652 
 1035      458BBD08 
 1035      5E5215A1 
 1035      08457BCA 
 1036 0052 45EBEC26 		.ascii	"E\353\354&\015\005{\230\307\360\3467\377\371\317\\\020"
 1036      0D057B98 
 1036      C7F0E637 
 1036      FFF9CF5C 
 1036      10
 1037 0063 00310038 		.ascii	"\0001\0008\316\201*\340\355|N\200\224\262\313&\304@"
 1037      CE812AE0 
 1037      ED7C4E80 
 1037      94B2CB26 
 1037      C440
 1038 0075 7E50E004 		.ascii	"~P\340\004\026\013{\225L\276\355\363\374\334\021\205"
 1038      160B7B95 
ARM GAS  /var/folders/t2/7bcnkrz10_lcdd2nm4q03l7w0000gn/T//ccNttN17.s 			page 29


 1038      4CBEEDF3 
 1038      FCDC1185 
 1039 0085 70389F7B 		.ascii	"p8\237{\362\322o\021\012\246\2324BR\220\202I\034%\025"
 1039      F2D26F11 
 1039      0AA69A34 
 1039      42529082 
 1039      491C2515 
 1040 0099 B57654F8 		.ascii	"\265vT\370\335\214;t.\326\006\237\335\315\256\257f\256"
 1040      DD8C3B74 
 1040      2ED6069F 
 1040      DDCDAEAF 
 1040      66AE
 1041 00ab 9F4A42E2 		.ascii	"\237JB\3425\216!\217\002\025[\272\241\243\"\345\354"
 1041      358E218F 
 1041      02155BBA 
 1041      A1A322E5 
 1041      EC
 1042 00bc 524DCA4D 		.ascii	"RM\312M\360\023\306\261Q\024\302]Q\271\036\256\327\037"
 1042      F013C6B1 
 1042      5114C25D 
 1042      51B91EAE 
 1042      D71F
 1043 00ce FC965283 		.ascii	"\374\226R\203x\031\023\235N.\222{F\265\332\373\370\331"
 1043      7819139D 
 1043      4E2E927B 
 1043      46B5DAFB 
 1043      F8D9
 1044 00e0 C3C0AF7B 		.ascii	"\303\300\257{S\303\333G\322\033\372+\330Tw\317\251v"
 1044      53C3DB47 
 1044      D21BFA2B 
 1044      D85477CF 
 1044      A976
 1045 00f2 98404898 		.ascii	"\230@H\230[q<\377\244Vem\371\221\224\213;S\357\276\334"
 1045      5B713CFF 
 1045      A456656D 
 1045      F991948B 
 1045      3B53EFBE 
 1046 0107 176D0842 		.ascii	"\027m\010B\025\034\004BS8T\3165\016\033\010hE\034G;"
 1046      151C0442 
 1046      533854CE 
 1046      350E1B08 
 1046      68451C47 
 1047 011c 62995B4B 		.ascii	"b\231[Kd\356'\025\204\247$\352Y\252\002\313B~}1\324"
 1047      64EE2715 
 1047      84A724EA 
 1047      59AA02CB 
 1047      427E7D31 
 1048 0131 CEC7E134 		.ascii	"\316\307\3414=\362\030\261\202\324j}\217\015\021d(]"
 1048      3DF218B1 
 1048      82D46A7D 
 1048      8F0D1164 
 1048      285D
 1049 0143 2E6D23E4 		.ascii	".m#\344\033\364#\333\034Enl\351\013N\"\270\314,\374"
 1049      1BF423DB 
 1049      1C456E6C 
 1049      E90B4E22 
 1049      B8CC2CFC 
ARM GAS  /var/folders/t2/7bcnkrz10_lcdd2nm4q03l7w0000gn/T//ccNttN17.s 			page 30


 1050 0157 0643ECCA 		.ascii	"\006C\354\312\302\034$\326\000\246\260\227\201\277b"
 1050      C21C24D6 
 1050      00A6B097 
 1050      81BF62
 1051 0166 6061D249 		.ascii	"`a\322IH\302\\\212\035\320\304\315\302\037Zq0\2772j"
 1051      48C25C8A 
 1051      1DD0C4CD 
 1051      C21F5A71 
 1051      30BF326A 
 1052 017a 2BD1FF1A 		.ascii	"+\321\377\032\3064\006\254!\231W\331;*)D,\303\370\303"
 1052      C63406AC 
 1052      219957D9 
 1052      3B2A2944 
 1052      2CC3F8C3 
 1053 018e D261F665 		.ascii	"\322a\366e X\015E\212_\235A \273\245\370}]]P#u\015S"
 1053      20580D45 
 1053      8A5F9D41 
 1053      20BBA5F8 
 1053      7D5D5D50 
 1054 01a6 EF2D532C 		.ascii	"\357-S,X\310\276%bF\013#\232\015K9l\340Em\025\377\321"
 1054      58C8BE25 
 1054      62460B23 
 1054      9A0D4B39 
 1054      6CE0456D 
 1055 01bd E449B394 		.ascii	"\344I\263\224\027\330\253\271\201\322\274\341\015Jw"
 1055      17D8ABB9 
 1055      81D2BCE1 
 1055      0D4A77
 1056 01cc 01D9F8F7 		.ascii	"\001\331\370\367\026\331\264$^\023\213\337\252\033\371"
 1056      16D9B424 
 1056      5E138BDF 
 1056      AA1BF9
 1057 01db A49C037D 		.ascii	"\244\234\003}\3701\213||\254\343\262\302\330.\275\333"
 1057      F8318B7C 
 1057      7CACE3B2 
 1057      C2D82EBD 
 1057      DB
 1058 01ec F0450DFD 		.ascii	"\360E\015\375\212\257\247'\352\213\307=a\375\230\317"
 1058      8AAFA727 
 1058      EA8BC73D 
 1058      61FD98CF 
 1059 01fc E88D8523 		.ascii	"\350\215\205#\372\211\323\007\235\007\316\354\357\270"
 1059      FA89D307 
 1059      9D07CEEC 
 1059      EFB8
 1060 020a 78F2BC0B 		.ascii	"x\362\274\013v;\364\243\376\2007p\366\234\0366t\277"
 1060      763BF4A3 
 1060      FE803770 
 1060      F69C1E36 
 1060      74BF
 1061 021c 27A80703 		.ascii	"'\250\007\003^\335\210E}\236\220\241\207|\241F\352\270"
 1061      5EDD8845 
 1061      7D9E90A1 
 1061      877CA146 
 1061      EAB8
 1062 022e 042210D9 		.ascii	"\004\"\020\331\262\372\303\261\357\220\313\353\351t"
 1062      B2FAC3B1 
ARM GAS  /var/folders/t2/7bcnkrz10_lcdd2nm4q03l7w0000gn/T//ccNttN17.s 			page 31


 1062      EF90CBEB 
 1062      E974
 1063 023c 5E06F452 		.ascii	"^\006\364R\310\210\374\003\220'\352|"
 1063      C888FC03 
 1063      9027EA7C 
 1064              		.text
 1065              		.section	.gnu.lto__get.434.beafa6fe21dd05e9,"e",%progbits
 1066 0000 789C6D90 		.ascii	"x\234m\220_HSq\024\307\317\371\235{\257\303\254,\261"
 1066      5F485371 
 1066      14C7CFF9 
 1066      9D7BAFC3 
 1066      AC2CB1
 1067 0013 8790E84D 		.ascii	"\207\220\350M\250\346\255\205\253\267\204\376BD\017"
 1067      A8E6AD85 
 1067      ABB784FE 
 1067      42440F
 1068 0022 3590A087 		.ascii	"5\220\240\207\255&[\272\356\362\216d\017\266\237\233"
 1068      AD265BBA 
 1068      EEF28E64 
 1068      0FB69F9B 
 1069 0032 296C8D98 		.ascii	")l\215\230\370$\261|\031h\250\021\344C2\326\206a\021"
 1069      F824B17C 
 1069      1968A811 
 1069      E44332D6 
 1069      866111
 1070 0045 1856443D 		.ascii	"\030VD=\256\336\312\2270\202\005\245\235{\267\211Pp"
 1070      AEDECA97 
 1070      308205A5 
 1070      9D7BB789 
 1070      5070
 1071 0057 7FBFDFB9 		.ascii	"\177\277\337\271\277\337\347|\317\367\234\253\002 \002"
 1071      BFDFE77C 
 1071      CFF79CAB 
 1071      022002
 1072 0066 00A779A1 		.ascii	"\000\247y\241\0128\226I\012\220Rv5\0101\234I\011,\341"
 1072      0A389649 
 1072      0A905276 
 1072      3508319C 
 1072      49092CE1 
 1073 007a 54F69092 		.ascii	"T\366\220\222\310\354\370\364\371\375\011\205p<\223"
 1073      C8ECF8F4 
 1073      F9FD0985 
 1073      703C93
 1074 0089 FC381FB0 		.ascii	"\3748\037\260\011\005\2076i\204\230 \005c8C*j-\250\360"
 1074      09058736 
 1074      69849820 
 1074      05633843 
 1074      2A6A2DA8 
 1075 009e DE8AFB75 		.ascii	"\336\212\373u~\254\244f\027Fv\226\023w\317\305`p\001"
 1075      7EACA466 
 1075      17467696 
 1075      1377CFC5 
 1075      607001
 1076 00b1 9F219702 		.ascii	"\237!\227\002\025\035\036p\026\245\\Y\253H\271\033V"
 1076      151D1E70 
 1076      16A55C59 
 1076      AB48B91B 
ARM GAS  /var/folders/t2/7bcnkrz10_lcdd2nm4q03l7w0000gn/T//ccNttN17.s 			page 32


 1076      56
 1077 00c2 218FB547 		.ascii	"!\217\265G!\272\307T\2330x;\310\314\367\302\322\370"
 1077      21BAC754 
 1077      9B30783B 
 1077      C8CCF7C2 
 1077      D2F8
 1078 00d4 BEC97873 		.ascii	"\276\311xs\264\200\233\002\3359\225\011\263N\344\227"
 1078      B4809B02 
 1078      DD399509 
 1078      B34EE497 
 1079 00e4 D26D65D9 		.ascii	"\322me\331<P\304\301N\227\375\376@\335\006%|\2160h\265"
 1079      3C50C4C1 
 1079      4E97FDFE 
 1079      40DD0625 
 1079      7C8E3068 
 1080 00f9 C61F16F1 		.ascii	"\306\037\026\361\361;\265,+\033\017\245\234k\177\373"
 1080      F13BB52C 
 1080      2B1B0FA5 
 1080      9C6B7FFB 
 1081 0109 F2C784D8 		.ascii	"\362\307\204\330\216 T\301\213@h\012/\225c\015\0048"
 1081      8E2054C1 
 1081      8B40680A 
 1081      2F95630D 
 1081      0438
 1082 011b 10F3D808 		.ascii	"\020\363\330\010\234\323\304\177\000\323d\365)\025\204"
 1082      9CD3C47F 
 1082      00D364F5 
 1082      291584
 1083 012a 4724AAD1 		.ascii	"G$\252\321P\0216\204\374\362\353^\013\017\311\016\177"
 1083      50113684 
 1083      FCF2EB5E 
 1083      0B0FC90E 
 1083      7F
 1084 013b 37F1119F 		.ascii	"7\361\021\237\314!\026\220\034\366U.M\220\240xaz/!\217"
 1084      CC211690 
 1084      1CF6552E 
 1084      4D90A078 
 1084      617A2F21 
 1085 0150 248A6C78 		.ascii	"$\212lx\0069\337q\353\346\"\202\333\212\214\027\030"
 1085      0639DF71 
 1085      EBE62282 
 1085      DB8A8C17 
 1085      18
 1086 0161 E21236E6 		.ascii	"\342\0226\346$\361\037`\011{\031X\027\303_\027]\204"
 1086      24F11F60 
 1086      097B1958 
 1086      17C35F17 
 1086      5D84
 1087 0173 64190236 		.ascii	"d\031\0026B\245t\366\017\325\215\314\326K\265\021\375"
 1087      42A574F6 
 1087      0FD58DCC 
 1087      D64BB511 
 1087      FD
 1088 0184 AB61BEC2 		.ascii	"\253a\276\302\240]$\361t\344\203J\012\021\3130>\221"
 1088      A05D24F1 
 1088      74E4834A 
 1088      0A11CB30 
ARM GAS  /var/folders/t2/7bcnkrz10_lcdd2nm4q03l7w0000gn/T//ccNttN17.s 			page 33


 1088      3E91
 1089 0196 F250233B 		.ascii	"\362P#;3\021\354\224\251\206\201\333\257y\\V#\255\334"
 1089      3311EC94 
 1089      A98681DB 
 1089      AF795C56 
 1089      23ADDC
 1090 01a9 3E35DAE2 		.ascii	">5\332\342Ol\361Dv\344'\213\223\320\014D+{-\211\265"
 1090      4F6CF144 
 1090      76E4278B 
 1090      93D00C44 
 1090      2B7B2D89 
 1091 01be 5253DA16 		.ascii	"RS\332\026\277\313\226_R\355\314\371\252\255\365\321"
 1091      BFCB965F 
 1091      52EDCCF9 
 1091      AAADF5D1 
 1092 01ce 1C5113AB 		.ascii	"\034Q\023\253Y\306\225\315\011\216R\274\013H\343\333"
 1092      59C695CD 
 1092      098E52BC 
 1092      0B48E3DB 
 1093 01de FBA46931 		.ascii	"\373\244i1\274#\336|+\357\342\2012;\267\272\202<x\254"
 1093      BC23DE7C 
 1093      2BEFE281 
 1093      323BB7BA 
 1093      823C78AC 
 1094 01f2 C2B2C850 		.ascii	"\302\262\310P\273\3561\375\375\246~\303\337\323\323"
 1094      BBEE31FD 
 1094      FDA67EC3 
 1094      DFD3D3
 1095 0201 EF8F46BD 		.ascii	"\357\217F\275\206~\312o\366F\214\260~\346\3741\327\321"
 1095      867ECA6F 
 1095      F6468CB0 
 1095      7EE6FC31 
 1095      D7D1
 1096 0213 0B479C57 		.ascii	"\013G\234W\316^v\303\201\016\375d \350\013^\274\244"
 1096      CE5E76C3 
 1096      810EFD64 
 1096      20E80B5E 
 1096      BCA4
 1097 0225 1BA61EF0 		.ascii	"\033\246\036\360\366\351}A\237nF\372\375\336\220\251"
 1097      F6E97D41 
 1097      9F6E46FA 
 1097      FDDE90A9 
 1098 0235 87FCA15A 		.ascii	"\207\374\241Z\330q\015D0\274g\353E\307\341\343n\237"
 1098      D8710D44 
 1098      30BC67EB 
 1098      45C7E1E3 
 1098      6E9F
 1099 0247 B7D3751D 		.ascii	"\267\323u\035(d\206\321\367\027\327\371\355,"
 1099      286486D1 
 1099      F717D7F9 
 1099      ED2C
 1100              		.text
 1101              		.section	.gnu.lto__unget.435.beafa6fe21dd05e9,"e",%progbits
 1102 0000 789C6550 		.ascii	"x\234ePMh\023Q\020\236y\263\273\011UZ\265*\342A\274"
 1102      4D681351 
 1102      109E79B3 
 1102      BB09555A 
ARM GAS  /var/folders/t2/7bcnkrz10_lcdd2nm4q03l7w0000gn/T//ccNttN17.s 			page 34


 1102      B52AE241 
 1103 0015 094AB31A 		.ascii	"\011J\263\032i\364f\301\277\202\210\007\015\004o\211"
 1103      69F466C1 
 1103      BF828807 
 1103      0D046F89 
 1104 0025 6E69DA86 		.ascii	"ni\332\206M\263\301\222C\314kR#\244\026\211TT\220\332"
 1104      4DB3C192 
 1104      43CC6B52 
 1104      23A41689 
 1104      545490DA 
 1105 0039 83822935 		.ascii	"\203\202)5^D\250\224\220P\021\021\017\305\203\347 *"
 1105      5E44A894 
 1105      90501111 
 1105      0FC583E7 
 1105      202A
 1106 004b 1641DBE2 		.ascii	"\026A\333\342O\0244\316n\322P\360\301<\206\231\357\373"
 1106      4F1434CE 
 1106      6ED250F0 
 1106      C13C8699 
 1106      EFFB
 1107 005d E69BD92A 		.ascii	"\346\233\331*\000\342\000p\234\003U\300\033\371\234"
 1107      00E20070 
 1107      9C0355C0 
 1107      1BF99C
 1108 006c 0029658F 		.ascii	"\000)e\217K\210\261\374\270\300\012\336\276\343W2\371"
 1108      4B88B1FC 
 1108      B8C00ADE 
 1108      BEE35732 
 1108      F9
 1109 007d F64F1F67 		.ascii	"\366O\037g\216(\204\223\371\334\255\271~\007\241\340"
 1109      8E288493 
 1109      F9DCADB9 
 1109      7E07A1E0 
 1110 008d 680B8D90 		.ascii	"h\013\215\220\022\244`\012gIE\255\023\025\376\267\341"
 1110      12A4600A 
 1110      674945AD 
 1110      1315FEB7 
 1110      E1
 1111 009e 6E9D9BB5 		.ascii	"n\235\233\265\361G\313\331\216j\346Jo\012\222\317p\016"
 1111      F147CBD9 
 1111      8E6AE64A 
 1111      6F0A92CF 
 1111      700E
 1112 00b0 7914A8E8 		.ascii	"y\024\250\350\366CWY\312\305\0375)\267\300g\230\307"
 1112      F6435759 
 1112      CAC51F35 
 1112      29B7C067 
 1112      98C7
 1113 00c2 665388C0 		.ascii	"fS\210\300{\246\273\315F\177jEJ\015\022%Lv{\271I\201"
 1113      7BA6BBCD 
 1113      467F6A45 
 1113      4A0D1225 
 1113      4C767BB9 
 1114 00d8 2F8A431F 		.ascii	"/\212C\037\346o\037\003\226\277\275\230\3345\235\336"
 1114      E66F1F03 
 1114      96BFBD98 
 1114      DC359DDE 
ARM GAS  /var/folders/t2/7bcnkrz10_lcdd2nm4q03l7w0000gn/T//ccNttN17.s 			page 35


 1115 00e8 3452C696 		.ascii	"4R\306\226z\340\247\262\001*\010I{+\216\307o\324\252"
 1115      7AE0A7B2 
 1115      012A0849 
 1115      7B2B8EC7 
 1115      6FD4AA
 1116 00fb ACD5EF49 		.ascii	"\254\325\357IY\364\344\257}\300\215\010B\025\034\004"
 1116      59F4E4AF 
 1116      7DC08D08 
 1116      42151C04 
 1117 010b 42533854 		.ascii	"BS8T\020\340B\234\3076\304\0223\012d\257%\025\204\031"
 1117      10E0429C 
 1117      C736C412 
 1117      330A64AF 
 1117      25158419 
 1118 011f 128D6CB4 		.ascii	"\022\215l\264\014u!\337-Mt\362M8MO?@,#\271\234\362\312"
 1118      0C7521DF 
 1118      2D4D74F2 
 1118      4D384D4F 
 1118      3F402C23 
 1119 0137 044186D2 		.ascii	"\004A\206\322\245\302NB^}\004\331\335,2\321=\034]@\360"
 1119      A5C24E42 
 1119      5E7D04D9 
 1119      DD2C32D1 
 1119      3D1C5D40 
 1120 014c D999F91C 		.ascii	"\331\231\371\034#l\346\257\030[Z\360\022j\246\343\025"
 1120      236CE6AF 
 1120      185B5AF0 
 1120      126AA6E3 
 1120      15
 1121 015d 7804559E 		.ascii	"x\004U\236\276\375Mk#~9Z\231\251\354w\"\341\340\352"
 1121      BEFD4D6B 
 1121      237E395A 
 1121      99A9EC77 
 1121      22E1E0EA 
 1122 0171 FC3A6CFD 		.ascii	"\374:l\375\325\0346u\037j\353\204_\332\302$\034\366"
 1122      D51C3675 
 1122      1F6AEB84 
 1122      5FDAC224 
 1122      1CF6
 1123 0183 9F35273B 		.ascii	"\2375';\210\376\367`\275\302A\036\311\362O\2627UR\210"
 1123      88FEF760 
 1123      BDC2411E 
 1123      C9F24FB2 
 1123      37555288 
 1124 0197 47D8F0BB 		.ascii	"G\330\360\273\205^\266m!4\304)q\3515\002\2659\212\367"
 1124      855EB66D 
 1124      2134C429 
 1124      71E93502 
 1124      B5398AF7 
 1125 01ab DB1D934A 		.ascii	"\333\035\223J\353\016W)\335\003\244r\365:\251Z\012/"
 1125      EB0E5729 
 1125      DD03A472 
 1125      F53AA95A 
 1125      0A2F
 1126 01bd 8BE2D7EA 		.ascii	"\213\342\327\352f>\013\347@\305\325E\344\003b\003.\313"
 1126      663E0BE7 
 1126      40C5D545 
ARM GAS  /var/folders/t2/7bcnkrz10_lcdd2nm4q03l7w0000gn/T//ccNttN17.s 			page 36


 1126      E4036203 
 1126      2ECB
 1127 01cf 0CDBA3FB 		.ascii	"\014\333\243\373-#f\351\003F__\314H$\202\246~\314\260"
 1127      2D2366E9 
 1127      03465F5F 
 1127      CC482482 
 1127      A67ECCB0 
 1128 01e3 06E36654 		.ascii	"\006\343fT?q\352\220\367\340\351\003]\347O\236\363\301"
 1128      3F71EA90 
 1128      F7E0E903 
 1128      5DE74F9E 
 1128      F3C1
 1129 01f5 5E8F7EB4 		.ascii	"^\217~\264?\034\012\2379\253\233\226\336\037\034\322"
 1129      3F1C0A9F 
 1129      39AB9B96 
 1129      DE1F1CD2 
 1130 0205 87C221DD 		.ascii	"\207\302!\335\212\307\214`\304\322#F\244\231z.\200\010"
 1130      8AC78C60 
 1130      C4D22346 
 1130      A4997A2E 
 1130      8008
 1131 0217 47B7AF2F 		.ascii	"G\267\257/x\366\037\366\205\202\335\336\213\200!\212"
 1131      78F61FF6 
 1131      8582DDDE 
 1131      8B80218A 
 1132 0227 58D17F31 		.ascii	"X\321\1771.\333\316"
 1132      2EDBCE
 1133              		.text
 1134              		.section	.gnu.lto_vmt.436.beafa6fe21dd05e9,"e",%progbits
 1135 0000 789C4B62 		.ascii	"x\234Kb``\010a\200\000V\306.\306\246\206\206?G\247\235"
 1135      60600861 
 1135      800056C6 
 1135      2EC6A686 
 1135      863F47A7 
 1136 0015 59ACC558 		.ascii	"Y\254\305X_\013\023X1\233\271\272\022\316\351e\256/"
 1136      5F0B1358 
 1136      319BB9BA 
 1136      12CEE965 
 1136      AE2F
 1137 0027 87736A4B 		.ascii	"\207sjK\213\341\354\234\302| \233\355.\003#\203}SG\203"
 1137      8BE1EC9C 
 1137      C27C209B 
 1137      ED2E0323 
 1137      837D5347 
 1138 003c 416EF63E 		.ascii	"An\366>\306\314\275\214\351{\030Sw3&\357bL\334\311\310"
 1138      C6CCBD8C 
 1138      E97B1853 
 1138      773326EF 
 1138      624CDCC9 
 1139 0051 A0AE1F5A 		.ascii	"\240\256\037Z\234ZT\254\237\225\232\226V\224ZY\231\230"
 1139      9C5A54AC 
 1139      9F959A96 
 1139      56945A59 
 1139      9998
 1140 0063 AFEF925A 		.ascii	"\257\357\222Z\234]\222_\240\357\346mnd\354k\250\033"
 1140      9C5D925F 
 1140      A0EFE66D 
ARM GAS  /var/folders/t2/7bcnkrz10_lcdd2nm4q03l7w0000gn/T//ccNttN17.s 			page 37


 1140      6E64EC6B 
 1140      A81B
 1141 0075 E51E62C6 		.ascii	"\345\036b\306\240\245\247\357\234\221\231\224\351\037"
 1141      A0A5A7EF 
 1141      9C919994 
 1141      E91F
 1142 0083 AC9F5FAC 		.ascii	"\254\237_\254\237\221\230\243\237\223\231\244_\\R\224"
 1142      9F9198A3 
 1142      9F9399A4 
 1142      5F5C5294 
 1143 0093 9A985BAC 		.ascii	"\232\230[\254\237\233\232\013e\352%3\000\000\334s>\240"
 1143      9F9B9A0B 
 1143      65EA2533 
 1143      0000DC73 
 1143      3EA0
 1144              		.text
 1145              		.section	.gnu.lto_msObjectInit.437.beafa6fe21dd05e9,"e",%progbits
 1146 0000 789C7D91 		.ascii	"x\234}\221?h\024A\024\207\337ofo]H\245\242e\024,D!7"
 1146      3F681441 
 1146      1487DF6F 
 1146      666F5D48 
 1146      A5A26514 
 1147 0018 1AF1B414 		.ascii	"\032\361\264\024\024S\210Xh\212\263\273\3239\263&\313"
 1147      14538858 
 1147      688AB3BB 
 1147      D339B326 
 1147      CB
 1148 0029 9E3739C2 		.ascii	"\23679\302&\206\233D0\260\026!)\264Q#\330\334I\324Z"
 1148      26869B44 
 1148      30B01621 
 1148      29B45123 
 1148      D8DC49D4 
 1149 003e 8DC712FF 		.ascii	"\215\307\022\377\240\"\022R\211UT,\004\005\005\205X"
 1149      A0221252 
 1149      8955542C 
 1149      04050585 
 1149      58
 1150 004f 25B3B312 		.ascii	"%\263\263\022R\204,\354\356{\363}\357\355\274Y0\242"
 1150      52842CEC 
 1150      EE7BF37D 
 1150      EFEDBC59 
 1150      30A2
 1151 0061 0611ED31 		.ascii	"\006\021\355178az*f\244\265>\266\205al*\336\212\027"
 1151      3738617A 
 1151      2A66A4B5 
 1151      3EB68561 
 1151      6C2ADE8A 
 1152 0076 B019A8C1 		.ascii	"\260\031\250\301\320\300,\027&]\276\361\360c\217n&\370"
 1152      D0C02C17 
 1152      265DBEF1 
 1152      F0638F6E 
 1152      26F8
 1153 0088 91159B2B 		.ascii	"\221\025\233+\007w;\034\363\334\201\3359x\275\324\225"
 1153      07773B1C 
 1153      F3DC81DD 
 1153      3978BDD4 
 1153      95
ARM GAS  /var/folders/t2/7bcnkrz10_lcdd2nm4q03l7w0000gn/T//ccNttN17.s 			page 38


 1154 0099 68BD30FD 		.ascii	"h\2750\375O\353m4:\207\3063<\005\021C\361\276\221\274"
 1154      4FEB6D34 
 1154      3A87C633 
 1154      3C051143 
 1154      F1BE91BC 
 1155 00ad 6A86DB16 		.ascii	"j\206\333\026\217\264\3270+>J\361\220\305\277>M\334"
 1155      8FB4D730 
 1155      2B3E4AF1 
 1155      90C5BF3E 
 1155      4DDC
 1156 00bf E9BCC7A2 		.ascii	"\351\274\307\242d\015\363\342\223\024_\315\252\357\332"
 1156      640DF3E2 
 1156      93145FCD 
 1156      AAEFDA
 1157 00ce EA687E1D 		.ascii	"\352h~\035~\351\020ud{2\013\364x1\267\244\227Wf\264"
 1157      7EE91075 
 1157      647B320B 
 1157      F47831B7 
 1157      A4975766 
 1158 00e3 8E6FE1EB 		.ascii	"\216o\341\353\014\353`\300\034\034\240\015\027H\340"
 1158      0CEB60C0 
 1158      1C1CA00D 
 1158      1748E0
 1159 00f2 01F3C66B 		.ascii	"\001\363\306k\361tb\355\200\036p\226Ec\011\2550\375"
 1159      F17462ED 
 1159      801E7096 
 1159      456309AD 
 1159      30FD
 1160 0104 E5F924A7 		.ascii	"\345\371$\247k|\374f\374\227\233\321Fa\306\234M\317"
 1160      6B7CFC66 
 1160      FC979BD1 
 1160      4661C69C 
 1160      4DCF
 1161 0116 A3E90E0D 		.ascii	"\243\351\016\015\277\002\025L\350\325_C\331\371\353"
 1161      BF02154C 
 1161      E8D55F43 
 1161      D9F9EB
 1162 0125 298ECDFB 		.ascii	")\216\315\373\212\325\234\360-\336\200b\\7\376\276\372"
 1162      8AD59CF0 
 1162      2DDE8062 
 1162      5C37FEBE 
 1162      FA
 1163 0136 3BF3A1B4 		.ascii	";\363\241\264\345\347\254\345\355\326\256\015z\215\274"
 1163      E5E7ACE5 
 1163      EDD6AE0D 
 1163      7A8DBC
 1164 0145 4740C41D 		.ascii	"G@\304\035k~\333\314\214>\240\337\230\2565\277oj.\300"
 1164      6B7EDBCC 
 1164      8C3EA0DF 
 1164      98AE35BF 
 1164      6F6A2EC0 
 1165 0159 37A667CD 		.ascii	"7\246g\315\237\231\371\247\271\241\271\210KDndv:\301"
 1165      9F99F9A7 
 1165      B9A1B988 
 1165      4B446E64 
 1165      763AC1
 1166 016c C7977E4F 		.ascii	"\307\227~O\302\376\332\026Gv(:1\331^\321\253dM\211\313"
ARM GAS  /var/folders/t2/7bcnkrz10_lcdd2nm4q03l7w0000gn/T//ccNttN17.s 			page 39


 1166      C2FEDA16 
 1166      4776283A 
 1166      31D95ED1 
 1166      AB644D89 
 1167 0181 B252A9C9 		.ascii	"\262R\251\311(*\205\342\204T\375\203aU\234<u\244\373"
 1167      282A85E2 
 1167      8454FD83 
 1167      61559C3C 
 1167      75A4FB
 1168 0194 D0E9835D 		.ascii	"\320\351\203]\347{\316\025h\177^\034\357\363\313\376"
 1168      E77BCE15 
 1168      687F5E1C 
 1168      EFF3CBFE 
 1169 01a4 99B32254 		.ascii	"\231\263\"T\242\2574 \006\374\262P\2035Y\012\224\010"
 1169      A2AF3420 
 1169      06FCB250 
 1169      8335590A 
 1169      9408
 1170 01b6 64F03FCC 		.ascii	"d\360?\314_ \036\250\352\316\365+\371\003G\013\345\322"
 1170      5F201EA8 
 1170      EACEF52B 
 1170      F903470B 
 1170      E5D2
 1171 01c8 E1EE8BE4 		.ascii	"\341\356\213\344\226\353\225\212\2549\312\037\226\\"
 1171      96EB958A 
 1171      AC39CA1F 
 1171      965C
 1172 01d6 866A15B5 		.ascii	"\206j\025\265\241\323)"
 1172      A1D329
 1173              		.text
 1174              		.section	.gnu.lto_.symbol_nodes.beafa6fe21dd05e9,"e",%progbits
 1175 0000 789CBBC7 		.ascii	"x\234\273\307\000\004L\033\231\353y\032\200\200\205"
 1175      00044C1B 
 1175      99EB791A 
 1175      808085
 1176 000f 71C23906 		.ascii	"q\3029\006\206z\006\206\035\027\232\232\032\330@R\233"
 1176      867A0686 
 1176      1D179A9A 
 1176      1AD84052 
 1176      9B
 1177 0020 98EB7971 		.ascii	"\230\353yqHmf\256\347\303!\265\201\271\236\037\207\324"
 1177      486D66AE 
 1177      E7C321B5 
 1177      81B99E1F 
 1177      87D4
 1178 0032 7AE67A01 		.ascii	"z\346z\001\034R[\231\353\005Q\244vMhb\002J\260na\026"
 1178      1C525B99 
 1178      EB0551A4 
 1178      764D6862 
 1178      024AB06E 
 1179 0048 3AD0C2C8 		.ascii	":\320\302\310\300\300\314\270\215\271^\370?\024\310"
 1179      C0C0CCB8 
 1179      8DB95EF8 
 1179      3F14C8
 1180 0057 83953130 		.ascii	"\203\225104Lh\000\251bff\207hnagf\2013\031\000[HD\221"
 1180      344C6800 
 1180      A9626666 
ARM GAS  /var/folders/t2/7bcnkrz10_lcdd2nm4q03l7w0000gn/T//ccNttN17.s 			page 40


 1180      87686E61 
 1180      67668133 
 1181              		.text
 1182              		.section	.gnu.lto_.refs.beafa6fe21dd05e9,"e",%progbits
 1183 0000 789C05C1 		.ascii	"x\234\005\301\007\001\000\000\010\303\260\256\034\003"
 1183      07010000 
 1183      08C3B0AE 
 1183      1C03
 1184 000e F8F74A72 		.ascii	"\370\367Jr@\306\225Y\333\022\243<\003\360\000C"
 1184      40C69559 
 1184      DB12A33C 
 1184      03F00043 
 1185              		.text
 1186              		.section	.gnu.lto_.decls.beafa6fe21dd05e9,"e",%progbits
 1187 0000 789C8D56 		.ascii	"x\234\215V{PT\327\031?\337\331\313\356\005A\300\230"
 1187      7B5054D7 
 1187      193FDFD9 
 1187      CBEE0541 
 1187      C098
 1188 0012 9669634A 		.ascii	"\226icJ\247\177\304\232\321-:\3218\235\316\350$\323"
 1188      A77FC49A 
 1188      D12D3AD1 
 1188      389DCEE8 
 1188      24D3
 1189 0024 4CA735E9 		.ascii	"L\2475\351L\264\231\311d\206\000^t\015\273\313\354."
 1189      4CB499C9 
 1189      6486005E 
 1189      740DBBCB 
 1189      EC2E
 1190 0036 49ECF48F 		.ascii	"I\354\364\217s\227eY\025\313R\203l\320\350\272F\361"
 1190      73976559 
 1190      15CB5283 
 1190      6CD0E8BA 
 1190      46F1
 1191 0048 51158D46 		.ascii	"Q\025\215F\213JW\334\370\300G\214\361\011\001\211(`"
 1191      8B4A57DC 
 1191      F8C0478C 
 1191      F1090189 
 1191      2860
 1192 005a 01E5E583 		.ascii	"\001\345\345\203\004\244\337\271\367\260\2742mv\346"
 1192      04A4DFB9 
 1192      F7B0BC32 
 1192      6D76E6
 1193 0069 DB73CFFD 		.ascii	"\333s\317\375~\337\357\373\235\357\274n\\\034!}@\010"
 1193      7EDFEFFB 
 1193      9DEFBC6E 
 1193      5C1C217D 
 1193      4008
 1194 007b A1840CE1 		.ascii	"\241\204\014\341O\306\307\353hS\321\252\320\352\321"
 1194      4FC6C7EB 
 1194      6853D1AA 
 1194      D0EAD1
 1195 008a BE41AB45 		.ascii	"\276A\253E3!\356$\266\357\240\255@;\213\366\020\255"
 1195      3321EE24 
 1195      B6EFA0AD 
 1195      403B8BF6 
 1195      10AD
ARM GAS  /var/folders/t2/7bcnkrz10_lcdd2nm4q03l7w0000gn/T//ccNttN17.s 			page 41


 1196 009c 0ECD88BE 		.ascii	"\016\315\210\276Ih\011h\211h\311h\317\240MC{\036m\006"
 1196      49680968 
 1196      8968C968 
 1196      CFA04D43 
 1196      7B1E6D06 
 1197 00b0 DA0B9863 		.ascii	"\332\013\230c2\3219\270o\205\210\257\027\234\265\202"
 1197      32D139B8 
 1197      6F8588AF 
 1197      179CB582 
 1198 00c0 EB9AD070 		.ascii	"\353\232\320p\003\355E\021\233\206\366+\214O\020\361"
 1198      03ED4511 
 1198      9B86F62B 
 1198      8C4F10F1 
 1199 00d0 C922BE76 		.ascii	"\311\"\276vT|\235\210\273\362\003\261?\305\330x|w\207"
 1199      547C9D88 
 1199      BBF203B1 
 1199      3FC5D878 
 1199      7C7787
 1200 00e3 E83A87F5 		.ascii	"\350:\207\365\217\317}r\\\376\237\217\212K\020q\365"
 1200      8FCF7D72 
 1200      5CFE9F8F 
 1200      8A4B1071 
 1200      F5
 1201 00f4 22767CDC 		.ascii	"\"v|\334\350\334\277\300\270I\".\361\377\344\033\216"
 1201      E8DCBFC0 
 1201      B849222E 
 1201      F1FFE41B 
 1201      8E
 1202 0105 F91DC624 		.ascii	"\371\035\306$a\333.bZDN\256\267[\214\271_\324.\006\355"
 1202      61DB2E62 
 1202      5A444EAE 
 1202      B75B8CB9 
 1202      5FD42E06 
 1203 011a 293E4BD8 		.ascii	")>K\330R\264!|\006>\217h\277\025u\342\265\257\027\271"
 1203      52B4217C 
 1203      063E8F68 
 1203      BF1575E2 
 1203      B5AF17B9 
 1204 012e 4E8E9AA7 		.ascii	"N\216\232\247\253D\237\023\316qc\324x\271\016\3433 "
 1204      AB449F13 
 1204      CE7163D4 
 1204      78B90EE3 
 1204      3320
 1205 0140 199F8554 		.ascii	"\031\237\205T\211>>}\376n|r\230\261',\354\211m U\360"
 1205      893E3E7D 
 1205      FE6E7C72 
 1205      98B1272C 
 1205      EC896D20 
 1206 0156 2FC41F05 		.ascii	"/\304\037\005\015\223\204&\313\224\030\033\010\360e"
 1206      0D938426 
 1206      CB94181B 
 1206      08F065
 1207 0165 93C81F88 		.ascii	"\223\310\037\210l$/1\355\347\376\0319\301\325\0202?"
 1207      6C242F31 
 1207      EDE7FE19 
 1207      39C1D510 
 1207      323F
ARM GAS  /var/folders/t2/7bcnkrz10_lcdd2nm4q03l7w0000gn/T//ccNttN17.s 			page 42


 1208 0177 5EFE3391 		.ascii	"^\3763\221\350\341c\236k4Qcc\253\246\350d'\241\201\324"
 1208      E8E1639E 
 1208      6B345163 
 1208      63ABA6E8 
 1208      6427A181 
 1209 018c 4018FE0D 		.ascii	"@\030\376\015\362[D~\207\030\247\301\020\340\037\221"
 1209      F25B447E 
 1209      8718A7C1 
 1209      10E01F91 
 1210 019c B330A2B1 		.ascii	"\2630\242\261\257m\217\201Gt1w>\022\317&gaZ\015\234"
 1210      AF6D8F81 
 1210      47743177 
 1210      3E12CF26 
 1210      67615A0D 
 1211 01b1 81D320D1 		.ascii	"\201\323 \321\332\346\236S\223\243\342jA\027w\016M~"
 1211      DAE69E53 
 1211      93A3E26A 
 1211      4117770E 
 1211      4D7E
 1212 01c3 8FC8760C 		.ascii	"\217\310v\014\377\254xO\237\224\242\253a\006\256\344"
 1212      FFAC784F 
 1212      9F94A2AB 
 1212      6106AEE4 
 1213 01d3 025C841A 		.ascii	"\002\\\204\032.J\242'z\036\236\320\235\341\211\316/"
 1213      2E4AA227 
 1213      7A1E9ED0 
 1213      9DE189CE 
 1213      2F
 1214 01e4 5B7D9D23 		.ascii	"[}\235#\003\377Rp_\322\007>\025\213\023\004\371oD\212"
 1214      03FF5270 
 1214      5FD2073E 
 1214      158B1304 
 1214      F96F448A 
 1215 01f8 6FAE3FF4 		.ascii	"o\256?\364\\\312\014\376C\036\017Z,\271\014_!\354\012"
 1215      5CCA0CFE 
 1215      431E0F5A 
 1215      2CB90C5F 
 1215      21EC0A
 1216 020b 325D839B 		.ascii	"2]\203\233p\035n\300U\316\311\271\366}T\377\305\237"
 1216      701D6EC0 
 1216      55CEC9B9 
 1216      F67D54FF 
 1216      C59F
 1217 021d F6870B99 		.ascii	"\366\207\013\231_\315\207\010|\015W\004\3611\2649\034"
 1217      5FCD8708 
 1217      7C0D5704 
 1217      F131B439 
 1217      1C
 1218 022e D255E9DD 		.ascii	"\322U\351\335\374|\320\355\245\227\340|\324\2336\354"
 1218      FC7CD0ED 
 1218      A597E07C 
 1218      D49B36EC 
 1219 023e 3C70AA1B 		.ascii	"<p\252\033\316\204\027F\340\213\250\357\370p\244\377"
 1219      CE841746 
 1219      E08BA8EF 
 1219      F870A4FF 
 1220 024e 1826F7D2 		.ascii	"\030&\367\322\010T\217\361U\301(\347985\232\024}\362"
ARM GAS  /var/folders/t2/7bcnkrz10_lcdd2nm4q03l7w0000gn/T//ccNttN17.s 			page 43


 1220      08548FF1 
 1220      55C128E7 
 1220      3938359A 
 1220      147DF2
 1221 0261 35C0D1AE 		.ascii	"5\300\321\256.\335\332\230\2302v\004u0a\010\022\355"
 1221      2EDDDA98 
 1221      98327604 
 1221      75306108 
 1221      12ED
 1222 0273 DFBC6A90 		.ascii	"\337\274j\220F\313R/\250\276\001\356\373\374\242\332"
 1222      46CB522F 
 1222      A8BE01EE 
 1222      FBFCA2DA 
 1223 0283 1417F59D 		.ascii	"\024\027\365\235\023\276\006>\035\315<\311\205C\301"
 1223      13BE063E 
 1223      1DCD3CC9 
 1223      8543C1
 1224 0292 261AAB2D 		.ascii	"&\032\253-\355^^E\212UL2\232\264\245c\302\226\317\304"
 1224      ED5E5E45 
 1224      8A554C32 
 1224      9AB4A563 
 1224      C296CFC4 
 1225 02a6 87722B87 		.ascii	"\207r+\207>~z\272@Jdc\026\312\0350\325@3\334\306\211"
 1225      3E7E7ABA 
 1225      404A6463 
 1225      16CA1D30 
 1225      D54033DC 
 1226 02bc DFB989FD 		.ascii	"\337\271\211\375\3629\364\36616\375.|\013M|\237\000"
 1226      F239F4F6 
 1226      3136FD2E 
 1226      7C0B4D7C 
 1226      9F00
 1227 02ce B9A5C9D8 		.ascii	"\271\245\311\330\267\373\340\255\021\031-BF+\227\321"
 1227      B7FBE0AD 
 1227      11192D42 
 1227      462B97D1 
 1228 02de C9B9DBAE 		.ascii	"\311\271\333\256\337\376\307$.\243\026z9\374ts\265A"
 1228      DFFEC724 
 1228      2EA3167A 
 1228      39FC7473 
 1228      B541
 1229 02f0 57750FA9 		.ascii	"Wu\017\251\367\266\027\367'\214\347n\007\362\037\215"
 1229      F7B617F7 
 1229      278CE76E 
 1229      07F21F8D 
 1230 0300 FBDA83C6 		.ascii	"\373\332\203\306\335\306(w\273\340\356\340\334\335\234"
 1230      DDC62877 
 1230      BBE0EEE0 
 1230      DCDD9C
 1231 030f BBAE77A8 		.ascii	"\273\256w\250%\221\223E4\356\313\315\215\215q\274{\016"
 1231      25919345 
 1231      34EECBCD 
 1231      8D8D71BC 
 1231      7B0E
 1232 0321 EE23F7B7 		.ascii	"\356#\367\267\203\276P\242\236\352\001v\013\326\025"
 1232      83BE50A2 
 1232      9EEA0176 
ARM GAS  /var/folders/t2/7bcnkrz10_lcdd2nm4q03l7w0000gn/T//ccNttN17.s 			page 44


 1232      0BD615
 1233 0330 AD8F1B4E 		.ascii	"\255\217\033N\025\021\251\220\246KK\325UUvC\216\246"
 1233      1511A990 
 1233      A64B4BD5 
 1233      55557643 
 1233      8EA6
 1234 0342 EA16A97A 		.ascii	"\352\026\251zx\252G?\220\352h\273o\037h\033%<q\243\354"
 1234      78AA473F 
 1234      90EA68BB 
 1234      6F1F681B 
 1234      253C71A3 
 1235 0357 DE7166D7 		.ascii	"\336qf\327\010\327C\301\365H\313\363\275\2673,q\236"
 1235      08D743C1 
 1235      F548CBF3 
 1235      BDB7332C 
 1235      719E
 1236 0369 47D087D0 		.ascii	"G\320\207\320\203\335%\233\205\306\307\330\035b\335"
 1236      83DD259B 
 1236      85C6C7D8 
 1236      1D62DD
 1237 0378 2D86F11A 		.ascii	"-\206\361\032\373\201<\321b\007ow\3375Ey\373\005\357"
 1237      FB813CD1 
 1237      62076F77 
 1237      DF354579 
 1237      FB05EF
 1238 038b 775CE300 		.ascii	"w\\\343\000\360)N\301)\016\203\\D\2114\371REx\215\244"
 1238      F0294EC1 
 1238      290E835C 
 1238      448934F9 
 1238      5245788D 
 1239 03a0 ED949419 		.ascii	"\355\224\224\031\030R9\320\317\330\224\200\034\201\357"
 1239      185239D0 
 1239      CFD89480 
 1239      1C81EF
 1240 03af C143C7AE 		.ascii	"\301C\307\256s\261Z;\240-\352\232\260\224;\340i\324"
 1240      73B15A3B 
 1240      A02DEA9A 
 1240      B0943BE0 
 1240      69D4
 1241 03c1 796CBCB3 		.ascii	"yl\274\263\025\032\3078G\263\366@\347\030\3269$\272"
 1241      151AC738 
 1241      47B3F640 
 1241      E718D639 
 1241      24BA
 1242 03d3 EE070165 		.ascii	"\356\007\001e_@o\015\236A\0054\2372\352\246*\3257\257"
 1242      5F406F0D 
 1242      9E410534 
 1242      9F32EAA6 
 1242      2AD537AF 
 1243 03e7 08FF0E7A 		.ascii	"\010\377\016zG\353\255\342sQ\260\371AG\202\266}\302"
 1243      47EBADE2 
 1243      7351B0F9 
 1243      414782B6 
 1243      7DC2
 1244 03f9 FF9B46A2 		.ascii	"\377\233F\242\225\247v\034H\210\226\314+\210\012)\367"
 1244      95A7761C 
 1244      488896CC 
ARM GAS  /var/folders/t2/7bcnkrz10_lcdd2nm4q03l7w0000gn/T//ccNttN17.s 			page 45


 1244      2B880A29 
 1244      F7
 1245 040a 457AFB03 		.ascii	"Ez\373\0031Q_\241\360\3714_i\361\205\343\223{\371\036"
 1245      31515FA1 
 1245      F0F9345F 
 1245      69F185E3 
 1245      937BF91E 
 1246 041e F1B1B01A 		.ascii	"\361\261\260\032\221Y\310\263\226yYD\205\000;\302\202"
 1246      9159C8B3 
 1246      96795944 
 1246      85003BC2 
 1246      82
 1247 042f 078BD61A 		.ascii	"\007\213\326\032\312C\021\237\212\200\224P\376\021V"
 1247      CA43119F 
 1247      8A809450 
 1247      FE1156
 1248 043e 5EF96E79 		.ascii	"^\371ny9+\252\331\342cA\0007?\344Tc96\210(Ja\033\371"
 1248      392BAAD9 
 1248      E2634100 
 1248      373FE454 
 1248      63393688 
 1249 0457 66F31605 		.ascii	"f\363\026\005A\025\207c\002;\310X>Zj\271\2472\254bA"
 1249      41158763 
 1249      023BC858 
 1249      3E5A6AB9 
 1249      A732AC62 
 1250 046c 2E4170AB 		.ascii	".Ap\253\027=\357\242\371\325\026\2650\241Kmce\3566\177"
 1250      173DEFA2 
 1250      F9D516B5 
 1250      30A14B6D 
 1250      6365EE36 
 1251 0481 6A3EE389 		.ascii	"j>\343\211\274\014\002AD\204\275,%\340\361\251E\356"
 1251      BC0C0241 
 1251      4484BD2C 
 1251      25E0F1A9 
 1251      45EE
 1252 0493 08CB2DDF 		.ascii	"\010\313-\337\350\363m)-\360%\371Y\330\247\206\",Y\015"
 1252      E8F36D29 
 1252      2DF025F9 
 1252      59D8A786 
 1252      222C590D 
 1253 04a7 7A7C6521 		.ascii	"z|e!\217\017X\360\014S\203\214\201\037{%h\311%\301\010"
 1253      8F0F58F0 
 1253      0C53838C 
 1253      811F7B25 
 1253      68C925C1 
 1254 04bc 3E84D914 		.ascii	">\204\331\0245\344\361s\025\311,\304|\356\320\202\222"
 1254      35E4F173 
 1254      15C92CC4 
 1254      7CEED082 
 1254      92
 1255 04cd A602EC61 		.ascii	"\246\002\354a0ss\304\253j0\242\367\375(L\0151\1772F"
 1255      307373C4 
 1255      AB6A30A2 
 1255      F7FD284C 
 1255      0D317F32 
 1256 04e2 A8488F1C 		.ascii	"\250H\217\034\230\203\323'\341\003B\027\360\012\251"
ARM GAS  /var/folders/t2/7bcnkrz10_lcdd2nm4q03l7w0000gn/T//ccNttN17.s 			page 46


 1256      9883D327 
 1256      E1034217 
 1256      F00AA9
 1257 04f1 EEA949DA 		.ascii	"\356\251I\332\275\243\217M\026-\336g'\253\357\235\240"
 1257      BDA38F4D 
 1257      162DDE67 
 1257      27ABEF9D 
 1257      A0
 1258 0502 7DBC8C47 		.ascii	"}\274\214G\266\261\217\265\313\011\310\263\376\005\004"
 1258      B6B18FB5 
 1258      CB09C8B3 
 1258      FE0504
 1259 0511 D8D42479 		.ascii	"\330\324$y7%\323\375\001\366$X\261\336\233\270\211\205"
 1259      3725D3FD 
 1259      01F62458 
 1259      B1DE9BB8 
 1259      8985
 1260 0523 79D9E476 		.ascii	"y\331\344vXC\265K\201\254\241d5]E\347\357\217\221\353"
 1260      5843B54B 
 1260      81ACA164 
 1260      355D45E7 
 1260      EF8F91EB 
 1261 0537 75646595 		.ascii	"ude\225\267\230\245j\260\026X+`k\005,?Fn\022\260\256"
 1261      B798A56A 
 1261      B016582B 
 1261      606B052C 
 1261      3F466E12 
 1262 054d 28AC1D8A 		.ascii	"(\254\035\212\005\254X\300\256Jr\253\016\353\352\031"
 1262      05AC58C0 
 1262      AE4A72AB 
 1262      0EEBEA19 
 1263 055d EC821D5C 		.ascii	"\354\202\035\\)tC\211\200\225\010\330\255\030\371\276"
 1263      29744389 
 1263      809508D8 
 1263      AD18F9BE 
 1264 056d 60ABC69D 		.ascii	"`\253\306\235\023\207\250\244~X'P\353\004\252\314(?"
 1264      1387A8A4 
 1264      7E582750 
 1264      EB04AACC 
 1264      283F
 1265 057f A2134F87 		.ascii	"\242\023O\207\257\352zn\306\352\335\365T\242\0257C{"
 1265      AFEA7A6E 
 1265      C6EADDF5 
 1265      54A21537 
 1265      437B
 1266 0591 8CFAB954 		.ascii	"\214\372\271T\206\335\372\202\375\177\2071\267$\371"
 1266      86DDFA82 
 1266      FD7F8731 
 1266      B724F9
 1267 05a0 988A7B70 		.ascii	"\230\212{pu\315\356\2551c|u\020u\006{\007*F\316\225"
 1267      75CDEEAD 
 1267      31637C75 
 1267      1075067B 
 1267      072A46CE 
 1268 05b5 72B16037 		.ascii	"r\261`7h\013\266\272\364b(\206\347\330@\003\230\343"
 1268      680BB6BA 
 1268      F4622886 
ARM GAS  /var/folders/t2/7bcnkrz10_lcdd2nm4q03l7w0000gn/T//ccNttN17.s 			page 47


 1268      E7D84003 
 1268      98E3
 1269 05c7 D1EDA32C 		.ascii	"\321\355\243,v\370 \351 \372A\362\011%\0335\360\343"
 1269      76F820E9 
 1269      20FA41F2 
 1269      09251B35 
 1269      F0E3
 1270 05d9 4347FD74 		.ascii	"CG\375tz\000Kp\243\260W\224\340\023Z*\006W:<8\351\305"
 1270      7A004B70 
 1270      A3B05794 
 1270      E0135A2A 
 1270      06573A3C 
 1271 05f0 8FFCAC2B 		.ascii	"\217\374\254+P\270\015\202\324K\317\343\365\244m5r\036"
 1271      50B80D82 
 1271      D44BCFE3 
 1271      F5A46D35 
 1271      721E
 1272 0602 E030CC6F 		.ascii	"\3400\314o1\310\371\006\"\2576\360m\266\241\245\326"
 1272      31C8F906 
 1272      22AF36F0 
 1272      6DB6A1A5 
 1272      D6
 1273 0613 84D9B720 		.ascii	"\204\331\267 \275\\\314\337\204\266m\272\314K\260\225"
 1273      BD5CCCDF 
 1273      84B66DBA 
 1273      CC4BB095 
 1274 0623 92109D50 		.ascii	"\222\020\235P\240\265\025\371\207\265\212t\222m\350"
 1274      A0B515F9 
 1274      87B58A74 
 1274      926DE8
 1275 0632 DD75B0A1 		.ascii	"\335u\260\241)A?\005\267S\271\214\307\037\177\330p\226"
 1275      29413F05 
 1275      B753B98C 
 1275      C71F7FD8 
 1275      7096
 1276 0644 DF5E3B34 		.ascii	"\337^;4\301\367v\336\316\036\036M\2736\232\235\224\354"
 1276      C1F776DE 
 1276      CE1E1E4D 
 1276      BB369A9D 
 1276      94EC
 1277 0656 A2A442F3 		.ascii	"\242\244B\363\336\011\014\234\217\235\036\360\261'\003"
 1277      DE090C9C 
 1277      8F9D1EF0 
 1277      B12703
 1278 0665 8786966E 		.ascii	"\207\206\226nb5n\026_f\332E\203\332\200>\245$\310\017"
 1278      62356E16 
 1278      5F66DA45 
 1278      83DA803E 
 1278      A524C80F 
 1279 0679 83F9DD06 		.ascii	"\203\371\335\006\211~\272\275\272h\344B\335%J\370O\215"
 1279      897EBABD 
 1279      BA68E442 
 1279      DD254AF8 
 1279      4F8D
 1280 068b 669CC633 		.ascii	"f\234\3063\375\207[\364\313\307\217\320\373\342[\254"
 1280      FD875BF4 
 1280      CBC78FD0 
ARM GAS  /var/folders/t2/7bcnkrz10_lcdd2nm4q03l7w0000gn/T//ccNttN17.s 			page 48


 1280      FBE25BAC 
 1281 069b 539B89AA 		.ascii	"S\233\211\252\353\237]\006\016\335K\367\240\376\317"
 1281      EB9F5D06 
 1281      0EDD4BF7 
 1281      A0FECF
 1282 06aa 3DDD7BE3 		.ascii	"=\335{\343\243\320\016\001m\307\017-\304\036\353\333"
 1282      A3D00E01 
 1282      6DC70F2D 
 1282      C41EEBDB 
 1283 06ba 37A0CD4C 		.ascii	"7\240\315L%\335\207\330\216\241\355_\233&\214\345\000"
 1283      25DD87D8 
 1283      8EA1ED5F 
 1283      9B268CE5 
 1283      00
 1284 06cb 25FBB948 		.ascii	"%\373\271H\203bw\376z\226\371\225\345\226L\313\033o"
 1284      836277FE 
 1284      7A96F995 
 1284      E5964CCB 
 1284      1B6F
 1285 06dd 9AED4EF3 		.ascii	"\232\355N\363\362\214\034s\216%\323\354t9\224\014\253"
 1285      F28C1C73 
 1285      8E25D3EC 
 1285      7439940C 
 1285      AB
 1286 06ee D36C55AC 		.ascii	"\323lU\254\342qV\226\374\332\353KR_I\233G~2\372\355"
 1286      E2715696 
 1286      FCDAEB4B 
 1286      525F499B 
 1286      477E32FA 
 1287 0703 ACDFBC3C 		.ascii	"\254\337\274<73\343\245\331K\211\321i\371\253\222\356"
 1287      3733E3A5 
 1287      D94B89D1 
 1287      69F9AB92 
 1287      EE
 1288 0714 927863CC 		.ascii	"\222xc\314\314\313\316V\034\246<\213\315\365r\272\313"
 1288      CCCBCE56 
 1288      1CA63C8B 
 1288      CDF572BA 
 1288      CB
 1289 0725 F0BED515 		.ascii	"\360\276\325\025\277H\261\276\251E\375e\321b\243=;\333"
 1289      BF48B1BE 
 1289      A945FD65 
 1289      D162A33D 
 1289      3BDB
 1290 0737 A9B85E30 		.ascii	"\251\270^0/q*\016\247y\205\222\235\355PV\256\314\260"
 1290      2F712A0E 
 1290      A7798592 
 1290      9DED5056 
 1290      AECCB0
 1291 074a 9B5F559C 		.ascii	"\233_U\234\357\271\354\271\346\337\377q\336\3549\213"
 1291      EFB9ECB9 
 1291      E6DFFF71 
 1291      DEEC398B 
 1292 075a D266BEFD 		.ascii	"\322f\276\375\332\342\271d\306\217\025\271\234\3604"
 1292      DAE2B964 
 1292      C68F15B9 
 1292      9CF034
ARM GAS  /var/folders/t2/7bcnkrz10_lcdd2nm4q03l7w0000gn/T//ccNttN17.s 			page 49


 1293 0769 76C74A3D 		.ascii	"v\307J=\223a\231\342\212\261:\227\241\202\334<\227\204"
 1293      936199E2 
 1293      8AB13A97 
 1293      A182DC3C 
 1293      9784
 1294 077b AF96C67C 		.ascii	"\257\226\306|\340\260\270\224D\213\315\351\312\260e"
 1294      E0B0B894 
 1294      448BCDE9 
 1294      CAB065
 1295 078a 29E9BA90 		.ascii	")\351\272\220\230<\033B\015isIl\206\303\372\376<e\246"
 1295      983C1B42 
 1295      0D697349 
 1295      6C86C3FA 
 1295      FE3C65A6 
 1296 079e 95C465D9 		.ascii	"\225\304e\331\035.\345\303\231\326yDJ\307\360\037-\002"
 1296      1D2EE5C3 
 1296      99D67944 
 1296      4AC7F01F 
 1296      2D02
 1297 07b0 BF6DD391 		.ascii	"\277m\323\221\315\230\256\221\032\323yZ\247)]K\354\214"
 1297      CD98AE91 
 1297      1AD3795A 
 1297      A7295D4B 
 1297      EC8C
 1298 07c2 B73ADFC8 		.ascii	"\267:\337\310\\\241d\271\376`\263\270\214\030"
 1298      5CA164B9 
 1298      FE60B3B8 
 1298      8C18
 1299 07d0 9595BB52 		.ascii	"\225\225\273R\312Q2\262M6\273k\271\303\376\001\2666"
 1299      CA5132B2 
 1299      4D36BB6B 
 1299      B9C3FE01 
 1299      B636
 1300 07e2 5B5E4ECE 		.ascii	"[^N\316\022\363\302\334\334\034KV\206\313b\2679\315"
 1300      12F3C2DC 
 1300      DC1C4B56 
 1300      86CB62B7 
 1300      39CD
 1301 07f4 0B1D56AC 		.ascii	"\013\035V\254\377b\273='ky\206\305fN\2333k\316,\207"
 1301      FF62BB3D 
 1301      276B7986 
 1301      C5664E9B 
 1301      336BCE2C 
 1302 0809 92936646 		.ascii	"\222\223fF\30131F\231\251ddZ\306\365,\266\254\234\274"
 1302      C1333146 
 1302      99A96464 
 1302      5AC6F52C 
 1302      B6AC9CBC 
 1303 081d A50A5769 		.ascii	"\245\012Wi\261-\303\362\374\027\332\221\224\364"
 1303      B12DC3F2 
 1303      FC17DA91 
 1303      94F4
 1304              		.text
 1305              		.section	.gnu.lto_.symtab.beafa6fe21dd05e9,"e",%progbits
 1306 0000 6D734F62 		.ascii	"msObjectInit\000"
 1306      6A656374 
 1306      496E6974 
ARM GAS  /var/folders/t2/7bcnkrz10_lcdd2nm4q03l7w0000gn/T//ccNttN17.s 			page 50


 1306      00
 1307 000d 00       		.ascii	"\000"
 1308 000e 00       		.ascii	"\000"
 1309 000f 00       		.ascii	"\000"
 1310 0010 00000000 		.ascii	"\000\000\000\000\000\000\000\000"
 1310      00000000 
 1311 0018 1D010000 		.ascii	"\035\001\000\000"
 1312              		.text
 1313              		.section	.gnu.lto_.ext_symtab.beafa6fe21dd05e9,"e",%progbits
 1314 0000 01       		.ascii	"\001"
 1315 0001 01       		.ascii	"\001"
 1316 0002 00       		.ascii	"\000"
 1317              		.text
 1318              		.section	.gnu.lto_.opts,"e",%progbits
 1319 0000 272D666E 		.ascii	"'-fno-openmp' '-fno-openacc' '-fno-pie' '-fcf-prote"
 1319      6F2D6F70 
 1319      656E6D70 
 1319      2720272D 
 1319      666E6F2D 
 1320 0033 6374696F 		.ascii	"ction=none' '-g' '-mcpu=cortex-m7' '-mthumb' '-mflo"
 1320      6E3D6E6F 
 1320      6E652720 
 1320      272D6727 
 1320      20272D6D 
 1321 0066 61742D61 		.ascii	"at-abi=soft' '-mlibarch=armv7e-m' '-march=armv7e-m'"
 1321      62693D73 
 1321      6F667427 
 1321      20272D6D 
 1321      6C696261 
 1322 0099 20272D4F 		.ascii	" '-O2' '-fomit-frame-pointer' '-falign-functions=16"
 1322      32272027 
 1322      2D666F6D 
 1322      69742D66 
 1322      72616D65 
 1323 00cc 2720272D 		.ascii	"' '-ffunction-sections' '-fdata-sections' '-fno-com"
 1323      6666756E 
 1323      6374696F 
 1323      6E2D7365 
 1323      6374696F 
 1324 00ff 6D6F6E27 		.ascii	"mon' '-flto' '-Xassembler' '-alms=./build/lst/memst"
 1324      20272D66 
 1324      6C746F27 
 1324      20272D58 
 1324      61737365 
 1325 0132 7265616D 		.ascii	"reams.lst'\000"
 1325      732E6C73 
 1325      742700
 1326              		.text
 1327              		.comm	__gnu_lto_slim,1,1
 1328              		.ident	"GCC: (Arm GNU Toolchain 13.3.Rel1 (Build arm-13.24)) 13.3.1 20240614"
ARM GAS  /var/folders/t2/7bcnkrz10_lcdd2nm4q03l7w0000gn/T//ccNttN17.s 			page 51


DEFINED SYMBOLS
                            *ABS*:00000000 memstreams.c
/var/folders/t2/7bcnkrz10_lcdd2nm4q03l7w0000gn/T//ccNttN17.s:25     .gnu.debuglto_.debug_info:00000000 memstreams.c.086ba52d
                            *COM*:00000001 __gnu_lto_slim

NO UNDEFINED SYMBOLS
