ARM GAS  /var/folders/t2/7bcnkrz10_lcdd2nm4q03l7w0000gn/T//cc5OdGIi.s 			page 1


   1              		.cpu cortex-m7
   2              		.arch armv7e-m
   3              		.fpu softvfp
   4              		.eabi_attribute 20, 1
   5              		.eabi_attribute 21, 1
   6              		.eabi_attribute 23, 3
   7              		.eabi_attribute 24, 1
   8              		.eabi_attribute 25, 1
   9              		.eabi_attribute 26, 1
  10              		.eabi_attribute 30, 2
  11              		.eabi_attribute 34, 1
  12              		.eabi_attribute 18, 4
  13              		.file	"nullstreams.c"
  14              		.file 1 "/Applications/ArmGNUToolchain/13.3.rel1/arm-none-eabi/lib/gcc/arm-none-eabi/13.3.1/includ
  15              		.file 2 "/Applications/ArmGNUToolchain/13.3.rel1/arm-none-eabi/arm-none-eabi/include/machine/_defa
  16              		.file 3 "/Applications/ArmGNUToolchain/13.3.rel1/arm-none-eabi/arm-none-eabi/include/sys/_stdint.h
  17              		.file 4 "./ChibiOS/os/rt/include/chearly.h"
  18              		.file 5 "./ChibiOS/os/hal/lib/streams/nullstreams.h"
  19              		.file 6 "./ChibiOS/os/hal/lib/streams/nullstreams.c"
  20              		.section	.gnu.debuglto_.debug_info,"e",%progbits
  21              	.Ldebug_info0:
  22              		.hidden	nullstreams.c.6af43f6c
  23              		.weak	nullstreams.c.6af43f6c
  24              	nullstreams.c.6af43f6c:
  25 0000 90020000 		.4byte	0x290
  26 0004 0500     		.2byte	0x5
  27 0006 01       		.byte	0x1
  28 0007 04       		.byte	0x4
  29 0008 00000000 		.4byte	.Ldebug_abbrev0
  30 000c 0C       		.uleb128 0xc
  31 000d 88000000 		.4byte	.LASF24
  32 0011 1D       		.byte	0x1d
  33 0012 29000000 		.4byte	.LASF25
  34 0016 54000000 		.4byte	.LASF26
  35 001a 00000000 		.4byte	.Ldebug_line0
  36 001e 0D       		.uleb128 0xd
  37 001f 04       		.byte	0x4
  38 0020 05       		.byte	0x5
  39 0021 696E7400 		.ascii	"int\000"
  40 0025 05       		.uleb128 0x5
  41 0026 0A000000 		.4byte	.LASF4
  42 002a 01       		.byte	0x1
  43 002b D6       		.byte	0xd6
  44 002c 17       		.byte	0x17
  45 002d 31000000 		.4byte	0x31
  46 0031 01       		.uleb128 0x1
  47 0032 04       		.byte	0x4
  48 0033 07       		.byte	0x7
  49 0034 7B000000 		.4byte	.LASF0
  50 0038 01       		.uleb128 0x1
  51 0039 08       		.byte	0x8
  52 003a 05       		.byte	0x5
  53 003b E6010000 		.4byte	.LASF1
  54 003f 01       		.uleb128 0x1
  55 0040 08       		.byte	0x8
  56 0041 04       		.byte	0x4
  57 0042 43010000 		.4byte	.LASF2
ARM GAS  /var/folders/t2/7bcnkrz10_lcdd2nm4q03l7w0000gn/T//cc5OdGIi.s 			page 2


  58 0046 01       		.uleb128 0x1
  59 0047 01       		.byte	0x1
  60 0048 06       		.byte	0x6
  61 0049 65010000 		.4byte	.LASF3
  62 004d 05       		.uleb128 0x5
  63 004e 00000000 		.4byte	.LASF5
  64 0052 02       		.byte	0x2
  65 0053 2B       		.byte	0x2b
  66 0054 18       		.byte	0x18
  67 0055 59000000 		.4byte	0x59
  68 0059 01       		.uleb128 0x1
  69 005a 01       		.byte	0x1
  70 005b 08       		.byte	0x8
  71 005c 71010000 		.4byte	.LASF6
  72 0060 01       		.uleb128 0x1
  73 0061 02       		.byte	0x2
  74 0062 05       		.byte	0x5
  75 0063 F4010000 		.4byte	.LASF7
  76 0067 01       		.uleb128 0x1
  77 0068 02       		.byte	0x2
  78 0069 07       		.byte	0x7
  79 006a 7F010000 		.4byte	.LASF8
  80 006e 05       		.uleb128 0x5
  81 006f 1F000000 		.4byte	.LASF9
  82 0073 02       		.byte	0x2
  83 0074 4D       		.byte	0x4d
  84 0075 18       		.byte	0x18
  85 0076 7A000000 		.4byte	0x7a
  86 007a 01       		.uleb128 0x1
  87 007b 04       		.byte	0x4
  88 007c 05       		.byte	0x5
  89 007d 09020000 		.4byte	.LASF10
  90 0081 01       		.uleb128 0x1
  91 0082 04       		.byte	0x4
  92 0083 07       		.byte	0x7
  93 0084 98010000 		.4byte	.LASF11
  94 0088 01       		.uleb128 0x1
  95 0089 08       		.byte	0x8
  96 008a 07       		.byte	0x7
  97 008b 18020000 		.4byte	.LASF12
  98 008f 05       		.uleb128 0x5
  99 0090 D0010000 		.4byte	.LASF13
 100 0094 03       		.byte	0x3
 101 0095 18       		.byte	0x18
 102 0096 13       		.byte	0x13
 103 0097 4D000000 		.4byte	0x4d
 104 009b 09       		.uleb128 0x9
 105 009c 8F000000 		.4byte	0x8f
 106 00a0 05       		.uleb128 0x5
 107 00a1 DE010000 		.4byte	.LASF14
 108 00a5 03       		.byte	0x3
 109 00a6 2C       		.byte	0x2c
 110 00a7 13       		.byte	0x13
 111 00a8 6E000000 		.4byte	0x6e
 112 00ac 05       		.uleb128 0x5
 113 00ad D8010000 		.4byte	.LASF15
 114 00b1 04       		.byte	0x4
ARM GAS  /var/folders/t2/7bcnkrz10_lcdd2nm4q03l7w0000gn/T//cc5OdGIi.s 			page 3


 115 00b2 58       		.byte	0x58
 116 00b3 19       		.byte	0x19
 117 00b4 A0000000 		.4byte	0xa0
 118 00b8 01       		.uleb128 0x1
 119 00b9 01       		.byte	0x1
 120 00ba 08       		.byte	0x8
 121 00bb CB010000 		.4byte	.LASF16
 122 00bf 0E       		.uleb128 0xe
 123 00c0 04       		.byte	0x4
 124 00c1 01       		.uleb128 0x1
 125 00c2 01       		.byte	0x1
 126 00c3 02       		.byte	0x2
 127 00c4 12020000 		.4byte	.LASF17
 128 00c8 04       		.uleb128 0x4
 129 00c9 8F000000 		.4byte	0x8f
 130 00cd 06       		.uleb128 0x6
 131 00ce 25000000 		.4byte	0x25
 132 00d2 E6000000 		.4byte	0xe6
 133 00d6 03       		.uleb128 0x3
 134 00d7 BF000000 		.4byte	0xbf
 135 00db 03       		.uleb128 0x3
 136 00dc E6000000 		.4byte	0xe6
 137 00e0 03       		.uleb128 0x3
 138 00e1 25000000 		.4byte	0x25
 139 00e5 00       		.byte	0
 140 00e6 04       		.uleb128 0x4
 141 00e7 9B000000 		.4byte	0x9b
 142 00eb 04       		.uleb128 0x4
 143 00ec CD000000 		.4byte	0xcd
 144 00f0 06       		.uleb128 0x6
 145 00f1 25000000 		.4byte	0x25
 146 00f5 09010000 		.4byte	0x109
 147 00f9 03       		.uleb128 0x3
 148 00fa BF000000 		.4byte	0xbf
 149 00fe 03       		.uleb128 0x3
 150 00ff C8000000 		.4byte	0xc8
 151 0103 03       		.uleb128 0x3
 152 0104 25000000 		.4byte	0x25
 153 0108 00       		.byte	0
 154 0109 04       		.uleb128 0x4
 155 010a F0000000 		.4byte	0xf0
 156 010e 06       		.uleb128 0x6
 157 010f AC000000 		.4byte	0xac
 158 0113 22010000 		.4byte	0x122
 159 0117 03       		.uleb128 0x3
 160 0118 BF000000 		.4byte	0xbf
 161 011c 03       		.uleb128 0x3
 162 011d 8F000000 		.4byte	0x8f
 163 0121 00       		.byte	0
 164 0122 04       		.uleb128 0x4
 165 0123 0E010000 		.4byte	0x10e
 166 0127 06       		.uleb128 0x6
 167 0128 AC000000 		.4byte	0xac
 168 012c 36010000 		.4byte	0x136
 169 0130 03       		.uleb128 0x3
 170 0131 BF000000 		.4byte	0xbf
 171 0135 00       		.byte	0
ARM GAS  /var/folders/t2/7bcnkrz10_lcdd2nm4q03l7w0000gn/T//cc5OdGIi.s 			page 4


 172 0136 04       		.uleb128 0x4
 173 0137 27010000 		.4byte	0x127
 174 013b 0F       		.uleb128 0xf
 175 013c 11000000 		.4byte	.LASF27
 176 0140 18       		.byte	0x18
 177 0141 05       		.byte	0x5
 178 0142 35       		.byte	0x35
 179 0143 08       		.byte	0x8
 180 0144 89010000 		.4byte	0x189
 181 0148 07       		.uleb128 0x7
 182 0149 AA010000 		.4byte	.LASF18
 183 014d 25000000 		.4byte	0x25
 184 0151 00       		.byte	0
 185 0152 07       		.uleb128 0x7
 186 0153 92010000 		.4byte	.LASF19
 187 0157 EB000000 		.4byte	0xeb
 188 015b 04       		.byte	0x4
 189 015c 07       		.uleb128 0x7
 190 015d C0010000 		.4byte	.LASF20
 191 0161 09010000 		.4byte	0x109
 192 0165 08       		.byte	0x8
 193 0166 08       		.uleb128 0x8
 194 0167 70757400 		.ascii	"put\000"
 195 016b 36       		.byte	0x36
 196 016c 03       		.byte	0x3
 197 016d 22010000 		.4byte	0x122
 198 0171 0C       		.byte	0xc
 199 0172 08       		.uleb128 0x8
 200 0173 67657400 		.ascii	"get\000"
 201 0177 36       		.byte	0x36
 202 0178 03       		.byte	0x3
 203 0179 36010000 		.4byte	0x136
 204 017d 10       		.byte	0x10
 205 017e 07       		.uleb128 0x7
 206 017f C5010000 		.4byte	.LASF21
 207 0183 22010000 		.4byte	0x122
 208 0187 14       		.byte	0x14
 209 0188 00       		.byte	0
 210 0189 09       		.uleb128 0x9
 211 018a 3B010000 		.4byte	0x13b
 212 018e 10       		.uleb128 0x10
 213 018f 04       		.byte	0x4
 214 0190 05       		.byte	0x5
 215 0191 3E       		.byte	0x3e
 216 0192 09       		.byte	0x9
 217 0193 A4010000 		.4byte	0x1a4
 218 0197 08       		.uleb128 0x8
 219 0198 766D7400 		.ascii	"vmt\000"
 220 019c 40       		.byte	0x40
 221 019d 1F       		.byte	0x1f
 222 019e A4010000 		.4byte	0x1a4
 223 01a2 00       		.byte	0
 224 01a3 00       		.byte	0
 225 01a4 04       		.uleb128 0x4
 226 01a5 89010000 		.4byte	0x189
 227 01a9 05       		.uleb128 0x5
 228 01aa FE010000 		.4byte	.LASF22
ARM GAS  /var/folders/t2/7bcnkrz10_lcdd2nm4q03l7w0000gn/T//cc5OdGIi.s 			page 5


 229 01ae 05       		.byte	0x5
 230 01af 42       		.byte	0x42
 231 01b0 03       		.byte	0x3
 232 01b1 8E010000 		.4byte	0x18e
 233 01b5 11       		.uleb128 0x11
 234 01b6 766D7400 		.ascii	"vmt\000"
 235 01ba 06       		.byte	0x6
 236 01bb 56       		.byte	0x56
 237 01bc 23       		.byte	0x23
 238 01bd 89010000 		.4byte	0x189
 239 01c1 12       		.uleb128 0x12
 240 01c2 56010000 		.4byte	.LASF28
 241 01c6 06       		.byte	0x6
 242 01c7 61       		.byte	0x61
 243 01c8 06       		.byte	0x6
 244 01c9 D9010000 		.4byte	0x1d9
 245 01cd 02       		.uleb128 0x2
 246 01ce 6E737000 		.ascii	"nsp\000"
 247 01d2 61       		.byte	0x61
 248 01d3 21       		.byte	0x21
 249 01d4 D9010000 		.4byte	0x1d9
 250 01d8 00       		.byte	0
 251 01d9 04       		.uleb128 0x4
 252 01da A9010000 		.4byte	0x1a9
 253 01de 0A       		.uleb128 0xa
 254 01df C5010000 		.4byte	.LASF21
 255 01e3 4D       		.byte	0x4d
 256 01e4 0E       		.byte	0xe
 257 01e5 AC000000 		.4byte	0xac
 258 01e9 01020000 		.4byte	0x201
 259 01ed 02       		.uleb128 0x2
 260 01ee 697000   		.ascii	"ip\000"
 261 01f1 4D       		.byte	0x4d
 262 01f2 1A       		.byte	0x1a
 263 01f3 BF000000 		.4byte	0xbf
 264 01f7 02       		.uleb128 0x2
 265 01f8 6200     		.ascii	"b\000"
 266 01fa 4D       		.byte	0x4d
 267 01fb 26       		.byte	0x26
 268 01fc 8F000000 		.4byte	0x8f
 269 0200 00       		.byte	0
 270 0201 0B       		.uleb128 0xb
 271 0202 67657400 		.ascii	"get\000"
 272 0206 46       		.byte	0x46
 273 0207 AC000000 		.4byte	0xac
 274 020b 1A020000 		.4byte	0x21a
 275 020f 02       		.uleb128 0x2
 276 0210 697000   		.ascii	"ip\000"
 277 0213 46       		.byte	0x46
 278 0214 18       		.byte	0x18
 279 0215 BF000000 		.4byte	0xbf
 280 0219 00       		.byte	0
 281 021a 0B       		.uleb128 0xb
 282 021b 70757400 		.ascii	"put\000"
 283 021f 3E       		.byte	0x3e
 284 0220 AC000000 		.4byte	0xac
 285 0224 3C020000 		.4byte	0x23c
ARM GAS  /var/folders/t2/7bcnkrz10_lcdd2nm4q03l7w0000gn/T//cc5OdGIi.s 			page 6


 286 0228 02       		.uleb128 0x2
 287 0229 697000   		.ascii	"ip\000"
 288 022c 3E       		.byte	0x3e
 289 022d 18       		.byte	0x18
 290 022e BF000000 		.4byte	0xbf
 291 0232 02       		.uleb128 0x2
 292 0233 6200     		.ascii	"b\000"
 293 0235 3E       		.byte	0x3e
 294 0236 24       		.byte	0x24
 295 0237 8F000000 		.4byte	0x8f
 296 023b 00       		.byte	0
 297 023c 0A       		.uleb128 0xa
 298 023d BA010000 		.4byte	.LASF23
 299 0241 35       		.byte	0x35
 300 0242 0F       		.byte	0xf
 301 0243 25000000 		.4byte	0x25
 302 0247 69020000 		.4byte	0x269
 303 024b 02       		.uleb128 0x2
 304 024c 697000   		.ascii	"ip\000"
 305 024f 35       		.byte	0x35
 306 0250 1B       		.byte	0x1b
 307 0251 BF000000 		.4byte	0xbf
 308 0255 02       		.uleb128 0x2
 309 0256 627000   		.ascii	"bp\000"
 310 0259 35       		.byte	0x35
 311 025a 28       		.byte	0x28
 312 025b C8000000 		.4byte	0xc8
 313 025f 02       		.uleb128 0x2
 314 0260 6E00     		.ascii	"n\000"
 315 0262 35       		.byte	0x35
 316 0263 33       		.byte	0x33
 317 0264 25000000 		.4byte	0x25
 318 0268 00       		.byte	0
 319 0269 13       		.uleb128 0x13
 320 026a 4F010000 		.4byte	.LASF29
 321 026e 06       		.byte	0x6
 322 026f 2D       		.byte	0x2d
 323 0270 0F       		.byte	0xf
 324 0271 25000000 		.4byte	0x25
 325 0275 02       		.uleb128 0x2
 326 0276 697000   		.ascii	"ip\000"
 327 0279 2D       		.byte	0x2d
 328 027a 1C       		.byte	0x1c
 329 027b BF000000 		.4byte	0xbf
 330 027f 02       		.uleb128 0x2
 331 0280 627000   		.ascii	"bp\000"
 332 0283 2D       		.byte	0x2d
 333 0284 2F       		.byte	0x2f
 334 0285 E6000000 		.4byte	0xe6
 335 0289 02       		.uleb128 0x2
 336 028a 6E00     		.ascii	"n\000"
 337 028c 2D       		.byte	0x2d
 338 028d 3A       		.byte	0x3a
 339 028e 25000000 		.4byte	0x25
 340 0292 00       		.byte	0
 341 0293 00       		.byte	0
 342              		.section	.gnu.debuglto_.debug_abbrev,"e",%progbits
ARM GAS  /var/folders/t2/7bcnkrz10_lcdd2nm4q03l7w0000gn/T//cc5OdGIi.s 			page 7


 343              	.Ldebug_abbrev0:
 344 0000 01       		.uleb128 0x1
 345 0001 24       		.uleb128 0x24
 346 0002 00       		.byte	0
 347 0003 0B       		.uleb128 0xb
 348 0004 0B       		.uleb128 0xb
 349 0005 3E       		.uleb128 0x3e
 350 0006 0B       		.uleb128 0xb
 351 0007 03       		.uleb128 0x3
 352 0008 0E       		.uleb128 0xe
 353 0009 00       		.byte	0
 354 000a 00       		.byte	0
 355 000b 02       		.uleb128 0x2
 356 000c 05       		.uleb128 0x5
 357 000d 00       		.byte	0
 358 000e 03       		.uleb128 0x3
 359 000f 08       		.uleb128 0x8
 360 0010 3A       		.uleb128 0x3a
 361 0011 21       		.uleb128 0x21
 362 0012 06       		.sleb128 6
 363 0013 3B       		.uleb128 0x3b
 364 0014 0B       		.uleb128 0xb
 365 0015 39       		.uleb128 0x39
 366 0016 0B       		.uleb128 0xb
 367 0017 49       		.uleb128 0x49
 368 0018 13       		.uleb128 0x13
 369 0019 00       		.byte	0
 370 001a 00       		.byte	0
 371 001b 03       		.uleb128 0x3
 372 001c 05       		.uleb128 0x5
 373 001d 00       		.byte	0
 374 001e 49       		.uleb128 0x49
 375 001f 13       		.uleb128 0x13
 376 0020 00       		.byte	0
 377 0021 00       		.byte	0
 378 0022 04       		.uleb128 0x4
 379 0023 0F       		.uleb128 0xf
 380 0024 00       		.byte	0
 381 0025 0B       		.uleb128 0xb
 382 0026 21       		.uleb128 0x21
 383 0027 04       		.sleb128 4
 384 0028 49       		.uleb128 0x49
 385 0029 13       		.uleb128 0x13
 386 002a 00       		.byte	0
 387 002b 00       		.byte	0
 388 002c 05       		.uleb128 0x5
 389 002d 16       		.uleb128 0x16
 390 002e 00       		.byte	0
 391 002f 03       		.uleb128 0x3
 392 0030 0E       		.uleb128 0xe
 393 0031 3A       		.uleb128 0x3a
 394 0032 0B       		.uleb128 0xb
 395 0033 3B       		.uleb128 0x3b
 396 0034 0B       		.uleb128 0xb
 397 0035 39       		.uleb128 0x39
 398 0036 0B       		.uleb128 0xb
 399 0037 49       		.uleb128 0x49
ARM GAS  /var/folders/t2/7bcnkrz10_lcdd2nm4q03l7w0000gn/T//cc5OdGIi.s 			page 8


 400 0038 13       		.uleb128 0x13
 401 0039 00       		.byte	0
 402 003a 00       		.byte	0
 403 003b 06       		.uleb128 0x6
 404 003c 15       		.uleb128 0x15
 405 003d 01       		.byte	0x1
 406 003e 27       		.uleb128 0x27
 407 003f 19       		.uleb128 0x19
 408 0040 49       		.uleb128 0x49
 409 0041 13       		.uleb128 0x13
 410 0042 01       		.uleb128 0x1
 411 0043 13       		.uleb128 0x13
 412 0044 00       		.byte	0
 413 0045 00       		.byte	0
 414 0046 07       		.uleb128 0x7
 415 0047 0D       		.uleb128 0xd
 416 0048 00       		.byte	0
 417 0049 03       		.uleb128 0x3
 418 004a 0E       		.uleb128 0xe
 419 004b 3A       		.uleb128 0x3a
 420 004c 21       		.uleb128 0x21
 421 004d 05       		.sleb128 5
 422 004e 3B       		.uleb128 0x3b
 423 004f 21       		.uleb128 0x21
 424 0050 36       		.sleb128 54
 425 0051 39       		.uleb128 0x39
 426 0052 21       		.uleb128 0x21
 427 0053 03       		.sleb128 3
 428 0054 49       		.uleb128 0x49
 429 0055 13       		.uleb128 0x13
 430 0056 38       		.uleb128 0x38
 431 0057 0B       		.uleb128 0xb
 432 0058 00       		.byte	0
 433 0059 00       		.byte	0
 434 005a 08       		.uleb128 0x8
 435 005b 0D       		.uleb128 0xd
 436 005c 00       		.byte	0
 437 005d 03       		.uleb128 0x3
 438 005e 08       		.uleb128 0x8
 439 005f 3A       		.uleb128 0x3a
 440 0060 21       		.uleb128 0x21
 441 0061 05       		.sleb128 5
 442 0062 3B       		.uleb128 0x3b
 443 0063 0B       		.uleb128 0xb
 444 0064 39       		.uleb128 0x39
 445 0065 0B       		.uleb128 0xb
 446 0066 49       		.uleb128 0x49
 447 0067 13       		.uleb128 0x13
 448 0068 38       		.uleb128 0x38
 449 0069 0B       		.uleb128 0xb
 450 006a 00       		.byte	0
 451 006b 00       		.byte	0
 452 006c 09       		.uleb128 0x9
 453 006d 26       		.uleb128 0x26
 454 006e 00       		.byte	0
 455 006f 49       		.uleb128 0x49
 456 0070 13       		.uleb128 0x13
ARM GAS  /var/folders/t2/7bcnkrz10_lcdd2nm4q03l7w0000gn/T//cc5OdGIi.s 			page 9


 457 0071 00       		.byte	0
 458 0072 00       		.byte	0
 459 0073 0A       		.uleb128 0xa
 460 0074 2E       		.uleb128 0x2e
 461 0075 01       		.byte	0x1
 462 0076 03       		.uleb128 0x3
 463 0077 0E       		.uleb128 0xe
 464 0078 3A       		.uleb128 0x3a
 465 0079 21       		.uleb128 0x21
 466 007a 06       		.sleb128 6
 467 007b 3B       		.uleb128 0x3b
 468 007c 0B       		.uleb128 0xb
 469 007d 39       		.uleb128 0x39
 470 007e 0B       		.uleb128 0xb
 471 007f 27       		.uleb128 0x27
 472 0080 19       		.uleb128 0x19
 473 0081 49       		.uleb128 0x49
 474 0082 13       		.uleb128 0x13
 475 0083 01       		.uleb128 0x1
 476 0084 13       		.uleb128 0x13
 477 0085 00       		.byte	0
 478 0086 00       		.byte	0
 479 0087 0B       		.uleb128 0xb
 480 0088 2E       		.uleb128 0x2e
 481 0089 01       		.byte	0x1
 482 008a 03       		.uleb128 0x3
 483 008b 08       		.uleb128 0x8
 484 008c 3A       		.uleb128 0x3a
 485 008d 21       		.uleb128 0x21
 486 008e 06       		.sleb128 6
 487 008f 3B       		.uleb128 0x3b
 488 0090 0B       		.uleb128 0xb
 489 0091 39       		.uleb128 0x39
 490 0092 21       		.uleb128 0x21
 491 0093 0E       		.sleb128 14
 492 0094 27       		.uleb128 0x27
 493 0095 19       		.uleb128 0x19
 494 0096 49       		.uleb128 0x49
 495 0097 13       		.uleb128 0x13
 496 0098 01       		.uleb128 0x1
 497 0099 13       		.uleb128 0x13
 498 009a 00       		.byte	0
 499 009b 00       		.byte	0
 500 009c 0C       		.uleb128 0xc
 501 009d 11       		.uleb128 0x11
 502 009e 01       		.byte	0x1
 503 009f 25       		.uleb128 0x25
 504 00a0 0E       		.uleb128 0xe
 505 00a1 13       		.uleb128 0x13
 506 00a2 0B       		.uleb128 0xb
 507 00a3 03       		.uleb128 0x3
 508 00a4 0E       		.uleb128 0xe
 509 00a5 1B       		.uleb128 0x1b
 510 00a6 0E       		.uleb128 0xe
 511 00a7 10       		.uleb128 0x10
 512 00a8 17       		.uleb128 0x17
 513 00a9 00       		.byte	0
ARM GAS  /var/folders/t2/7bcnkrz10_lcdd2nm4q03l7w0000gn/T//cc5OdGIi.s 			page 10


 514 00aa 00       		.byte	0
 515 00ab 0D       		.uleb128 0xd
 516 00ac 24       		.uleb128 0x24
 517 00ad 00       		.byte	0
 518 00ae 0B       		.uleb128 0xb
 519 00af 0B       		.uleb128 0xb
 520 00b0 3E       		.uleb128 0x3e
 521 00b1 0B       		.uleb128 0xb
 522 00b2 03       		.uleb128 0x3
 523 00b3 08       		.uleb128 0x8
 524 00b4 00       		.byte	0
 525 00b5 00       		.byte	0
 526 00b6 0E       		.uleb128 0xe
 527 00b7 0F       		.uleb128 0xf
 528 00b8 00       		.byte	0
 529 00b9 0B       		.uleb128 0xb
 530 00ba 0B       		.uleb128 0xb
 531 00bb 00       		.byte	0
 532 00bc 00       		.byte	0
 533 00bd 0F       		.uleb128 0xf
 534 00be 13       		.uleb128 0x13
 535 00bf 01       		.byte	0x1
 536 00c0 03       		.uleb128 0x3
 537 00c1 0E       		.uleb128 0xe
 538 00c2 0B       		.uleb128 0xb
 539 00c3 0B       		.uleb128 0xb
 540 00c4 3A       		.uleb128 0x3a
 541 00c5 0B       		.uleb128 0xb
 542 00c6 3B       		.uleb128 0x3b
 543 00c7 0B       		.uleb128 0xb
 544 00c8 39       		.uleb128 0x39
 545 00c9 0B       		.uleb128 0xb
 546 00ca 01       		.uleb128 0x1
 547 00cb 13       		.uleb128 0x13
 548 00cc 00       		.byte	0
 549 00cd 00       		.byte	0
 550 00ce 10       		.uleb128 0x10
 551 00cf 13       		.uleb128 0x13
 552 00d0 01       		.byte	0x1
 553 00d1 0B       		.uleb128 0xb
 554 00d2 0B       		.uleb128 0xb
 555 00d3 3A       		.uleb128 0x3a
 556 00d4 0B       		.uleb128 0xb
 557 00d5 3B       		.uleb128 0x3b
 558 00d6 0B       		.uleb128 0xb
 559 00d7 39       		.uleb128 0x39
 560 00d8 0B       		.uleb128 0xb
 561 00d9 01       		.uleb128 0x1
 562 00da 13       		.uleb128 0x13
 563 00db 00       		.byte	0
 564 00dc 00       		.byte	0
 565 00dd 11       		.uleb128 0x11
 566 00de 34       		.uleb128 0x34
 567 00df 00       		.byte	0
 568 00e0 03       		.uleb128 0x3
 569 00e1 08       		.uleb128 0x8
 570 00e2 3A       		.uleb128 0x3a
ARM GAS  /var/folders/t2/7bcnkrz10_lcdd2nm4q03l7w0000gn/T//cc5OdGIi.s 			page 11


 571 00e3 0B       		.uleb128 0xb
 572 00e4 3B       		.uleb128 0x3b
 573 00e5 0B       		.uleb128 0xb
 574 00e6 39       		.uleb128 0x39
 575 00e7 0B       		.uleb128 0xb
 576 00e8 49       		.uleb128 0x49
 577 00e9 13       		.uleb128 0x13
 578 00ea 00       		.byte	0
 579 00eb 00       		.byte	0
 580 00ec 12       		.uleb128 0x12
 581 00ed 2E       		.uleb128 0x2e
 582 00ee 01       		.byte	0x1
 583 00ef 3F       		.uleb128 0x3f
 584 00f0 19       		.uleb128 0x19
 585 00f1 03       		.uleb128 0x3
 586 00f2 0E       		.uleb128 0xe
 587 00f3 3A       		.uleb128 0x3a
 588 00f4 0B       		.uleb128 0xb
 589 00f5 3B       		.uleb128 0x3b
 590 00f6 0B       		.uleb128 0xb
 591 00f7 39       		.uleb128 0x39
 592 00f8 0B       		.uleb128 0xb
 593 00f9 27       		.uleb128 0x27
 594 00fa 19       		.uleb128 0x19
 595 00fb 01       		.uleb128 0x1
 596 00fc 13       		.uleb128 0x13
 597 00fd 00       		.byte	0
 598 00fe 00       		.byte	0
 599 00ff 13       		.uleb128 0x13
 600 0100 2E       		.uleb128 0x2e
 601 0101 01       		.byte	0x1
 602 0102 03       		.uleb128 0x3
 603 0103 0E       		.uleb128 0xe
 604 0104 3A       		.uleb128 0x3a
 605 0105 0B       		.uleb128 0xb
 606 0106 3B       		.uleb128 0x3b
 607 0107 0B       		.uleb128 0xb
 608 0108 39       		.uleb128 0x39
 609 0109 0B       		.uleb128 0xb
 610 010a 27       		.uleb128 0x27
 611 010b 19       		.uleb128 0x19
 612 010c 49       		.uleb128 0x49
 613 010d 13       		.uleb128 0x13
 614 010e 00       		.byte	0
 615 010f 00       		.byte	0
 616 0110 00       		.byte	0
 617              		.section	.gnu.debuglto_.debug_line,"e",%progbits
 618              	.Ldebug_line0:
 619 0000 5F000000 		.4byte	.LELT0-.LSLT0
 620              	.LSLT0:
 621 0004 0500     		.2byte	0x5
 622 0006 04       		.byte	0x4
 623 0007 00       		.byte	0
 624 0008 57000000 		.4byte	.LELTP0-.LASLTP0
 625              	.LASLTP0:
 626 000c 01       		.byte	0x1
 627 000d 01       		.byte	0x1
ARM GAS  /var/folders/t2/7bcnkrz10_lcdd2nm4q03l7w0000gn/T//cc5OdGIi.s 			page 12


 628 000e 01       		.byte	0x1
 629 000f F6       		.byte	0xf6
 630 0010 F2       		.byte	0xf2
 631 0011 0D       		.byte	0xd
 632 0012 00       		.byte	0
 633 0013 01       		.byte	0x1
 634 0014 01       		.byte	0x1
 635 0015 01       		.byte	0x1
 636 0016 01       		.byte	0x1
 637 0017 00       		.byte	0
 638 0018 00       		.byte	0
 639 0019 00       		.byte	0
 640 001a 01       		.byte	0x1
 641 001b 00       		.byte	0
 642 001c 00       		.byte	0
 643 001d 01       		.byte	0x1
 644 001e 01       		.byte	0x1
 645 001f 01       		.uleb128 0x1
 646 0020 1F       		.uleb128 0x1f
 647 0021 06       		.uleb128 0x6
 648 0022 D9000000 		.4byte	.LASF30
 649 0026 0A000000 		.4byte	.LASF31
 650 002a 00010000 		.4byte	.LASF32
 651 002e 68000000 		.4byte	.LASF33
 652 0032 B1010000 		.4byte	.LASF34
 653 0036 C3000000 		.4byte	.LASF35
 654 003a 02       		.byte	0x2
 655 003b 01       		.uleb128 0x1
 656 003c 1F       		.uleb128 0x1f
 657 003d 02       		.uleb128 0x2
 658 003e 0B       		.uleb128 0xb
 659 003f 07       		.uleb128 0x7
 660 0040 5E010000 		.4byte	.LASF36
 661 0044 00       		.byte	0
 662 0045 89010000 		.4byte	.LASF37
 663 0049 03       		.byte	0x3
 664 004a A0010000 		.4byte	.LASF38
 665 004e 01       		.byte	0x1
 666 004f 00000000 		.4byte	.LASF39
 667 0053 02       		.byte	0x2
 668 0054 5E000000 		.4byte	.LASF40
 669 0058 05       		.byte	0x5
 670 0059 92010000 		.4byte	.LASF41
 671 005d 04       		.byte	0x4
 672 005e 50010000 		.4byte	.LASF42
 673 0062 04       		.byte	0x4
 674              	.LELTP0:
 675              	.LELT0:
 676              		.section	.gnu.debuglto_.debug_str,"eMS",%progbits,1
 677              	.LASF5:
 678 0000 5F5F7569 		.ascii	"__uint8_t\000"
 678      6E74385F 
 678      7400
 679              	.LASF4:
 680 000a 73697A65 		.ascii	"size_t\000"
 680      5F7400
 681              	.LASF27:
ARM GAS  /var/folders/t2/7bcnkrz10_lcdd2nm4q03l7w0000gn/T//cc5OdGIi.s 			page 13


 682 0011 4E756C6C 		.ascii	"NullStreamVMT\000"
 682      53747265 
 682      616D564D 
 682      5400
 683              	.LASF9:
 684 001f 5F5F696E 		.ascii	"__int32_t\000"
 684      7433325F 
 684      7400
 685              	.LASF25:
 686 0029 2E2F4368 		.ascii	"./ChibiOS/os/hal/lib/streams/nullstreams.c\000"
 686      6962694F 
 686      532F6F73 
 686      2F68616C 
 686      2F6C6962 
 687              	.LASF26:
 688 0054 2F557365 		.ascii	"/Users/jeffreyyao/Desktop/FK723M1-ZGT6\000"
 688      72732F6A 
 688      65666672 
 688      65797961 
 688      6F2F4465 
 689              	.LASF0:
 690 007b 756E7369 		.ascii	"unsigned int\000"
 690      676E6564 
 690      20696E74 
 690      00
 691              	.LASF24:
 692 0088 474E5520 		.ascii	"GNU C17 13.3.1 20240614 -mcpu=cortex-m7 -mthumb -mf"
 692      43313720 
 692      31332E33 
 692      2E312032 
 692      30323430 
 693 00bb 6C6F6174 		.ascii	"loat-abi=soft -march=armv7e-m -ggdb -O2 -fomit-fram"
 693      2D616269 
 693      3D736F66 
 693      74202D6D 
 693      61726368 
 694 00ee 652D706F 		.ascii	"e-pointer -falign-functions=16 -ffunction-sections "
 694      696E7465 
 694      72202D66 
 694      616C6967 
 694      6E2D6675 
 695 0121 2D666461 		.ascii	"-fdata-sections -fno-common -flto\000"
 695      74612D73 
 695      65637469 
 695      6F6E7320 
 695      2D666E6F 
 696              	.LASF2:
 697 0143 6C6F6E67 		.ascii	"long double\000"
 697      20646F75 
 697      626C6500 
 698              	.LASF29:
 699 014f 77726974 		.ascii	"writes\000"
 699      657300
 700              	.LASF28:
 701 0156 6E756C6C 		.ascii	"nullObjectInit\000"
 701      4F626A65 
 701      6374496E 
ARM GAS  /var/folders/t2/7bcnkrz10_lcdd2nm4q03l7w0000gn/T//cc5OdGIi.s 			page 14


 701      697400
 702              	.LASF3:
 703 0165 7369676E 		.ascii	"signed char\000"
 703      65642063 
 703      68617200 
 704              	.LASF6:
 705 0171 756E7369 		.ascii	"unsigned char\000"
 705      676E6564 
 705      20636861 
 705      7200
 706              	.LASF8:
 707 017f 73686F72 		.ascii	"short unsigned int\000"
 707      7420756E 
 707      7369676E 
 707      65642069 
 707      6E7400
 708              	.LASF19:
 709 0192 77726974 		.ascii	"write\000"
 709      6500
 710              	.LASF11:
 711 0198 6C6F6E67 		.ascii	"long unsigned int\000"
 711      20756E73 
 711      69676E65 
 711      6420696E 
 711      7400
 712              	.LASF18:
 713 01aa 696E7374 		.ascii	"instance_offset\000"
 713      616E6365 
 713      5F6F6666 
 713      73657400 
 714              	.LASF23:
 715 01ba 72656164 		.ascii	"reads\000"
 715      7300
 716              	.LASF20:
 717 01c0 72656164 		.ascii	"read\000"
 717      00
 718              	.LASF21:
 719 01c5 756E6765 		.ascii	"unget\000"
 719      7400
 720              	.LASF16:
 721 01cb 63686172 		.ascii	"char\000"
 721      00
 722              	.LASF13:
 723 01d0 75696E74 		.ascii	"uint8_t\000"
 723      385F7400 
 724              	.LASF15:
 725 01d8 6D73675F 		.ascii	"msg_t\000"
 725      7400
 726              	.LASF14:
 727 01de 696E7433 		.ascii	"int32_t\000"
 727      325F7400 
 728              	.LASF1:
 729 01e6 6C6F6E67 		.ascii	"long long int\000"
 729      206C6F6E 
 729      6720696E 
 729      7400
 730              	.LASF7:
ARM GAS  /var/folders/t2/7bcnkrz10_lcdd2nm4q03l7w0000gn/T//cc5OdGIi.s 			page 15


 731 01f4 73686F72 		.ascii	"short int\000"
 731      7420696E 
 731      7400
 732              	.LASF22:
 733 01fe 4E756C6C 		.ascii	"NullStream\000"
 733      53747265 
 733      616D00
 734              	.LASF10:
 735 0209 6C6F6E67 		.ascii	"long int\000"
 735      20696E74 
 735      00
 736              	.LASF17:
 737 0212 5F426F6F 		.ascii	"_Bool\000"
 737      6C00
 738              	.LASF12:
 739 0218 6C6F6E67 		.ascii	"long long unsigned int\000"
 739      206C6F6E 
 739      6720756E 
 739      7369676E 
 739      65642069 
 740              		.section	.gnu.debuglto_.debug_line_str,"eMS",%progbits,1
 741              	.LASF39:
 742 0000 5F737464 		.ascii	"_stdint.h\000"
 742      696E742E 
 742      6800
 743              	.LASF31:
 744 000a 2F417070 		.ascii	"/Applications/ArmGNUToolchain/13.3.rel1/arm-none-ea"
 744      6C696361 
 744      74696F6E 
 744      732F4172 
 744      6D474E55 
 745 003d 62692F61 		.ascii	"bi/arm-none-eabi/include/machine\000"
 745      726D2D6E 
 745      6F6E652D 
 745      65616269 
 745      2F696E63 
 746              	.LASF40:
 747 005e 63686561 		.ascii	"chearly.h\000"
 747      726C792E 
 747      6800
 748              	.LASF33:
 749 0068 2F417070 		.ascii	"/Applications/ArmGNUToolchain/13.3.rel1/arm-none-ea"
 749      6C696361 
 749      74696F6E 
 749      732F4172 
 749      6D474E55 
 750 009b 62692F6C 		.ascii	"bi/lib/gcc/arm-none-eabi/13.3.1/include\000"
 750      69622F67 
 750      63632F61 
 750      726D2D6E 
 750      6F6E652D 
 751              	.LASF35:
 752 00c3 43686962 		.ascii	"ChibiOS/os/rt/include\000"
 752      694F532F 
 752      6F732F72 
 752      742F696E 
 752      636C7564 
ARM GAS  /var/folders/t2/7bcnkrz10_lcdd2nm4q03l7w0000gn/T//cc5OdGIi.s 			page 16


 753              	.LASF30:
 754 00d9 2F557365 		.ascii	"/Users/jeffreyyao/Desktop/FK723M1-ZGT6\000"
 754      72732F6A 
 754      65666672 
 754      65797961 
 754      6F2F4465 
 755              	.LASF32:
 756 0100 2F417070 		.ascii	"/Applications/ArmGNUToolchain/13.3.rel1/arm-none-ea"
 756      6C696361 
 756      74696F6E 
 756      732F4172 
 756      6D474E55 
 757 0133 62692F61 		.ascii	"bi/arm-none-eabi/include/sys\000"
 757      726D2D6E 
 757      6F6E652D 
 757      65616269 
 757      2F696E63 
 758              	.LASF42:
 759 0150 6E756C6C 		.ascii	"nullstreams.c\000"
 759      73747265 
 759      616D732E 
 759      6300
 760              	.LASF36:
 761 015e 2E2F4368 		.ascii	"./ChibiOS/os/hal/lib/streams/nullstreams.c\000"
 761      6962694F 
 761      532F6F73 
 761      2F68616C 
 761      2F6C6962 
 762              	.LASF37:
 763 0189 73746464 		.ascii	"stddef.h\000"
 763      65662E68 
 763      00
 764              	.LASF41:
 765 0192 6E756C6C 		.ascii	"nullstreams.h\000"
 765      73747265 
 765      616D732E 
 765      6800
 766              	.LASF38:
 767 01a0 5F646566 		.ascii	"_default_types.h\000"
 767      61756C74 
 767      5F747970 
 767      65732E68 
 767      00
 768              	.LASF34:
 769 01b1 43686962 		.ascii	"ChibiOS/os/hal/lib/streams\000"
 769      694F532F 
 769      6F732F68 
 769      616C2F6C 
 769      69622F73 
 770              		.text
 771              		.section	.gnu.lto_.profile.e2a84d17c1d710fa,"e",%progbits
 772 0000 789C6362 		.ascii	"x\234cb\000\001\000\000\022\000\003"
 772      00010000 
 772      120003
 773              		.text
 774              		.section	.gnu.lto_.icf.e2a84d17c1d710fa,"e",%progbits
 775 0000 789C3365 		.ascii	"x\2343e@\000v\206\323o\257\25300>\357]\337\301\315\300"
ARM GAS  /var/folders/t2/7bcnkrz10_lcdd2nm4q03l7w0000gn/T//cc5OdGIi.s 			page 17


 775      40007686 
 775      D36FAFAB 
 775      30303EEF 
 775      5DDFC1CD 
 776 0015 74B2F7E7 		.ascii	"t\262\367\347i~\006\346\003\323^\254\343a`\201\360X"
 776      697E06E6 
 776      03D35EAC 
 776      E3616081 
 776      F058
 777 0027 F74EDB79 		.ascii	"\367N\333y\216\223\211\211\201\211\221mK\353\223&F\006"
 777      8E938989 
 777      8189916D 
 777      4BEB9326 
 777      4606
 778 0039 0057C814 		.ascii	"\000W\310\024\217"
 778      8F
 779              		.text
 780              		.section	.gnu.lto_.ipa_sra.e2a84d17c1d710fa,"e",%progbits
 781 0000 789C7361 		.ascii	"x\234sa@\0006\006f \311\312\300\301\300\016\34223\""
 781      40003606 
 781      6620C9CA 
 781      C0C1C00E 
 781      E2323322 
 782 0014 73199999 		.ascii	"s\031\231\231\230\300\\\020\223\231\021\304dfA\210\260"
 782      98C05C10 
 782      939911C4 
 782      64664188 
 782      B0
 783 0025 82445818 		.ascii	"\202DX\030\031\000%\342\000\264"
 783      190025E2 
 783      00B4
 784              		.text
 785              		.section	.gnu.lto_.inline.e2a84d17c1d710fa,"e",%progbits
 786 0000 789CBBC5 		.ascii	"x\234\273\305\200\000l\014\014\314\015@\300\224\302"
 786      80006C0C 
 786      0CCC0D40 
 786      C094C2
 787 000f C8C0C0C4 		.ascii	"\310\300\300\304\300\320\010d\327\001\205!bL !\006\006"
 787      C0D00864 
 787      D7018521 
 787      624C2021 
 787      0606
 788 0021 4622D430 		.ascii	"F\"\3240\021\241\206\231\0105,D\250ae`\001\361\231\301"
 788      11A18699 
 788      08352C44 
 788      A8616560 
 788      01F199C1 
 789 0035 6A18C152 		.ascii	"j\030\301RI\014\014\354@\372\000\\\015\003\000\000\343"
 789      490C0CEC 
 789      40FA005C 
 789      0D030000 
 789      E3
 790 0046 2D3B     		.ascii	"-;"
 791              		.text
 792              		.section	.gnu.lto_.jmpfuncs.e2a84d17c1d710fa,"e",%progbits
 793 0000 789C45CB 		.ascii	"x\234E\313\307\015\0000\014\002@\300e\036\017\221\275"
 793      C70D0030 
ARM GAS  /var/folders/t2/7bcnkrz10_lcdd2nm4q03l7w0000gn/T//cc5OdGIi.s 			page 18


 793      0C0240C0 
 793      651E0F91 
 793      BD
 794 0011 B27A9A22 		.ascii	"\262z\232\"\363\342\220\030\350$\214dA\202l\312y\210"
 794      F3E29018 
 794      E8248C64 
 794      41826CCA 
 794      7988
 795 0023 CB805CFA 		.ascii	"\313\200\\\372J{\315{\011r_\210\005MI\001\342"
 795      4A7BCD7B 
 795      09725F88 
 795      054D4901 
 795      E2
 796              		.text
 797              		.section	.gnu.lto_.pureconst.e2a84d17c1d710fa,"e",%progbits
 798 0000 789C1366 		.ascii	"x\234\023f```ch`al`aj`an`ai`a\235\305\002\000 '\003"
 798      60606063 
 798      6860616C 
 798      60616A60 
 798      616E6061 
 799 001e 5B       		.ascii	"["
 800              		.text
 801              		.section	.gnu.lto_.ipa_modref.e2a84d17c1d710fa,"e",%progbits
 802 0000 789C8B67 		.ascii	"x\234\213g@\0006\006f&&8\217\021\310\201\363\230\220"
 802      40003606 
 802      66262638 
 802      8F11C881 
 802      F39890
 803 0013 D8CC8C70 		.ascii	"\330\314\214p&\013\2220+\343\0166\210F&v \346``\004"
 803      260B9230 
 803      2BE30E36 
 803      88462676 
 803      20E66060 
 804 0028 42060505 		.ascii	"B\006\005\005(\305\300\000\000R\"\001\354"
 804      28C5C000 
 804      00522201 
 804      EC
 805              		.text
 806              		.section	.gnu.lto_.lto.e2a84d17c1d710fa,"e",%progbits
 807 0000 0D000100 		.ascii	"\015\000\001\000\001\000\000\000"
 807      01000000 
 808              		.text
 809              		.section	.gnu.lto_writes.431.e2a84d17c1d710fa,"e",%progbits
 810 0000 789C7BC3 		.ascii	"x\234{\303\300\300P\012\304\252@\314\310\314\3008ib"
 810      C0C0500A 
 810      C4AA40CC 
 810      C8CCC038 
 810      6962
 811 0012 17134343 		.ascii	"\027\023CCC\203\003;\023c\343\304\256\345g\335\030\017"
 811      4383033B 
 811      1363E3C4 
 811      AEE567DD 
 811      180F
 812 0024 3282F98C 		.ascii	"2\202\371\214\014\365L\214\365\214k\230Y\031\331\204"
 812      0CF54C8C 
 812      F58C6B98 
 812      5919D984 
ARM GAS  /var/folders/t2/7bcnkrz10_lcdd2nm4q03l7w0000gn/T//cc5OdGIi.s 			page 19


 813 0034 195980A4 		.ascii	"\031Y\200\244(\243\202\376\201\206\206\037\335kw\325"
 813      28A382FE 
 813      8186861F 
 813      DD6B77D5 
 814 0044 CE5B7180 		.ascii	"\316[q\200\245\236\241v\027\343NF\240I\014\254\214\034"
 814      A59EA176 
 814      17E34E46 
 814      A0490CAC 
 814      8C1C
 815 0056 610CBA40 		.ascii	"a\014\272@\311\013?~44\0101\274f\330\303\010\225db\212"
 815      C90B3F7E 
 815      34340831 
 815      BC66D8C3 
 815      08956462 
 816 006b FC0AD4CD 		.ascii	"\374\012\324\315Q\010\221\337\367\023$_\271\017.\315"
 816      510891DF 
 816      F713245F 
 816      B90F2ECD 
 817 007b 1CF91F24 		.ascii	"\034\371\037$]\002\221\376\002\226\256?\000\227f\210"
 817      5D0291FE 
 817      0296AE3F 
 817      00976688 
 818 008b EC646560 		.ascii	"\354de`\340f`\250\005\271\030\210\327_b}\320\360\343"
 818      E06660A8 
 818      05B91888 
 818      D75F627D 
 818      D0F0E3
 819 009e FFFC8686 		.ascii	"\377\374\206\206U\363\031o\2131322\036\000\212\257d"
 819      55F3196F 
 819      8B313332 
 819      321E008A 
 819      AF64
 820 00b0 0679A381 		.ascii	"\006y\243\201\205\221a\0253\023\204\325x\200\341?S\303"
 820      85916115 
 820      331384D5 
 820      7880E13F 
 820      53C3
 821 00c2 A3BF5260 		.ascii	"\243\277R`j\0013\230Z\301\314\320\316\334\264\3405\007"
 821      6A013398 
 821      5AC1CCD0 
 821      CEDCB4E0 
 821      3507
 822 00d4 33D8E12B 		.ascii	"3\330\341+\231\031!\212\033\016\000y\352\372\241\305"
 822      9919218A 
 822      1B0E0079 
 822      EAFAA1C5 
 823 00e4 A945C5FA 		.ascii	"\251E\305\372Y\251iiE\251\225\225\211\371\372.\251\305"
 823      59A96969 
 823      45A99595 
 823      89F9FA2E 
 823      A9C5
 824 00f6 D925F905 		.ascii	"\331%\371\005\372n\336\346F\306\276\206\272Q\356!f\014"
 824      FA6EDEE6 
 824      46C6BE86 
 824      BA51EE21 
 824      660C
 825 0108 DA7AFACE 		.ascii	"\332z\372\316\031\231I\231\376\301\372\371\305\372\031"
ARM GAS  /var/folders/t2/7bcnkrz10_lcdd2nm4q03l7w0000gn/T//cc5OdGIi.s 			page 20


 825      19994999 
 825      FEC1FAF9 
 825      C5FA19
 826 0117 8939FA39 		.ascii	"\2119\3729\231I\372\305%E\251\211\271\305\372y\2459"
 826      9949FAC5 
 826      2545A989 
 826      B9C5FA79 
 826      A539
 827 0129 3950B65E 		.ascii	"9P\266^2\003Sf\2018\212\210\236Yb\232\211q\232\031P"
 827      32035366 
 827      81388A88 
 827      9E59629A 
 827      89719A19 
 828 013e 2AA98031 		.ascii	"*\251\2001\017\000\322w~="
 828      0F00D277 
 828      7E3D
 829              		.text
 830              		.section	.gnu.lto_reads.432.e2a84d17c1d710fa,"e",%progbits
 831 0000 789CFBC0 		.ascii	"x\234\373\300\300\300P\012\304\252@\314\310\314\300"
 831      C0C0500A 
 831      C4AA40CC 
 831      C8CCC0
 832 000f 38696217 		.ascii	"8ib\027\023CCC\203\003;\023c\343\304\256\355\347\335"
 832      13434343 
 832      83033B13 
 832      63E3C4AE 
 832      EDE7DD
 833 0022 180F3282 		.ascii	"\030\0172\202\371\214\014\365L\214\365\214k\230Y\031"
 833      F98C0CF5 
 833      4C8CF58C 
 833      6B985919 
 834 0032 D9841959 		.ascii	"\331\204\031Y\200\244(\243\202\376\201\206\206\037\335"
 834      80A428A3 
 834      82FE8186 
 834      861FDD
 835 0041 6B6FD5CE 		.ascii	"ko\325\316[q\200\245\236\241v\027\343NF\240I\014\254"
 835      5B7180A5 
 835      9EA17617 
 835      E34E46A0 
 835      490CAC
 836 0054 8C1C610C 		.ascii	"\214\034a\014\272@\311\013\337~44\0101\274f\330\303"
 836      BA40C90B 
 836      DF7E3434 
 836      0831BC66 
 836      D8C3
 837 0066 08956462 		.ascii	"\010\225db\212<\015\324\315Q\010\221\337\360\023$_\271"
 837      8A3C0DD4 
 837      CD510891 
 837      DFF01324 
 837      5FB9
 838 0078 0F2ECD1C 		.ascii	"\017.\315\034y\025$]\002\221\276\006\226\256?\000\227"
 838      7915245D 
 838      0291BE06 
 838      96AE3F00 
 838      97
 839 0089 6688BCCF 		.ascii	"f\210\274\317\302\300\300\315\300P\013r1\020\257\277"
 839      C2C0C0CD 
ARM GAS  /var/folders/t2/7bcnkrz10_lcdd2nm4q03l7w0000gn/T//cc5OdGIi.s 			page 21


 839      C0500B72 
 839      3110AFBF 
 840 0099 C4FAA0E1 		.ascii	"\304\372\240\341\307\377\371\015\015\247f3>\026gb`X"
 840      C7FFF90D 
 840      0DA76633 
 840      3E166762 
 840      6058
 841 00ab C90CF241 		.ascii	"\311\014\362A\003\013#\303*f&\010\253\361\000\303\177"
 841      030B23C3 
 841      2A662608 
 841      ABF100C3 
 841      7F
 842 00bc A686477B 		.ascii	"\246\206G{\245\301\324\003f0\365\004B\275afhgnZ\360"
 842      A5C1D403 
 842      6630F504 
 842      42BD6166 
 842      68676E5A 
 843 00d1 9A83AD1E 		.ascii	"\232\203\255\036\354v\240~F\210\256\206\003@\236\272"
 843      EC76A07E 
 843      4688AE86 
 843      03409EBA 
 844 00e1 7E68716A 		.ascii	"~hqjQ\261~VjZZQjeeb\276\276KjqvI~\201\276\233\267\271"
 844      51B17E56 
 844      6A5A5A51 
 844      6A656562 
 844      BEBE4B6A 
 845 00fe 91B1AFA1 		.ascii	"\221\261\257\241n\224{\210\031\203\266\236\276sFfR\246"
 845      6E947B88 
 845      1983B69E 
 845      BE734666 
 845      52A6
 846 0110 7FB07E7E 		.ascii	"\177\260~~\261~Fb\216~Nf\222~qIQjbn\261~^iN\016\224"
 846      B17E4662 
 846      8E7E4E66 
 846      927E7149 
 846      516A626E 
 847 012b AD97CCC0 		.ascii	"\255\227\314\300\224Y \216\"\242g\226\230fb\234f\006"
 847      9459208E 
 847      22A26796 
 847      9866629C 
 847      6606
 848 013d 944A2A60 		.ascii	"\224J*`\314\003\000Z\031\201\267"
 848      CC03005A 
 848      1981B7
 849              		.text
 850              		.section	.gnu.lto_put.433.e2a84d17c1d710fa,"e",%progbits
 851 0000 789C3BC5 		.ascii	"x\234;\305\300\300P\004\304j@\314\310\314\3008ib\027"
 851      C0C05004 
 851      C46A40CC 
 851      C8CCC038 
 851      696217
 852 0013 13434343 		.ascii	"\023CCC\203\003;\023c\343\304\256\355\033_p0\356g\004"
 852      83033B13 
 852      63E3C4AE 
 852      ED1B5F70 
 852      30EE6704 
 853 0027 0B3032D4 		.ascii	"\01302\32431\3263\256afed\023fd\001\222\242\214\012"
ARM GAS  /var/folders/t2/7bcnkrz10_lcdd2nm4q03l7w0000gn/T//cc5OdGIi.s 			page 22


 853      3331D633 
 853      AE616665 
 853      64136664 
 853      0192A28C 
 854 003c FA40A91F 		.ascii	"\372@\251\037\335k\377T\316[q\200\245\236\241v\027\343"
 854      DD6BFF54 
 854      CE5B7180 
 854      A59EA176 
 854      17E3
 855 004e 4E46A051 		.ascii	"NF\240Q\014\254\214\034a\014\272\007\032\032.|\370\321"
 855      0CAC8C1C 
 855      610CBA07 
 855      1A1A2E7C 
 855      F8D1
 856 0060 D020C4F0 		.ascii	"\320 \304\360\232a\017#T\222\211)r\005P7G!D~\306\307"
 856      9A610F23 
 856      54928929 
 856      72055037 
 856      4721447E 
 857 0076 86063686 		.ascii	"\206\0066\206\312}\214\265\246F@I\346\310M,\014\014"
 857      CA7D8CB5 
 857      A6464049 
 857      E6C84D2C 
 857      0C0C
 858 0088 DC0C0CB5 		.ascii	"\334\014\014\265 \027\001\361\372K\254\017\032~\374"
 858      201701F1 
 858      FA4BAC0F 
 858      1A7EFC
 859 0097 9FDFD0F0 		.ascii	"\237\337\320\360j2\343\343\031LL\014\014+\231ANl`ad"
 859      6A32E3E3 
 859      194C4C0C 
 859      0C2B9941 
 859      4E6C6061 
 860 00ac 58C5CC04 		.ascii	"X\305\314\004a5\036`\370\317\324\360ha\0173\230^\302"
 860      61351E60 
 860      F8CFD4F0 
 860      68610F33 
 860      985EC2
 861 00bf 03A6D6F0 		.ascii	"\003\246\326\3600\26437-x\315\301V\017v\025P'#D}\303"
 861      30B43337 
 861      2D78CDC1 
 861      560F7615 
 861      50272344 
 862 00d5 01204F5D 		.ascii	"\001 O]?\2648\265\250X?+5-\255(\265\26221_\337%\265"
 862      3FB438B5 
 862      A8583F2B 
 862      352DAD28 
 862      B5B23231 
 863 00ed 38BB24BF 		.ascii	"8\273$\277@\337\315\333\334\310\330\327P7\312=\304\214"
 863      40DFCDDB 
 863      DCC8D8D7 
 863      5037CA3D 
 863      C48C
 864 00ff 415B4FDF 		.ascii	"A[O\3379#3)\323?X?\277X?#1G?'3I\277\270\244(51\267X"
 864      39233329 
 864      D33F583F 
 864      BF583F23 
ARM GAS  /var/folders/t2/7bcnkrz10_lcdd2nm4q03l7w0000gn/T//cc5OdGIi.s 			page 23


 864      31473F27 
 865 011d 3FAF3427 		.ascii	"?\2574'\007\312\326Kf`\312,\020G\021\3213KL31N3Kf`L"
 865      07CAD64B 
 865      6660CA2C 
 865      104711D1 
 865      334B4C33 
 866 0138 02005E71 		.ascii	"\002\000^qr@"
 866      7240
 867              		.text
 868              		.section	.gnu.lto_get.434.e2a84d17c1d710fa,"e",%progbits
 869 0000 789C5BCE 		.ascii	"x\234[\316\300\300P\000\304j@\314\310\314\3008ib\027"
 869      C0C05000 
 869      C46A40CC 
 869      C8CCC038 
 869      696217
 870 0013 13434343 		.ascii	"\023CCC\203\003;\023c\343\304\256\345\233_p0\356e\004"
 870      83033B13 
 870      63E3C4AE 
 870      E59B5F70 
 870      30EE6504 
 871 0027 0B3032D4 		.ascii	"\01302\32431\3263\256afed\023fd\001\222\242\214\012"
 871      3331D633 
 871      AE616665 
 871      64136664 
 871      0192A28C 
 872 003c FA40A91F 		.ascii	"\372@\251\037\335k\347\264\361?hn\365\250g\250\335\305"
 872      DD6BE7B4 
 872      F13F686E 
 872      F5A867A8 
 872      DDC5
 873 004e B8931168 		.ascii	"\270\223\021h\026\003+#G\030\203\356\201\206\206\013"
 873      16032B23 
 873      471883EE 
 873      8186860B 
 874 005e 1F7E3434 		.ascii	"\037~44\0101\274f\330\303\010\225db\212\354ga`\340f"
 874      0831BC66 
 874      D8C30895 
 874      64628AEC 
 874      676160E0 
 875 0073 60A805D9 		.ascii	"`\250\005\331\012\304\353/\261>h\370\361\177~CCW?\343"
 875      0AC4EB2F 
 875      B13E68F8 
 875      F17F7E43 
 875      43573FE3 
 876 0087 ED994C4C 		.ascii	"\355\231LL\014\014+\231A\316h`adX\305\314\004a5\036"
 876      0C0C2B99 
 876      41CE6860 
 876      616458C5 
 876      CC046135 
 877 009c 60F8CFD4 		.ascii	"`\370\317\324\360\350a\0173\230~\301\303\320\316\334"
 877      F0E8610F 
 877      33987EC1 
 877      C3D0CEDC 
 878 00ac B4E03507 		.ascii	"\264\3405\007[=#\013\310\312\225\314\214\020\205\015"
 878      5B3D230B 
 878      C8CA95CC 
 878      8C10850D 
ARM GAS  /var/folders/t2/7bcnkrz10_lcdd2nm4q03l7w0000gn/T//cc5OdGIi.s 			page 24


 879 00bc 07803C75 		.ascii	"\007\200<u\375\320\342\324\242b\375\254\324\264\264"
 879      FDD0E2D4 
 879      A262FDAC 
 879      D4B4B4
 880 00cb A2D4CACA 		.ascii	"\242\324\312\312\304|}\227\324\342\354\222\374\002}"
 880      C47C7D97 
 880      D4E2EC92 
 880      FC027D
 881 00da 376F7323 		.ascii	"7os#c_C\335(\367\0203\006m=}\347\214\314\244L\377`\375"
 881      635F43DD 
 881      28F71033 
 881      066D3D7D 
 881      E78CCCA4 
 882 00f2 FC62FD8C 		.ascii	"\374b\375\214\304\034\375\234\314$\375\342\222\242\324"
 882      C41CFD9C 
 882      CC24FDE2 
 882      92A2D4
 883 0101 C4DC62FD 		.ascii	"\304\334b\375\274\322\234\034([/\231\201)\263@\034E"
 883      BCD29C1C 
 883      285B2F99 
 883      8129B340 
 883      1C45
 884 0113 44CF2C31 		.ascii	"D\317,1\315\3048\315,\231\001\000\3225ex"
 884      CDC438CD 
 884      2C990100 
 884      D2356578 
 885              		.text
 886              		.section	.gnu.lto_unget.435.e2a84d17c1d710fa,"e",%progbits
 887 0000 789C3BCD 		.ascii	"x\234;\315\300\300P\004\304j@\314\310\314\3008ib\027"
 887      C0C05004 
 887      C46A40CC 
 887      C8CCC038 
 887      696217
 888 0013 13434343 		.ascii	"\023CCC\203\003;\023c\343\304\256\355[_p0\356g\004\013"
 888      83033B13 
 888      63E3C4AE 
 888      ED5B5F70 
 888      30EE6704 
 889 0028 3032D433 		.ascii	"02\32431\3263\256afed\023fd\001\222\242\214\012\372"
 889      31D633AE 
 889      61666564 
 889      13666401 
 889      92A28C0A 
 890 003d 40A91FDD 		.ascii	"@\251\037\335kw\265\361?hn\365\250g\250\335\305\270"
 890      6B77B5F1 
 890      3F686EF5 
 890      A867A8DD 
 890      C5B8
 891 004f 93116816 		.ascii	"\223\021h\026\003+#G\030\203\356\201\206\206\013_~4"
 891      032B2347 
 891      1883EE81 
 891      86860B5F 
 891      7E34
 892 0061 340831BC 		.ascii	"4\0101\274f\330\303\010\225db\212|\0134\204\243\020"
 892      66D8C308 
 892      9564628A 
 892      7C0B3484 
ARM GAS  /var/folders/t2/7bcnkrz10_lcdd2nm4q03l7w0000gn/T//cc5OdGIi.s 			page 25


 892      A310
 893 0073 223FE763 		.ascii	"\"?\347cC\003\033C\345>\306ZS#\240$s\344wf\006\006n"
 893      43031B43 
 893      E53EC65A 
 893      5323A024 
 893      73E47766 
 894 008a 06865A90 		.ascii	"\006\206Z\220\223\200x\375%\326\007\015?\376\317oh8"
 894      938078FD 
 894      25D6070D 
 894      3FFECF6F 
 894      6838
 895 009c A73EB1E7 		.ascii	"\247>\261\347\032#\023\003\303Jf\220\033\033X\030\031"
 895      1A231303 
 895      C34A6690 
 895      1B1B5818 
 895      19
 896 00ad 56313341 		.ascii	"V13AX\215\007\030\37635<Z\330\313\014\246\227\360\202"
 896      588D0718 
 896      FE33353C 
 896      5AD8CB0C 
 896      A697F082 
 897 00c1 A935BC0C 		.ascii	"\2515\274\014\355\314M\013^s\260\325\203]\005\324\311"
 897      EDCC4D0B 
 897      5E73B0D5 
 897      835D05D4 
 897      C9
 898 00d2 0851DF70 		.ascii	"\010Q\337p\000\310S\327\017-N-*\326\317JMK+J\255\254"
 898      00C853D7 
 898      0F2D4E2D 
 898      2AD6CF4A 
 898      4D4B2B4A 
 899 00e8 4CCCD777 		.ascii	"L\314\327wI-\316.\311/\320w\363672\3665\324\215r\017"
 899      492DCE2E 
 899      C92FD077 
 899      F3363732 
 899      F635D48D 
 900 00fe 3163D0D6 		.ascii	"1c\320\326\323w\316\310L\312\364\017\326\317/\326\317"
 900      D377CEC8 
 900      4CCAF40F 
 900      D6CF2FD6 
 900      CF
 901 010f 48CCD1CF 		.ascii	"H\314\321\317\311L\322/.)JM\314-\326\317+\315\311\201"
 901      C94CD22F 
 901      2E294A4D 
 901      CC2DD6CF 
 901      2BCDC981 
 902 0123 B2F59219 		.ascii	"\262\365\222\031\2302\013\304QD\364\314\022\323L\214"
 902      98320BC4 
 902      5144F4CC 
 902      12D34C8C 
 903 0133 D3CC9219 		.ascii	"\323\314\222\031\030\223\000\356\202r\306"
 903      189300EE 
 903      8272C6
 904              		.text
 905              		.section	.gnu.lto_vmt.436.e2a84d17c1d710fa,"e",%progbits
 906 0000 789C4B62 		.ascii	"x\234Kb``\010e\200\000V\306.\306\246\206\206?G\247\255"
 906      60600865 
ARM GAS  /var/folders/t2/7bcnkrz10_lcdd2nm4q03l7w0000gn/T//cc5OdGIi.s 			page 26


 906      800056C6 
 906      2EC6A686 
 906      863F47A7 
 907 0015 3BACCE58 		.ascii	";\254\316X_\013\023X1\223\271\272\022\316\351a\256/"
 907      5F0B1358 
 907      3193B9BA 
 907      12CEE961 
 907      AE2F
 908 0027 87736A4B 		.ascii	"\207sjK\213\341\354\334\302| \233\355.\003#\203}SG\203"
 908      8BE1ECDC 
 908      C27C209B 
 908      ED2E0323 
 908      837D5347 
 909 003c 416EF63E 		.ascii	"An\366>\306\314\275\214\351{\030Sw3&\357bL\334\311\310"
 909      C6CCBD8C 
 909      E97B1853 
 909      773326EF 
 909      624CDCC9 
 910 0051 A0AE1F5A 		.ascii	"\240\256\037Z\234ZT\254\237\225\232\226V\224ZY\231\230"
 910      9C5A54AC 
 910      9F959A96 
 910      56945A59 
 910      9998
 911 0063 AFEF925A 		.ascii	"\257\357\222Z\234]\222_\240\357\346mnd\354k\250\033"
 911      9C5D925F 
 911      A0EFE66D 
 911      6E64EC6B 
 911      A81B
 912 0075 E51E62C6 		.ascii	"\345\036b\306\240\255\247\357\234\221\231\224\351\037"
 912      A0ADA7EF 
 912      9C919994 
 912      E91F
 913 0083 AC9F5FAC 		.ascii	"\254\237_\254\237\221\230\243\237\223\231\244_\\R\224"
 913      9F9198A3 
 913      9F9399A4 
 913      5F5C5294 
 914 0093 9A985BAC 		.ascii	"\232\230[\254\237W\232\223\003e\353%3\000\000\033\327"
 914      9F579A93 
 914      0365EB25 
 914      3300001B 
 914      D7
 915 00a4 3F1B     		.ascii	"?\033"
 916              		.text
 917              		.section	.gnu.lto_nullObjectInit.437.e2a84d17c1d710fa,"e",%progbits
 918 0000 789C554F 		.ascii	"x\234UOMK\002Q\024\275\367\275\261\204V\025\321.\202"
 918      4D4B0251 
 918      14BDF7BD 
 918      B1845615 
 918      D12E82
 919 0013 162D421F 		.ascii	"\026-B\037eL\333\240\310ED\213>\026\356F\231AkR\363"
 919      654CDBA0 
 919      C845448B 
 919      3E16EE46 
 919      99416B52 
 920 0028 293185CC 		.ascii	")1\205\314\323\240`\002A\203VA[\015%\332\226\321\320"
 920      D3A06002 
 920      41835641 
ARM GAS  /var/folders/t2/7bcnkrz10_lcdd2nm4q03l7w0000gn/T//cc5OdGIi.s 			page 27


 920      5B0D25DA 
 920      96D1D0
 921 003b C72608A2 		.ascii	"\307&\010\242_ \265\254\037`+{\216mzp\337=\347~p\316"
 921      5F20B5AC 
 921      1F602B7B 
 921      8E6D7A70 
 921      DF3DE77E 
 922 0051 FD02805D 		.ascii	"\375\002\200]\031\0232\220\002V\312\016\001!\304|?\301"
 922      19133290 
 922      0256CA0E 
 922      0121C47C 
 922      3FC1
 923 0063 42D919C4 		.ascii	"B\331\031\304;\364\030\202M\320\306:e\222\266O\032\225"
 923      3BF41882 
 923      4DD0C63A 
 923      6592B64F 
 923      1A95
 924 0075 B0A8BAF8 		.ascii	"\260\250\272\370\015`\203\367|\3307\214\212\374Gp\334"
 924      0D6083F7 
 924      7CD8378C 
 924      8AFC4770 
 924      DC
 925 0086 87FE4D08 		.ascii	"\207\376M\010\270B\274U~\204\030\202|\023\355[\274A"
 925      B842BC55 
 925      7E841882 
 925      7C13ED5B 
 925      BC41
 926 0098 00829157 		.ascii	"\000\202\221W\0120\320[\223\005\270z\367\265D\273s!"
 926      0A30D05B 
 926      9305B87A 
 926      F7B544BB 
 926      7321
 927 00aa C4CB297E 		.ascii	"\304\313)~\236\023\205 6e\243F\273.\204\202pII\017\025"
 927      9E138520 
 927      3665A346 
 927      BB2E8482 
 927      7049490F 
 928 00bf 5CE810F1 		.ascii	"\\\350\020\361\321(Q8\244\3053\347\231J\271<J\351z\327"
 928      D1285138 
 928      A4C533E7 
 928      994AB93C 
 928      4AE97AD7 
 929 00d3 63B5EF60 		.ascii	"c\265\357`\377\036A\225\320o\271\270\347y\262\272mG"
 929      FF1E4195 
 929      D06FB9B8 
 929      E779B2BA 
 929      6D47
 930 00e5 E69C37A6 		.ascii	"\346\2347\246\360G|@p\360H\316\217YOR\350\230\026[\327"
 930      F0477C40 
 930      70F048CE 
 930      8F594F52 
 930      E898165B 
 931 00fa 25F48EA8 		.ascii	"%\364\216\250Q\354I\011W\262I\266\301\365\014g[\272"
 931      51EC4909 
 931      57B249B6 
 931      C1F50C67 
 931      5BBA
ARM GAS  /var/folders/t2/7bcnkrz10_lcdd2nm4q03l7w0000gn/T//cc5OdGIi.s 			page 28


 932 010c 616474CB 		.ascii	"adt\313\322RlQ\347\333\331T\232--\317\315\204V\246\003"
 932      D2526C51 
 932      E7DBD954 
 932      9A2D2DCF 
 932      CD8456A6 
 933 0121 91F0BA0A 		.ascii	"\221\360\272\012SA\266\020OD\023\253k,\305Y\\3\231\231"
 933      5341B610 
 933      4F4413AB 
 933      6B2CC559 
 933      5C339999 
 934 0135 88329ECD 		.ascii	"\2102\236\315\350\332\016g\311\234i\376\341`\014h\222"
 934      E8DA0E67 
 934      C99C69FE 
 934      E1600C68 
 934      92
 935 0146 A747FF95 		.ascii	"\247G\377\225\202\252f\314\206\0145\006\277qys\251"
 935      82AA66CC 
 935      860C3506 
 935      BF717973 
 935      A9
 936              		.text
 937              		.section	.gnu.lto_.symbol_nodes.e2a84d17c1d710fa,"e",%progbits
 938 0000 789C75C9 		.ascii	"x\234u\311\311\011\2000\024\004\320IF\005\367\222\177"
 938      C9098030 
 938      1404D049 
 938      4605F792 
 938      7F
 939 0011 08169042 		.ascii	"\010\026\220B\004w\020OV \226\224x\364\360\337\365\215"
 939      0477104F 
 939      56209694 
 939      78F4F0DF 
 939      F58D
 940 0023 48EC4429 		.ascii	"H\354D)]\222\231\360\000\002\234\257\367\256\370j\246"
 940      5D9299F0 
 940      00029CAF 
 940      F7AEF86A 
 940      A6
 941 0034 544A2D94 		.ascii	"TJ-\224Z\251\225\322(\265QZ\245\016J\367\253+x\233\""
 941      5AA995D2 
 941      28B5515A 
 941      A50E4AF7 
 941      AB2B789B 
 942 0049 DFD9DF83 		.ascii	"\337\331\337\203\001\210\010\004\3132\273"
 942      01880804 
 942      CB32BB
 943              		.text
 944              		.section	.gnu.lto_.refs.e2a84d17c1d710fa,"e",%progbits
 945 0000 789C1366 		.ascii	"x\234\023f```debcb`\005b&F&&&f&\026\006\000\003\320"
 945      60606064 
 945      65626362 
 945      60056226 
 945      46262626 
 946 001b 0043     		.ascii	"\000C"
 947              		.text
 948              		.section	.gnu.lto_.decls.e2a84d17c1d710fa,"e",%progbits
 949 0000 789C8D55 		.ascii	"x\234\215U{LSW\030?\337mi/\010\2648\215\3352\027\366"
 949      7B4C5357 
ARM GAS  /var/folders/t2/7bcnkrz10_lcdd2nm4q03l7w0000gn/T//cc5OdGIi.s 			page 29


 949      183FDF6D 
 949      692F08B4 
 949      388DDD32 
 950 0016 D70C4E1B 		.ascii	"\327\014N\033t\203\305\277L43\313\242&S\227e\331\202"
 950      7483C5BF 
 950      4C3433CB 
 950      A2265397 
 950      65D982
 951 0029 8845CB78 		.ascii	"\210E\313x\205\026\247K\226\234[J\251\212\243\370d\215"
 951      8516A74B 
 951      969C5B4A 
 951      A98AA3F8 
 951      648D
 952 003b D1AEEAA6 		.ascii	"\321\256\352\246\262ML\3601D\254\322\001>\230\340&8"
 952      B24D4CF0 
 952      3144ACD2 
 952      013E98E0 
 952      2638
 953 004d 51441104 		.ascii	"QD\021\004\361Q\036\033/\225}\347\336c\241\232,\336"
 953      F1511E1B 
 953      2F957DE7 
 953      DE63A19A 
 953      2CDE
 954 005f E4C7BDF7 		.ascii	"\344\307\275\367|\277\357\367\375\276\217sO\177\324"
 954      7CBFEFF7 
 954      FDBE8F73 
 954      4F7FD4
 955 006e 12F22510 		.ascii	"\022\362%\020\362.b\014/\221\020\322\214\320#\372\020"
 955      F22E620C 
 955      2F9110D2 
 955      8CD023FA 
 955      10
 956 007f A38834C4 		.ascii	"\243\2104\304-\304U\036\273\204\030A\364\"\306\020\200"
 956      2DC4551E 
 956      BB841841 
 956      F422C610 
 956      80
 957 0090 B9024285 		.ascii	"\271\002B\205P#&!\"\231\036{\347yc\023tT\302\370:\313"
 957      50232621 
 957      22991E7B 
 957      E7796313 
 957      7454C2F8 
 958 00a6 4DE3BA61 		.ascii	"M\343\272a|\335O\024\2754^K\213\353*\276\256\342\353"
 958      7CDD4F14 
 958      BD345E4B 
 958      8BEB2ABE 
 958      AEE2EB
 959 00b9 E113B8EA 		.ascii	"\341\023\270\352\011\334\327\005\305{\003_\257\3419"
 959      09DCD705 
 959      C57B035F 
 959      AFE139
 960 00c8 4CAF85D7 		.ascii	"L\257\205\327k\347~\002\210n\304c\304#\304}\304CD\017"
 960      6BE77E02 
 960      886EC463 
 960      C423C47D 
 960      C443440F 
 961 00dc 621AEAE0 		.ascii	"b\032\352\340h\344^F'\364;D\224\336X\256\3465Pk\246"
ARM GAS  /var/folders/t2/7bcnkrz10_lcdd2nm4q03l7w0000gn/T//cc5OdGIi.s 			page 30


 961      68E45E46 
 961      27F43B44 
 961      94DE58AE 
 961      E635506B 
 962 00f1 422CDEF5 		.ascii	"B,\336\365\242@\324B\3751O\233\020.+\364\263\250\200"
 962      A240D442 
 962      FD314F9B 
 962      102E2BF4 
 962      B3A880
 963 0104 51BD460B 		.ascii	"Q\275F\013l\260Z\274S\274\326\213\032\362>\225/\357"
 963      6CB05ABC 
 963      53BCD68B 
 963      1AF23E95 
 963      2FEF
 964 0116 1BE41C4A 		.ascii	"\033\344\034J\3415/R\374\004\363\007\237\325\346\253"
 964      E1352F52 
 964      FC04F307 
 964      9FD5E6AB 
 965 0126 751819A2 		.ascii	"u\030\031\242t\343dR\001\277\001\361\203\266\032\316"
 965      74E36452 
 965      01BF01F1 
 965      83B61ACE 
 966 0136 820FD4C2 		.ascii	"\202\017\324\302\241=\364\35571:@\351\214\337\341\014"
 966      A13DF4ED 
 966      37313A40 
 966      E98CDFE1 
 966      0C
 967 0147 54B1FE80 		.ascii	"T\261\376\200\234fc\026\216\224\226\337\212\210\361"
 967      9C666316 
 967      8E9496DF 
 967      8A88F1
 968 0156 B15C9F3D 		.ascii	"\261\\\237=\274\006\344dR\013\262MQ\374\214h\246\303"
 968      BC06E464 
 968      520BB24D 
 968      51FC8C68 
 968      A6C3
 969 0168 18E01F22 		.ascii	"\030\340\037\"~\201\364\326\201\256_T:\244\007\250-"
 969      7E81F4D6 
 969      81AE5F54 
 969      3AA407A8 
 969      2D
 970 0179 0F1DCD21 		.ascii	"\017\035\315!\227`z5\\\204\013X\250\253\371\316\326"
 970      97607A35 
 970      5C840B58 
 970      A8ABF9CE 
 970      D6
 971 018a 49AC8F7A 		.ascii	"I\254\217z\350g\322\265\355U*\245\255?0\372kO\321p\324"
 971      E867D2B5 
 971      ED552AA5 
 971      AD3F30FA 
 971      6B4FD170 
 972 019f 8B3E1A80 		.ascii	"\213>\032\200\\\226}4=n-\325\004}4p\037\215\010q5\321"
 972      5C967D34 
 972      3D6E2DD5 
 972      047D3470 
 972      1F8D0871 
 973 01b5 DC24F230 		.ascii	"\334$\3620t\354\201\210f\344\237\250\2647\011:_H\317"
ARM GAS  /var/folders/t2/7bcnkrz10_lcdd2nm4q03l7w0000gn/T//cc5OdGIi.s 			page 31


 973      74EC8188 
 973      66E49FA8 
 973      B437093A 
 973      5F48CF
 974 01c8 57E126A9 		.ascii	"W\341&\251\206\277\340O\254v\275\177\254S\307\2127\311"
 974      86BFE04F 
 974      AC76BD7F 
 974      AC53C78A 
 974      37C9
 975 01da 5E2EB4F7 		.ascii	"^.\264\367\325D\007\345\353\271\3745\271\364\225\366"
 975      D54407E5 
 975      EBB9FC35 
 975      B9F495F6 
 976 01ea D6D60846 		.ascii	"\326\326\010F\275\006\315\230y\373\251\323\253Sl\377"
 976      BD06CD98 
 976      79FBA9D3 
 976      AB536CFF 
 977 01fa 8DAFF9DB 		.ascii	"\215\257\371\333\012wF<\267\335\304m\267\000\271.\347"
 977      0A77463C 
 977      B7DDC46D 
 977      B700B92E 
 977      E7
 978 020b 062A765D 		.ascii	"\006*v]\023\203\272-\\\367\006\263\235M^rq\252\307y"
 978      1383BA2D 
 978      5CF706B3 
 978      9D4D5E72 
 978      71AAC779 
 979 021f 04E4E9F9 		.ascii	"\004\344\351\371^\236^\351\301\272\303\343R\267\270"
 979      5E9E5EE9 
 979      C1BAC3E3 
 979      52B7B8
 980 022e 549B5C66 		.ascii	"T\233\\f\324\361\320\247f:m\320\212\324\362\336\342"
 980      D4F1D0A7 
 980      663A6DD0 
 980      8AD4F2DE 
 980      E2
 981 023f BDDCE26D 		.ascii	"\275\334\342m|\035\243\275\235\252\027-\266\003\271"
 981      7C1DA3BD 
 981      9DAA172D 
 981      B603B9
 982 024e 23E73EBD 		.ascii	"#\347>\275\323\333\241\015\352\266s\335\273\314\342"
 982      D3DBA10D 
 982      EAB673DD 
 982      BBCCE2
 983 025d 3A223A80 		.ascii	":\":\200\375\243\015\270\343| n\007\242\216>QZZ\247"
 983      FDA30DB8 
 983      E37C206E 
 983      07A28E3E 
 983      515A5AA7 
 984 0271 8D8B8B33 		.ascii	"\215\213\2133 XV\317\216M\005\211y\2258\346\022\261"
 984      205856CF 
 984      8E4D0589 
 984      799538E6 
 984      12B1
 985 0283 093AE021 		.ascii	"\011:\340!W\210'd.A\202\013C\341\016\241\021\316\007"
 985      57882764 
 985      2E41820B 
ARM GAS  /var/folders/t2/7bcnkrz10_lcdd2nm4q03l7w0000gn/T//cc5OdGIi.s 			page 32


 985      43E10EA1 
 985      11CE07
 986 0296 4375880A 		.ascii	"Cu\210\012\010\011v\007\203\247\224 \332\265#\302I\027"
 986      08097607 
 986      83A79420 
 986      DAB523C2 
 986      4917
 987 02a8 DC03D289 		.ascii	"\334\003\322\211\341j\270\017\001x\014=\360\010\036"
 987      E16AB80F 
 987      01780C3D 
 987      F0081E
 988 02b7 B00D3E9E 		.ascii	"\260\015>\236_\013\225!\371\023\013\337\200+!\205'\306"
 988      5F0B9521 
 988      F9130BDF 
 988      802B2185 
 988      27C6
 989 02c9 EEC2CD89 		.ascii	"\356\302\315\211~\261,n\341\372\321\2740\003+\357\373"
 989      7EB12C6E 
 989      E1FAD1BC 
 989      30032BEF 
 989      FB
 990 02da FFF2B865 		.ascii	"\377\362\270e\217\017W\351\202\243\353\345B}\312XG\032"
 990      8F0F57E9 
 990      82A3EBE5 
 990      427DCA58 
 990      471A
 991 02ec CE8CEFA8 		.ascii	"\316\214\357\250>\036\353gc}\304\312\324\025\331z\300"
 991      3E1EEB67 
 991      637DC4CA 
 991      D415D97A 
 991      C0
 992 02fd A07CB194 		.ascii	"\240|\261\224\035CX\344\037,\"\013\377\324q\361x\244"
 992      1D4358E4 
 992      1F2C220B 
 992      FFD471F1 
 992      78A4
 993 030f 1CF4BD1C 		.ascii	"\034\364\275\034<z\250\243s\274\352\277\\y\220UU\027"
 993      3C7AA8A3 
 993      73BCEABF 
 993      5C799055 
 993      5517
 994 0321 8E1CBE18 		.ascii	"\216\034\276\030m\210S\276ut\257\304\2060u\230O,\340"
 994      6D8853BE 
 994      7574AFC4 
 994      86307598 
 994      4F2CE0
 995 0334 AAD9FB96 		.ascii	"\252\331\373\226\307\346\020\006a\000\206&\376\257\304"
 995      C7E61006 
 995      61008626 
 995      FEAFC4
 996 0343 3EE66BA8 		.ascii	">\346k\250\253\271Se\010\025\030\201\240\002\236F\025"
 996      ABB95365 
 996      08151881 
 996      A0029E46 
 996      15
 997 0354 57062283 		.ascii	"W\006\"\203\345G\271\302\023\271\351\035E\365\247\243"
 997      E547B9C2 
ARM GAS  /var/folders/t2/7bcnkrz10_lcdd2nm4q03l7w0000gn/T//cc5OdGIi.s 			page 33


 997      13B9E91D 
 997      45F5A7A3 
 998 0364 FBD981E4 		.ascii	"\373\331\201\344\244>\311/R\257}\013uP\277\004%\364"
 998      A43EC92F 
 998      52AF7D0B 
 998      7550BF04 
 998      25F4
 999 0376 24F59417 		.ascii	"$\365\224\027nQ\271\275~\247\204\004\2037\357$u\227"
 999      6E51B9BD 
 999      7EA78404 
 999      8337EF24 
 999      7597
 1000 0388 AD74BB69 		.ascii	"\255t\273i\341\271\037\234\324\003`c\375J\0327\336\220"
 1000      E1B91F9C 
 1000      D4036063 
 1000      FD4A1A37 
 1000      DE90
 1001 039a 5168A0BB 		.ascii	"Qh\240\273\331\004\034\205\036\220\370\234\242h9\245"
 1001      D9041C85 
 1001      1E90F89C 
 1001      A26839A5 
 1002 03aa 798858B7 		.ascii	"y\210X\267\275\314'\341\016i\000\317>\007FV\"\\R\247"
 1002      BDCC27E1 
 1002      0E6900CF 
 1002      3E074656 
 1002      225C52A7 
 1003 03be 54101590 		.ascii	"T\020\025\220\272\350.[\227+6\217\262B\016\012%\036"
 1003      BAE82E5B 
 1003      972B368F 
 1003      B2420E0A 
 1003      251E
 1004 03d0 64F81CD4 		.ascii	"d\370\034\324PbwJ\2056?\315v\357v:\033\307\354N\275"
 1004      5062774A 
 1004      85363FCD 
 1004      76EF763A 
 1004      1BC7EC4E 
 1005 03e5 8BFA9C92 		.ascii	"\213\372\234\222\327Oc$\217\335\271\313kw\002\365\324"
 1005      D74F6324 
 1005      8FDDB9CB 
 1005      6B7702F5 
 1005      D4
 1006 03f6 51C94329 		.ascii	"Q\311C)\270\360\255\030\021S\354\361\343\203\217N\226"
 1006      B8F0AD18 
 1006      1153ECF1 
 1006      E3838F4E 
 1006      96
 1007 0407 BC761773 		.ascii	"\274v\027s\021C\275\324i\363\316/n\313\3077L\2466\306"
 1007      1143BDD4 
 1007      69F3CE2F 
 1007      6ECBC737 
 1007      4CA636C6 
 1008 041b 582879FC 		.ascii	"X(y\374\312\273\013\215I^\352\212\301\014\011\345Q\003"
 1008      CABB0B8D 
 1008      495EEA8A 
 1008      C10C09E5 
 1008      5103
 1009 042d 6B30793D 		.ascii	"k0y=> u>\233\220d\233\242\227\217i\2457\221\337c\325"
ARM GAS  /var/folders/t2/7bcnkrz10_lcdd2nm4q03l7w0000gn/T//cc5OdGIi.s 			page 34


 1009      3E20753E 
 1009      9B90649B 
 1009      A2978F69 
 1009      A53791DF 
 1010 0443 427555F7 		.ascii	"BuU\367Ya\200\215q\377\376\262m\362Y\016d\252k>\001"
 1010      5961808D 
 1010      71FFFEB2 
 1010      6DF2590E 
 1010      64AA6B3E 
 1011 0458 3A452FEE 		.ascii	":E/\356\024\310\214\355%th\340@\305\267{\250\217MMl"
 1011      14C88CED 
 1011      257468E0 
 1011      40C5B77B 
 1011      A88F4D4D 
 1012 046d C74358DE 		.ascii	"\307CX\336\036\354\327\361\031<\205y\335j\361\274B,"
 1012      1EECD7F1 
 1012      193C8579 
 1012      DD6AF1BC 
 1012      422C
 1013 047f BB3E4C69 		.ascii	"\273>Li\004\262\364- \011\012K\022\024V\245\2321\002"
 1013      04B2F42D 
 1013      20090A4B 
 1013      121456A5 
 1013      9A3102
 1014 0492 4F860370 		.ascii	"O\206\003p\220\025\207\006\374L\025\312y.\344\226)e"
 1014      90158706 
 1014      FC4C15CA 
 1014      792EE496 
 1014      2965
 1015 04a4 BB1D4534 		.ascii	"\273\035E4V\256U\203\037\233B\251\344\024I\241T\004"
 1015      56AE5583 
 1015      1F9B42A9 
 1015      E41449A1 
 1015      5404
 1016 04b6 290DF83D 		.ascii	")\015\370=+\224nNiU\211\227\331oYK\376\321\357B\267"
 1016      2B946E4E 
 1016      69558997 
 1016      D96F594B 
 1016      FED1EF42 
 1017 04cb 3D2910F8 		.ascii	"=)\020\370\306v7\327\356\323\204\304F \030\274\267\375"
 1017      C67637D7 
 1017      EED384C4 
 1017      462018BC 
 1017      B7FD
 1018 04dd 42F5F8F7 		.ascii	"B\365\370\367\344\024\224m\267\221\375^\013\233\033"
 1018      E414946D 
 1018      B791FD5E 
 1018      0B9B1B
 1019 04ec F77489EC 		.ascii	"\367t\211\354\274\333(\260ct\360\373\255\303\352\347"
 1019      BCDB28B0 
 1019      6374F0FB 
 1019      ADC3EAE7 
 1020 04fc E7DD03A2 		.ascii	"\347\335\003\242\234w\233\005\262I&\037\0359\375\263"
 1020      9C779B05 
 1020      B249261F 
 1020      1D39FDB3 
 1021 050c 66460976 		.ascii	"fF\011v\275\265\240\237w\275Yp\360\3018\370`\316\252"
ARM GAS  /var/folders/t2/7bcnkrz10_lcdd2nm4q03l7w0000gn/T//cc5OdGIi.s 			page 35


 1021      BDB5A09F 
 1021      77BD5970 
 1021      F0C138F8 
 1021      60CEAA
 1022 051f 666E77D1 		.ascii	"fnw\321\300\215\232\003\340\021z\361S\251\006\371$ "
 1022      C08D9A03 
 1022      E0117AF1 
 1022      53A906F9 
 1022      2420
 1023 0531 03002760 		.ascii	"\003\000'`\3361\025Q\2551Y\343f\033\027\2545\2572/]"
 1023      DE311551 
 1023      AD3159E3 
 1023      661B17AC 
 1023      35AF322F 
 1024 0546 66CCB218 		.ascii	"f\314\262\030\327&\247\033\323\315\253\214\026k\216"
 1024      D726A71B 
 1024      D3CDAB8C 
 1024      166B8E
 1025 0555 2939C362 		.ascii	")9\303b\314\314MO\347\317\263S\304EKV\304.\210O$\323"
 1025      CCCC4D4F 
 1025      E7CFB353 
 1025      C4454B56 
 1025      C42E884F 
 1026 056b 42966727 		.ascii	"B\226g'$\247\276775!\205\204eX\326$YU\331\271Vm\256"
 1026      24A7BE37 
 1026      37352185 
 1026      846558D6 
 1026      245955D9 
 1027 0583 39D3FA41 		.ascii	"9\323\372A\222U\215\234\325\032\213\371\033S\2225\354"
 1027      92558D9C 
 1027      D51A8BF9 
 1027      1B539235 
 1027      EC
 1028 0594 EB1CB3D5 		.ascii	"\353\034\263\325\2443gZ\254\311\231)\246\244\254\324"
 1028      A433675A 
 1028      ACC99929 
 1028      A6A4ACD4 
 1029 05a4 548BC91A 		.ascii	"T\213\311\032\265\004\265\226\311Z\237.^\036\226\233"
 1029      B504B596 
 1029      C95A9F2E 
 1029      5E1E969B 
 1030 05b4 899EDE31 		.ascii	"\211\236\3361\256\260\230r,\3064Sjj\216i\303\206\344"
 1030      AEB09872 
 1030      2CC63453 
 1030      6A6A8E69 
 1030      C386E4
 1031 05c7 2CE34293 		.ascii	",\343B\223\345+kV\266\361\303\217\023\347\314]\034?"
 1031      E52B6B56 
 1031      B6F1C38F 
 1031      13E7CC5D 
 1031      1C3F
 1032 05d9 EBF345CB 		.ascii	"\353\363E\313\023\310\314W\366\276\226\250\326eX#\306"
 1032      13C8CC57 
 1032      F6BE96A8 
 1032      D6655823 
 1032      C6
 1033 05ea 6BA9E213 		.ascii	"k\251\342\023HxrN\306\272D\323\254\014\022\221\222\225"
ARM GAS  /var/folders/t2/7bcnkrz10_lcdd2nm4q03l7w0000gn/T//cc5OdGIi.s 			page 36


 1033      4878724E 
 1033      C6BA44D3 
 1033      AC0C1291 
 1033      9295
 1034 05fc 6335AD9F 		.ascii	"c5\255\237\225\221H4\262K\313\253Kc\333\254IK4[\\\272"
 1034      95914834 
 1034      B24BCBAB 
 1034      4B63DBAC 
 1034      494B345B 
 1035 0612 2ACD9462 		.ascii	"*\315\224b\375(\323l\375\017\337S\204;"
 1035      FD28D36C 
 1035      FD0FDF53 
 1035      843B
 1036              		.text
 1037              		.section	.gnu.lto_.symtab.e2a84d17c1d710fa,"e",%progbits
 1038 0000 6E756C6C 		.ascii	"nullObjectInit\000"
 1038      4F626A65 
 1038      6374496E 
 1038      697400
 1039 000f 00       		.ascii	"\000"
 1040 0010 00       		.ascii	"\000"
 1041 0011 00       		.ascii	"\000"
 1042 0012 00000000 		.ascii	"\000\000\000\000\000\000\000\000"
 1042      00000000 
 1043 001a 0B010000 		.ascii	"\013\001\000\000"
 1044              		.text
 1045              		.section	.gnu.lto_.ext_symtab.e2a84d17c1d710fa,"e",%progbits
 1046 0000 01       		.ascii	"\001"
 1047 0001 01       		.ascii	"\001"
 1048 0002 00       		.ascii	"\000"
 1049              		.text
 1050              		.section	.gnu.lto_.opts,"e",%progbits
 1051 0000 272D666E 		.ascii	"'-fno-openmp' '-fno-openacc' '-fno-pie' '-fcf-prote"
 1051      6F2D6F70 
 1051      656E6D70 
 1051      2720272D 
 1051      666E6F2D 
 1052 0033 6374696F 		.ascii	"ction=none' '-g' '-mcpu=cortex-m7' '-mthumb' '-mflo"
 1052      6E3D6E6F 
 1052      6E652720 
 1052      272D6727 
 1052      20272D6D 
 1053 0066 61742D61 		.ascii	"at-abi=soft' '-mlibarch=armv7e-m' '-march=armv7e-m'"
 1053      62693D73 
 1053      6F667427 
 1053      20272D6D 
 1053      6C696261 
 1054 0099 20272D4F 		.ascii	" '-O2' '-fomit-frame-pointer' '-falign-functions=16"
 1054      32272027 
 1054      2D666F6D 
 1054      69742D66 
 1054      72616D65 
 1055 00cc 2720272D 		.ascii	"' '-ffunction-sections' '-fdata-sections' '-fno-com"
 1055      6666756E 
 1055      6374696F 
 1055      6E2D7365 
 1055      6374696F 
ARM GAS  /var/folders/t2/7bcnkrz10_lcdd2nm4q03l7w0000gn/T//cc5OdGIi.s 			page 37


 1056 00ff 6D6F6E27 		.ascii	"mon' '-flto' '-Xassembler' '-alms=./build/lst/nulls"
 1056      20272D66 
 1056      6C746F27 
 1056      20272D58 
 1056      61737365 
 1057 0132 74726561 		.ascii	"treams.lst'\000"
 1057      6D732E6C 
 1057      73742700 
 1058              		.text
 1059              		.comm	__gnu_lto_slim,1,1
 1060              		.ident	"GCC: (Arm GNU Toolchain 13.3.Rel1 (Build arm-13.24)) 13.3.1 20240614"
ARM GAS  /var/folders/t2/7bcnkrz10_lcdd2nm4q03l7w0000gn/T//cc5OdGIi.s 			page 38


DEFINED SYMBOLS
                            *ABS*:00000000 nullstreams.c
/var/folders/t2/7bcnkrz10_lcdd2nm4q03l7w0000gn/T//cc5OdGIi.s:24     .gnu.debuglto_.debug_info:00000000 nullstreams.c.6af43f6c
                            *COM*:00000001 __gnu_lto_slim

NO UNDEFINED SYMBOLS
