ARM GAS  /var/folders/t2/7bcnkrz10_lcdd2nm4q03l7w0000gn/T//cc3z8vZu.s 			page 1


   1              		.cpu cortex-m7
   2              		.arch armv7e-m
   3              		.fpu softvfp
   4              		.eabi_attribute 20, 1
   5              		.eabi_attribute 21, 1
   6              		.eabi_attribute 23, 3
   7              		.eabi_attribute 24, 1
   8              		.eabi_attribute 25, 1
   9              		.eabi_attribute 26, 1
  10              		.eabi_attribute 30, 2
  11              		.eabi_attribute 34, 1
  12              		.eabi_attribute 18, 4
  13              		.file	"osal.c"
  14              		.section	.gnu.debuglto_.debug_info,"e",%progbits
  15              	.Ldebug_info0:
  16              		.hidden	osal.c.9c275aff
  17              		.weak	osal.c.9c275aff
  18              	osal.c.9c275aff:
  19 0000 76000000 		.4byte	0x76
  20 0004 0500     		.2byte	0x5
  21 0006 01       		.byte	0x1
  22 0007 04       		.byte	0x4
  23 0008 00000000 		.4byte	.Ldebug_abbrev0
  24 000c 02       		.uleb128 0x2
  25 000d 44000000 		.4byte	.LASF12
  26 0011 1D       		.byte	0x1d
  27 0012 1B010000 		.4byte	.LASF13
  28 0016 7A010000 		.4byte	.LASF14
  29 001a 00000000 		.4byte	.Ldebug_line0
  30 001e 03       		.uleb128 0x3
  31 001f 04       		.byte	0x4
  32 0020 05       		.byte	0x5
  33 0021 696E7400 		.ascii	"int\000"
  34 0025 01       		.uleb128 0x1
  35 0026 04       		.byte	0x4
  36 0027 07       		.byte	0x7
  37 0028 0E000000 		.4byte	.LASF0
  38 002c 01       		.uleb128 0x1
  39 002d 08       		.byte	0x8
  40 002e 05       		.byte	0x5
  41 002f 00000000 		.4byte	.LASF1
  42 0033 01       		.uleb128 0x1
  43 0034 08       		.byte	0x8
  44 0035 04       		.byte	0x4
  45 0036 64010000 		.4byte	.LASF2
  46 003a 01       		.uleb128 0x1
  47 003b 01       		.byte	0x1
  48 003c 06       		.byte	0x6
  49 003d 58010000 		.4byte	.LASF3
  50 0041 01       		.uleb128 0x1
  51 0042 01       		.byte	0x1
  52 0043 08       		.byte	0x8
  53 0044 FF000000 		.4byte	.LASF4
  54 0048 01       		.uleb128 0x1
  55 0049 02       		.byte	0x2
  56 004a 05       		.byte	0x5
  57 004b 70010000 		.4byte	.LASF5
ARM GAS  /var/folders/t2/7bcnkrz10_lcdd2nm4q03l7w0000gn/T//cc3z8vZu.s 			page 2


  58 004f 01       		.uleb128 0x1
  59 0050 02       		.byte	0x2
  60 0051 07       		.byte	0x7
  61 0052 45010000 		.4byte	.LASF6
  62 0056 01       		.uleb128 0x1
  63 0057 04       		.byte	0x4
  64 0058 05       		.byte	0x5
  65 0059 12010000 		.4byte	.LASF7
  66 005d 01       		.uleb128 0x1
  67 005e 04       		.byte	0x4
  68 005f 07       		.byte	0x7
  69 0060 1B000000 		.4byte	.LASF8
  70 0064 01       		.uleb128 0x1
  71 0065 08       		.byte	0x8
  72 0066 07       		.byte	0x7
  73 0067 2D000000 		.4byte	.LASF9
  74 006b 01       		.uleb128 0x1
  75 006c 01       		.byte	0x1
  76 006d 08       		.byte	0x8
  77 006e 0D010000 		.4byte	.LASF10
  78 0072 01       		.uleb128 0x1
  79 0073 01       		.byte	0x1
  80 0074 02       		.byte	0x2
  81 0075 3F010000 		.4byte	.LASF11
  82 0079 00       		.byte	0
  83              		.section	.gnu.debuglto_.debug_abbrev,"e",%progbits
  84              	.Ldebug_abbrev0:
  85 0000 01       		.uleb128 0x1
  86 0001 24       		.uleb128 0x24
  87 0002 00       		.byte	0
  88 0003 0B       		.uleb128 0xb
  89 0004 0B       		.uleb128 0xb
  90 0005 3E       		.uleb128 0x3e
  91 0006 0B       		.uleb128 0xb
  92 0007 03       		.uleb128 0x3
  93 0008 0E       		.uleb128 0xe
  94 0009 00       		.byte	0
  95 000a 00       		.byte	0
  96 000b 02       		.uleb128 0x2
  97 000c 11       		.uleb128 0x11
  98 000d 01       		.byte	0x1
  99 000e 25       		.uleb128 0x25
 100 000f 0E       		.uleb128 0xe
 101 0010 13       		.uleb128 0x13
 102 0011 0B       		.uleb128 0xb
 103 0012 03       		.uleb128 0x3
 104 0013 0E       		.uleb128 0xe
 105 0014 1B       		.uleb128 0x1b
 106 0015 0E       		.uleb128 0xe
 107 0016 10       		.uleb128 0x10
 108 0017 17       		.uleb128 0x17
 109 0018 00       		.byte	0
 110 0019 00       		.byte	0
 111 001a 03       		.uleb128 0x3
 112 001b 24       		.uleb128 0x24
 113 001c 00       		.byte	0
 114 001d 0B       		.uleb128 0xb
ARM GAS  /var/folders/t2/7bcnkrz10_lcdd2nm4q03l7w0000gn/T//cc3z8vZu.s 			page 3


 115 001e 0B       		.uleb128 0xb
 116 001f 3E       		.uleb128 0x3e
 117 0020 0B       		.uleb128 0xb
 118 0021 03       		.uleb128 0x3
 119 0022 08       		.uleb128 0x8
 120 0023 00       		.byte	0
 121 0024 00       		.byte	0
 122 0025 00       		.byte	0
 123              		.section	.gnu.debuglto_.debug_line,"e",%progbits
 124              	.Ldebug_line0:
 125 0000 2D000000 		.4byte	.LELT0-.LSLT0
 126              	.LSLT0:
 127 0004 0500     		.2byte	0x5
 128 0006 04       		.byte	0x4
 129 0007 00       		.byte	0
 130 0008 25000000 		.4byte	.LELTP0-.LASLTP0
 131              	.LASLTP0:
 132 000c 01       		.byte	0x1
 133 000d 01       		.byte	0x1
 134 000e 01       		.byte	0x1
 135 000f F6       		.byte	0xf6
 136 0010 F2       		.byte	0xf2
 137 0011 0D       		.byte	0xd
 138 0012 00       		.byte	0
 139 0013 01       		.byte	0x1
 140 0014 01       		.byte	0x1
 141 0015 01       		.byte	0x1
 142 0016 01       		.byte	0x1
 143 0017 00       		.byte	0
 144 0018 00       		.byte	0
 145 0019 00       		.byte	0
 146 001a 01       		.byte	0x1
 147 001b 00       		.byte	0
 148 001c 00       		.byte	0
 149 001d 01       		.byte	0x1
 150 001e 01       		.byte	0x1
 151 001f 01       		.uleb128 0x1
 152 0020 1F       		.uleb128 0x1f
 153 0021 01       		.uleb128 0x1
 154 0022 24000000 		.4byte	.LASF15
 155 0026 02       		.byte	0x2
 156 0027 01       		.uleb128 0x1
 157 0028 1F       		.uleb128 0x1f
 158 0029 02       		.uleb128 0x2
 159 002a 0B       		.uleb128 0xb
 160 002b 01       		.uleb128 0x1
 161 002c 00000000 		.4byte	.LASF16
 162 0030 00       		.byte	0
 163              	.LELTP0:
 164              	.LELT0:
 165              		.section	.gnu.debuglto_.debug_str,"eMS",%progbits,1
 166              	.LASF1:
 167 0000 6C6F6E67 		.ascii	"long long int\000"
 167      206C6F6E 
 167      6720696E 
 167      7400
 168              	.LASF0:
ARM GAS  /var/folders/t2/7bcnkrz10_lcdd2nm4q03l7w0000gn/T//cc3z8vZu.s 			page 4


 169 000e 756E7369 		.ascii	"unsigned int\000"
 169      676E6564 
 169      20696E74 
 169      00
 170              	.LASF8:
 171 001b 6C6F6E67 		.ascii	"long unsigned int\000"
 171      20756E73 
 171      69676E65 
 171      6420696E 
 171      7400
 172              	.LASF9:
 173 002d 6C6F6E67 		.ascii	"long long unsigned int\000"
 173      206C6F6E 
 173      6720756E 
 173      7369676E 
 173      65642069 
 174              	.LASF12:
 175 0044 474E5520 		.ascii	"GNU C17 13.3.1 20240614 -mcpu=cortex-m7 -mthumb -mf"
 175      43313720 
 175      31332E33 
 175      2E312032 
 175      30323430 
 176 0077 6C6F6174 		.ascii	"loat-abi=soft -march=armv7e-m -ggdb -O2 -fomit-fram"
 176      2D616269 
 176      3D736F66 
 176      74202D6D 
 176      61726368 
 177 00aa 652D706F 		.ascii	"e-pointer -falign-functions=16 -ffunction-sections "
 177      696E7465 
 177      72202D66 
 177      616C6967 
 177      6E2D6675 
 178 00dd 2D666461 		.ascii	"-fdata-sections -fno-common -flto\000"
 178      74612D73 
 178      65637469 
 178      6F6E7320 
 178      2D666E6F 
 179              	.LASF4:
 180 00ff 756E7369 		.ascii	"unsigned char\000"
 180      676E6564 
 180      20636861 
 180      7200
 181              	.LASF10:
 182 010d 63686172 		.ascii	"char\000"
 182      00
 183              	.LASF7:
 184 0112 6C6F6E67 		.ascii	"long int\000"
 184      20696E74 
 184      00
 185              	.LASF13:
 186 011b 2E2F4368 		.ascii	"./ChibiOS/os/hal/osal/rt-nil/osal.c\000"
 186      6962694F 
 186      532F6F73 
 186      2F68616C 
 186      2F6F7361 
 187              	.LASF11:
 188 013f 5F426F6F 		.ascii	"_Bool\000"
ARM GAS  /var/folders/t2/7bcnkrz10_lcdd2nm4q03l7w0000gn/T//cc3z8vZu.s 			page 5


 188      6C00
 189              	.LASF6:
 190 0145 73686F72 		.ascii	"short unsigned int\000"
 190      7420756E 
 190      7369676E 
 190      65642069 
 190      6E7400
 191              	.LASF3:
 192 0158 7369676E 		.ascii	"signed char\000"
 192      65642063 
 192      68617200 
 193              	.LASF2:
 194 0164 6C6F6E67 		.ascii	"long double\000"
 194      20646F75 
 194      626C6500 
 195              	.LASF5:
 196 0170 73686F72 		.ascii	"short int\000"
 196      7420696E 
 196      7400
 197              	.LASF14:
 198 017a 2F557365 		.ascii	"/Users/jeffreyyao/Desktop/FK723M1-ZGT6\000"
 198      72732F6A 
 198      65666672 
 198      65797961 
 198      6F2F4465 
 199              		.section	.gnu.debuglto_.debug_line_str,"eMS",%progbits,1
 200              	.LASF16:
 201 0000 2E2F4368 		.ascii	"./ChibiOS/os/hal/osal/rt-nil/osal.c\000"
 201      6962694F 
 201      532F6F73 
 201      2F68616C 
 201      2F6F7361 
 202              	.LASF15:
 203 0024 2F557365 		.ascii	"/Users/jeffreyyao/Desktop/FK723M1-ZGT6\000"
 203      72732F6A 
 203      65666672 
 203      65797961 
 203      6F2F4465 
 204              		.text
 205              		.section	.gnu.lto_.profile.17775525b7adf4a6,"e",%progbits
 206 0000 789C6362 		.ascii	"x\234cb\000\001\000\000\022\000\003"
 206      00010000 
 206      120003
 207              		.text
 208              		.section	.gnu.lto_.icf.17775525b7adf4a6,"e",%progbits
 209 0000 789C6362 		.ascii	"x\234cb@\006\000\000*\000\003"
 209      40060000 
 209      2A0003
 210              		.text
 211              		.section	.gnu.lto_.ipa_sra.17775525b7adf4a6,"e",%progbits
 212 0000 789C6362 		.ascii	"x\234cb@\006\000\000*\000\003"
 212      40060000 
 212      2A0003
 213              		.text
 214              		.section	.gnu.lto_.inline.17775525b7adf4a6,"e",%progbits
 215 0000 789C6362 		.ascii	"x\234cb@\006\000\000*\000\003"
 215      40060000 
ARM GAS  /var/folders/t2/7bcnkrz10_lcdd2nm4q03l7w0000gn/T//cc3z8vZu.s 			page 6


 215      2A0003
 216              		.text
 217              		.section	.gnu.lto_.jmpfuncs.17775525b7adf4a6,"e",%progbits
 218 0000 789C6362 		.ascii	"x\234cb@\006\000\000*\000\003"
 218      40060000 
 218      2A0003
 219              		.text
 220              		.section	.gnu.lto_.pureconst.17775525b7adf4a6,"e",%progbits
 221 0000 789C6364 		.ascii	"x\234cd\000\002\000\000\012\000\002"
 221      00020000 
 221      0A0002
 222              		.text
 223              		.section	.gnu.lto_.ipa_modref.17775525b7adf4a6,"e",%progbits
 224 0000 789C6362 		.ascii	"x\234cb@\006\000\000*\000\003"
 224      40060000 
 224      2A0003
 225              		.text
 226              		.section	.gnu.lto_.lto.17775525b7adf4a6,"e",%progbits
 227 0000 0D000100 		.ascii	"\015\000\001\000\001\000\000\000"
 227      01000000 
 228              		.text
 229              		.section	.gnu.lto_.symbol_nodes.17775525b7adf4a6,"e",%progbits
 230 0000 789C6362 		.ascii	"x\234cb\000\001\000\000\022\000\003"
 230      00010000 
 230      120003
 231              		.text
 232              		.section	.gnu.lto_.refs.17775525b7adf4a6,"e",%progbits
 233 0000 789C6364 		.ascii	"x\234cd\000\002\000\000\012\000\002"
 233      00020000 
 233      0A0002
 234              		.text
 235              		.section	.gnu.lto_.decls.17775525b7adf4a6,"e",%progbits
 236 0000 789C6360 		.ascii	"x\234c````\004b\036 \376\017\004 \366u\006(\000\000"
 236      60606004 
 236      621E20FE 
 236      0F0420F6 
 236      75062800 
 237 0015 469004E2 		.ascii	"F\220\004\342"
 238              		.text
 239              		.section	.gnu.lto_.symtab.17775525b7adf4a6,"e",%progbits
 240              		.text
 241              		.section	.gnu.lto_.ext_symtab.17775525b7adf4a6,"e",%progbits
 242 0000 01       		.ascii	"\001"
 243              		.text
 244              		.section	.gnu.lto_.opts,"e",%progbits
 245 0000 272D666E 		.ascii	"'-fno-openmp' '-fno-openacc' '-fno-pie' '-fcf-prote"
 245      6F2D6F70 
 245      656E6D70 
 245      2720272D 
 245      666E6F2D 
 246 0033 6374696F 		.ascii	"ction=none' '-g' '-mcpu=cortex-m7' '-mthumb' '-mflo"
 246      6E3D6E6F 
 246      6E652720 
 246      272D6727 
 246      20272D6D 
 247 0066 61742D61 		.ascii	"at-abi=soft' '-mlibarch=armv7e-m' '-march=armv7e-m'"
 247      62693D73 
ARM GAS  /var/folders/t2/7bcnkrz10_lcdd2nm4q03l7w0000gn/T//cc3z8vZu.s 			page 7


 247      6F667427 
 247      20272D6D 
 247      6C696261 
 248 0099 20272D4F 		.ascii	" '-O2' '-fomit-frame-pointer' '-falign-functions=16"
 248      32272027 
 248      2D666F6D 
 248      69742D66 
 248      72616D65 
 249 00cc 2720272D 		.ascii	"' '-ffunction-sections' '-fdata-sections' '-fno-com"
 249      6666756E 
 249      6374696F 
 249      6E2D7365 
 249      6374696F 
 250 00ff 6D6F6E27 		.ascii	"mon' '-flto' '-Xassembler' '-alms=./build/lst/osal."
 250      20272D66 
 250      6C746F27 
 250      20272D58 
 250      61737365 
 251 0132 6C737427 		.ascii	"lst'\000"
 251      00
 252              		.text
 253              		.comm	__gnu_lto_slim,1,1
 254              		.ident	"GCC: (Arm GNU Toolchain 13.3.Rel1 (Build arm-13.24)) 13.3.1 20240614"
ARM GAS  /var/folders/t2/7bcnkrz10_lcdd2nm4q03l7w0000gn/T//cc3z8vZu.s 			page 8


DEFINED SYMBOLS
                            *ABS*:00000000 osal.c
/var/folders/t2/7bcnkrz10_lcdd2nm4q03l7w0000gn/T//cc3z8vZu.s:18     .gnu.debuglto_.debug_info:00000000 osal.c.9c275aff
                            *COM*:00000001 __gnu_lto_slim

NO UNDEFINED SYMBOLS
